{"/home/david/qlobber-fsq/Gruntfile.js":{"path":"/home/david/qlobber-fsq/Gruntfile.js","s":{"1":1,"2":1,"3":1,"4":1,"5":1,"6":1,"7":1,"8":1,"9":1,"10":1,"11":1,"12":1,"13":1,"14":1,"15":1,"16":1},"b":{"1":[1,0]},"f":{"1":1},"fnMap":{"1":{"name":"(anonymous_1)","line":6,"loc":{"start":{"line":6,"column":17},"end":{"line":7,"column":0}}}},"statementMap":{"1":{"start":{"line":4,"column":0},"end":{"line":4,"column":54}},"2":{"start":{"line":6,"column":0},"end":{"line":84,"column":2}},"3":{"start":{"line":8,"column":4},"end":{"line":68,"column":7}},"4":{"start":{"line":70,"column":4},"end":{"line":70,"column":39}},"5":{"start":{"line":71,"column":4},"end":{"line":71,"column":43}},"6":{"start":{"line":72,"column":4},"end":{"line":72,"column":39}},"7":{"start":{"line":73,"column":4},"end":{"line":73,"column":37}},"8":{"start":{"line":75,"column":4},"end":{"line":75,"column":45}},"9":{"start":{"line":76,"column":4},"end":{"line":76,"column":52}},"10":{"start":{"line":77,"column":4},"end":{"line":77,"column":58}},"11":{"start":{"line":78,"column":4},"end":{"line":78,"column":56}},"12":{"start":{"line":79,"column":4},"end":{"line":79,"column":60}},"13":{"start":{"line":80,"column":4},"end":{"line":80,"column":71}},"14":{"start":{"line":81,"column":4},"end":{"line":81,"column":54}},"15":{"start":{"line":82,"column":4},"end":{"line":82,"column":46}},"16":{"start":{"line":83,"column":4},"end":{"line":83,"column":59}}},"branchMap":{"1":{"line":48,"type":"cond-expr","locations":[{"start":{"line":48,"column":143},"end":{"line":48,"column":145},"skip":true},{"start":{"line":48,"column":148},"end":{"line":48,"column":191}}]}}},"/home/david/qlobber-fsq/index.js":{"path":"/home/david/qlobber-fsq/index.js","s":{"1":1},"b":{},"f":{},"fnMap":{},"statementMap":{"1":{"start":{"line":3,"column":0},"end":{"line":3,"column":46}}},"branchMap":{}},"/home/david/qlobber-fsq/lib/qlobber-fsq.js":{"path":"/home/david/qlobber-fsq/lib/qlobber-fsq.js","s":{"1":1,"2":1,"3":1,"4":23619,"5":23619,"6":23619,"7":23619,"8":23619,"9":23619,"10":23618,"11":1,"12":1,"13":23618,"14":23618,"15":23618,"16":1,"17":180,"18":180,"19":180,"20":180,"21":180,"22":180,"23":180,"24":180,"25":180,"26":180,"27":180,"28":180,"29":180,"30":180,"31":180,"32":180,"33":180,"34":180,"35":180,"36":180,"37":180,"38":180,"39":73695,"40":180,"41":180,"42":180,"43":180,"44":180,"45":180,"46":493520,"47":90463,"48":90463,"49":43173,"50":43150,"51":43150,"52":90463,"53":0,"54":493520,"55":180,"56":180,"57":180,"58":2409968,"59":179,"60":179,"61":2409968,"62":180,"63":95156,"64":1,"65":1,"66":1,"67":1,"68":73656,"69":73656,"70":0,"71":73656,"72":73656,"73":0,"74":73656,"75":73656,"76":73653,"77":3,"78":3,"79":3,"80":0,"81":3,"82":3,"83":1,"84":47317,"85":47317,"86":47317,"87":23634,"88":23634,"89":23683,"90":23683,"91":1,"92":48,"93":48,"94":48,"95":15,"96":15,"97":33,"98":1,"99":18,"100":18,"101":18,"102":1,"103":18,"104":17,"105":1,"106":1,"107":1,"108":0,"109":1,"110":1,"111":23645,"112":23645,"113":23619,"114":23619,"115":23619,"116":23645,"117":23644,"118":0,"119":23644,"120":1,"121":73699,"122":50007,"123":23692,"124":1,"125":70,"126":70,"127":16,"128":70,"129":23692,"130":1,"131":30,"132":1,"133":29,"134":1,"135":29,"136":12,"137":29,"138":1,"139":32,"140":32,"141":32,"142":14,"143":18,"144":29,"145":11,"146":18,"147":1,"148":23653,"149":23653,"150":23653,"151":23680,"152":23680,"153":35,"154":23645,"155":23653,"156":23652,"157":29,"158":23623,"159":23653,"160":1,"161":1,"162":0,"163":1,"164":23692,"165":9,"166":0,"167":9,"168":23683,"169":0,"170":23683,"171":59,"172":59,"173":26,"174":33,"175":33,"176":58,"177":58,"178":29,"179":33,"180":29,"181":29,"182":0,"183":33,"184":4,"185":4,"186":23624,"187":1,"188":71650,"189":150237,"190":0,"191":150237,"192":1,"193":150237,"194":150237,"195":43654,"196":106583,"197":150237,"198":70,"199":150237,"200":150237,"201":43641,"202":43641,"203":43641,"204":43639,"205":2,"206":2,"207":2,"208":106596,"209":106596,"210":106596,"211":73655,"212":106596,"213":106591,"214":106591,"215":37317,"216":37317,"217":37316,"218":37316,"219":106591,"220":106596,"221":75,"222":75,"223":75,"224":4,"225":71,"226":68,"227":7,"228":106521,"229":73635,"230":73635,"231":73635,"232":4,"233":4,"234":73631,"235":32886,"236":1,"237":71592,"238":71592,"239":150179,"240":0,"241":1,"242":150179,"243":0,"244":150179,"245":0,"246":150179,"247":150179,"248":150179,"249":76523,"250":73656,"251":1,"252":1736530,"253":1,"254":1736530,"255":32,"256":1736498,"257":1736530,"258":1664880,"259":71650,"260":180,"261":6793,"262":6793,"263":0,"264":6793,"265":6793,"266":6793,"267":6793,"268":0,"269":6793,"270":0,"271":0,"272":6793,"273":1736530,"274":1736530,"275":1612280,"276":1612280,"277":1612275,"278":1612275,"279":124250,"280":124250,"281":124250,"282":124250,"283":0,"284":124250,"285":0,"286":124250,"287":124223,"288":124223,"289":124223,"290":124223,"291":6761,"292":0,"293":6761,"294":179,"295":179,"296":6761,"297":6760,"298":180,"299":194103,"300":194103,"301":194103,"302":180,"303":180,"304":45959,"305":180,"306":180,"307":180,"308":180,"309":180,"310":1,"311":179,"312":179,"313":122,"314":31232,"315":179,"316":179,"317":0,"318":179,"319":179,"320":122,"321":31232,"322":179,"323":45703,"324":45703,"325":14627,"326":45703,"327":14627,"328":179,"329":30149,"330":30149,"331":179,"332":0,"333":179,"334":179,"335":0,"336":179,"337":0,"338":179,"339":179,"340":176,"341":176,"342":72124,"343":72124,"344":0,"345":0,"346":1,"347":1,"348":185,"349":185,"350":23,"351":1,"352":3,"353":1,"354":1,"355":1,"356":3,"357":1,"358":2,"359":1,"360":1,"361":3,"362":3,"363":1,"364":24150,"365":24150,"366":24150,"367":1,"368":24150,"369":4,"370":4,"371":4,"372":24150,"373":26,"374":26,"375":24150,"376":24150,"377":24150,"378":24150,"379":24150,"380":24150,"381":24150,"382":24150,"383":24150,"384":1,"385":24153,"386":1,"387":1,"388":1,"389":1,"390":1,"391":1,"392":1,"393":1,"394":24152,"395":1,"396":47759,"397":47759,"398":23610,"399":23610,"400":24149,"401":0,"402":24149,"403":24149,"404":0,"405":0,"406":24149,"407":24149,"408":24144,"409":24149,"410":24149,"411":1,"412":24149,"413":24146,"414":3,"415":3,"416":3,"417":0,"418":3,"419":24150,"420":24150,"421":1,"422":1,"423":24150,"424":24149,"425":24149,"426":24150,"427":24150,"428":4,"429":24146,"430":24145,"431":1,"432":72408,"433":375,"434":375,"435":375,"436":72033,"437":1,"438":201,"439":22,"440":22,"441":22,"442":179,"443":179,"444":176,"445":176,"446":179,"447":146,"448":146,"449":146,"450":179,"451":178,"452":178,"453":0,"454":1,"455":72229,"456":0,"457":72229,"458":229,"459":72000,"460":1,"461":105,"462":105,"463":1},"b":{"1":[180,0],"2":[180,1],"3":[180,179],"4":[180,174],"5":[180,174],"6":[180,179],"7":[180,180],"8":[180,179],"9":[180,179],"10":[180,179],"11":[180,175],"12":[180,122],"13":[180,179],"14":[180,179],"15":[178,2],"16":[180,176],"17":[90463,403057],"18":[43150,23],"19":[0,90463],"20":[90463,47313],"21":[179,2409789],"22":[2409968,195],"23":[95156,47273],"24":[0,73656],"25":[0,73656],"26":[73653,3],"27":[0,3],"28":[23634,23683],"29":[23683,0],"30":[23683,23683],"31":[15,33],"32":[33,33],"33":[1,17],"34":[18,1],"35":[17,1],"36":[17,17],"37":[0,1],"38":[1,0],"39":[1,1,1],"40":[23619,26],"41":[0,23644],"42":[50007,23692],"43":[73699,23692],"44":[68,23624],"45":[16,54],"46":[1,29],"47":[12,17],"48":[14,18],"49":[11,18],"50":[29,23624],"51":[35,23645],"52":[29,23623],"53":[0,1],"54":[9,23683],"55":[0,9],"56":[0,23683],"57":[59,23624],"58":[26,33],"59":[59,33],"60":[29,29],"61":[29,0],"62":[0,150237],"63":[43654,106583],"64":[150237,106587],"65":[70,150167],"66":[150237,150161,80],"67":[43641,106596],"68":[43639,2],"69":[106596,106592],"70":[73655,32941],"71":[106591,5],"72":[37316,1],"73":[75,106521],"74":[4,71],"75":[68,3],"76":[73635,32886],"77":[4,73631],"78":[0,150179],"79":[0,150179],"80":[0,150179],"81":[150179,150174],"82":[76523,73656],"83":[32,1736498],"84":[1664880,71650],"85":[0,6793],"86":[0,6793],"87":[0,6793],"88":[6793,6793],"89":[1612280,124250],"90":[0,124250],"91":[0,124250],"92":[0,6761],"93":[179,6582],"94":[6760,1],"95":[194083,20],"96":[1,179],"97":[180,58],"98":[122,57],"99":[0,179],"100":[179,57],"101":[122,57],"102":[14627,31076],"103":[14627,31076],"104":[0,30149],"105":[30149,610],"106":[0,179],"107":[0,179],"108":[0,179],"109":[176,3],"110":[72124,0],"111":[23,162],"112":[1,2],"113":[1,2],"114":[1,1],"115":[3,0],"116":[4,24146],"117":[24150,4],"118":[26,24124],"119":[24150,30],"120":[24150,49],"121":[17,32],"122":[3,24147],"123":[19,24131],"124":[24150,24150],"125":[24150,24150],"126":[24150,24150],"127":[24135,15],"128":[1,24152],"129":[1,0],"130":[1,0,0],"131":[23610,24149],"132":[0,24149],"133":[24144,5],"134":[24149,24144],"135":[24146,3],"136":[0,3],"137":[24149,0],"138":[4,24146],"139":[24150,4],"140":[375,72033],"141":[22,179],"142":[22,0],"143":[176,3],"144":[146,33],"145":[178,1],"146":[178,0],"147":[0,72229],"148":[229,72000]},"f":{"1":23619,"2":23618,"3":23618,"4":180,"5":73695,"6":493520,"7":2409968,"8":95156,"9":1,"10":73656,"11":3,"12":47317,"13":47317,"14":23634,"15":48,"16":48,"17":15,"18":18,"19":18,"20":1,"21":23645,"22":23644,"23":73699,"24":23692,"25":70,"26":30,"27":29,"28":32,"29":32,"30":23653,"31":23652,"32":1,"33":59,"34":58,"35":29,"36":4,"37":71650,"38":150237,"39":150237,"40":43641,"41":2,"42":75,"43":73635,"44":71592,"45":150179,"46":150179,"47":1736530,"48":1736530,"49":6793,"50":6793,"51":1736530,"52":1612275,"53":124250,"54":124223,"55":6761,"56":194103,"57":180,"58":180,"59":31232,"60":179,"61":31232,"62":30149,"63":30149,"64":179,"65":179,"66":72124,"67":185,"68":3,"69":24150,"70":24150,"71":24153,"72":1,"73":1,"74":47759,"75":47759,"76":0,"77":24149,"78":24149,"79":24149,"80":3,"81":1,"82":24149,"83":24145,"84":72408,"85":201,"86":146,"87":72229,"88":105},"fnMap":{"1":{"name":"CollectStream","line":235,"loc":{"start":{"line":235,"column":0},"end":{"line":236,"column":0}}},"2":{"name":"(anonymous_2)","line":246,"loc":{"start":{"line":246,"column":22},"end":{"line":247,"column":4}}},"3":{"name":"(anonymous_3)","line":254,"loc":{"start":{"line":254,"column":33},"end":{"line":255,"column":0}}},"4":{"name":"QlobberFSQ","line":316,"loc":{"start":{"line":316,"column":0},"end":{"line":317,"column":0}}},"5":{"name":"(anonymous_5)","line":350,"loc":{"start":{"line":350,"column":37},"end":{"line":351,"column":4}}},"6":{"name":"(anonymous_6)","line":374,"loc":{"start":{"line":374,"column":18},"end":{"line":375,"column":4}}},"7":{"name":"(anonymous_7)","line":401,"loc":{"start":{"line":401,"column":20},"end":{"line":402,"column":4}}},"8":{"name":"(anonymous_8)","line":412,"loc":{"start":{"line":412,"column":22},"end":{"line":413,"column":4}}},"9":{"name":"emit_error","line":418,"loc":{"start":{"line":418,"column":4},"end":{"line":419,"column":4}}},"10":{"name":"parse_fname","line":424,"loc":{"start":{"line":424,"column":4},"end":{"line":425,"column":4}}},"11":{"name":"(anonymous_11)","line":449,"loc":{"start":{"line":449,"column":8},"end":{"line":450,"column":8}}},"12":{"name":"close","line":457,"loc":{"start":{"line":457,"column":4},"end":{"line":458,"column":4}}},"13":{"name":"(anonymous_13)","line":459,"loc":{"start":{"line":459,"column":21},"end":{"line":460,"column":8}}},"14":{"name":"(anonymous_14)","line":465,"loc":{"start":{"line":465,"column":34},"end":{"line":466,"column":16}}},"15":{"name":"unlock_and_close","line":475,"loc":{"start":{"line":475,"column":4},"end":{"line":476,"column":4}}},"16":{"name":"(anonymous_16)","line":478,"loc":{"start":{"line":478,"column":27},"end":{"line":479,"column":8}}},"17":{"name":"(anonymous_17)","line":484,"loc":{"start":{"line":484,"column":34},"end":{"line":485,"column":16}}},"18":{"name":"unlink_unlock_and_close","line":494,"loc":{"start":{"line":494,"column":4},"end":{"line":495,"column":4}}},"19":{"name":"(anonymous_19)","line":496,"loc":{"start":{"line":496,"column":29},"end":{"line":497,"column":8}}},"20":{"name":"(anonymous_20)","line":513,"loc":{"start":{"line":513,"column":39},"end":{"line":514,"column":12}}},"21":{"name":"collect","line":527,"loc":{"start":{"line":527,"column":4},"end":{"line":528,"column":4}}},"22":{"name":"(anonymous_22)","line":538,"loc":{"start":{"line":538,"column":24},"end":{"line":539,"column":8}}},"23":{"name":"call_handlers","line":545,"loc":{"start":{"line":545,"column":4},"end":{"line":546,"column":4}}},"24":{"name":"(anonymous_24)","line":553,"loc":{"start":{"line":553,"column":8},"end":{"line":554,"column":8}}},"25":{"name":"multi_callback","line":555,"loc":{"start":{"line":555,"column":12},"end":{"line":556,"column":12}}},"26":{"name":"single_callback","line":564,"loc":{"start":{"line":564,"column":12},"end":{"line":565,"column":12}}},"27":{"name":"cb2","line":569,"loc":{"start":{"line":569,"column":16},"end":{"line":570,"column":16}}},"28":{"name":"truncate","line":575,"loc":{"start":{"line":575,"column":16},"end":{"line":576,"column":16}}},"29":{"name":"(anonymous_29)","line":577,"loc":{"start":{"line":577,"column":40},"end":{"line":578,"column":20}}},"30":{"name":"read","line":602,"loc":{"start":{"line":602,"column":12},"end":{"line":603,"column":12}}},"31":{"name":"(anonymous_31)","line":630,"loc":{"start":{"line":630,"column":35},"end":{"line":631,"column":16}}},"32":{"name":"(anonymous_32)","line":642,"loc":{"start":{"line":642,"column":37},"end":{"line":643,"column":16}}},"33":{"name":"(anonymous_33)","line":667,"loc":{"start":{"line":667,"column":37},"end":{"line":668,"column":16}}},"34":{"name":"(anonymous_34)","line":685,"loc":{"start":{"line":685,"column":42},"end":{"line":686,"column":20}}},"35":{"name":"(anonymous_35)","line":694,"loc":{"start":{"line":694,"column":39},"end":{"line":695,"column":20}}},"36":{"name":"(anonymous_36)","line":706,"loc":{"start":{"line":706,"column":41},"end":{"line":707,"column":20}}},"37":{"name":"make_info_handler","line":720,"loc":{"start":{"line":720,"column":4},"end":{"line":721,"column":4}}},"38":{"name":"(anonymous_38)","line":722,"loc":{"start":{"line":722,"column":15},"end":{"line":723,"column":8}}},"39":{"name":"cb","line":735,"loc":{"start":{"line":735,"column":12},"end":{"line":736,"column":12}}},"40":{"name":"(anonymous_40)","line":758,"loc":{"start":{"line":758,"column":44},"end":{"line":759,"column":16}}},"41":{"name":"(anonymous_41)","line":770,"loc":{"start":{"line":770,"column":47},"end":{"line":771,"column":20}}},"42":{"name":"(anonymous_42)","line":811,"loc":{"start":{"line":811,"column":44},"end":{"line":812,"column":16}}},"43":{"name":"(anonymous_43)","line":829,"loc":{"start":{"line":829,"column":44},"end":{"line":830,"column":16}}},"44":{"name":"make_fname_handler","line":851,"loc":{"start":{"line":851,"column":4},"end":{"line":852,"column":4}}},"45":{"name":"(anonymous_45)","line":855,"loc":{"start":{"line":855,"column":15},"end":{"line":856,"column":8}}},"46":{"name":"cb","line":859,"loc":{"start":{"line":859,"column":12},"end":{"line":860,"column":12}}},"47":{"name":"handle","line":877,"loc":{"start":{"line":877,"column":4},"end":{"line":878,"column":4}}},"48":{"name":"cb2","line":881,"loc":{"start":{"line":881,"column":8},"end":{"line":882,"column":8}}},"49":{"name":"(anonymous_49)","line":898,"loc":{"start":{"line":898,"column":17},"end":{"line":899,"column":4}}},"50":{"name":"(anonymous_50)","line":907,"loc":{"start":{"line":907,"column":8},"end":{"line":908,"column":8}}},"51":{"name":"(anonymous_51)","line":919,"loc":{"start":{"line":919,"column":12},"end":{"line":920,"column":12}}},"52":{"name":"(anonymous_52)","line":936,"loc":{"start":{"line":936,"column":20},"end":{"line":937,"column":20}}},"53":{"name":"(anonymous_53)","line":949,"loc":{"start":{"line":949,"column":20},"end":{"line":950,"column":20}}},"54":{"name":"(anonymous_54)","line":956,"loc":{"start":{"line":956,"column":24},"end":{"line":957,"column":24}}},"55":{"name":"(anonymous_55)","line":965,"loc":{"start":{"line":965,"column":15},"end":{"line":966,"column":12}}},"56":{"name":"(anonymous_56)","line":983,"loc":{"start":{"line":983,"column":26},"end":{"line":984,"column":4}}},"57":{"name":"(anonymous_57)","line":1001,"loc":{"start":{"line":1001,"column":21},"end":{"line":1002,"column":4}}},"58":{"name":"(anonymous_58)","line":1003,"loc":{"start":{"line":1003,"column":33},"end":{"line":1004,"column":8}}},"59":{"name":"(anonymous_59)","line":1011,"loc":{"start":{"line":1011,"column":33},"end":{"line":1012,"column":16}}},"60":{"name":"(anonymous_60)","line":1017,"loc":{"start":{"line":1017,"column":39},"end":{"line":1018,"column":12}}},"61":{"name":"(anonymous_61)","line":1025,"loc":{"start":{"line":1025,"column":39},"end":{"line":1026,"column":20}}},"62":{"name":"(anonymous_62)","line":1046,"loc":{"start":{"line":1046,"column":39},"end":{"line":1047,"column":16}}},"63":{"name":"(anonymous_63)","line":1048,"loc":{"start":{"line":1048,"column":34},"end":{"line":1049,"column":20}}},"64":{"name":"(anonymous_64)","line":1052,"loc":{"start":{"line":1052,"column":19},"end":{"line":1053,"column":16}}},"65":{"name":"(anonymous_65)","line":1061,"loc":{"start":{"line":1061,"column":20},"end":{"line":1062,"column":20}}},"66":{"name":"(anonymous_66)","line":1074,"loc":{"start":{"line":1074,"column":73},"end":{"line":1075,"column":32}}},"67":{"name":"(anonymous_67)","line":1125,"loc":{"start":{"line":1125,"column":33},"end":{"line":1126,"column":0}}},"68":{"name":"(anonymous_68)","line":1142,"loc":{"start":{"line":1142,"column":35},"end":{"line":1143,"column":0}}},"69":{"name":"default_hasher","line":1167,"loc":{"start":{"line":1167,"column":0},"end":{"line":1168,"column":0}}},"70":{"name":"(anonymous_70)","line":1205,"loc":{"start":{"line":1205,"column":31},"end":{"line":1206,"column":0}}},"71":{"name":"errored","line":1254,"loc":{"start":{"line":1254,"column":4},"end":{"line":1255,"column":4}}},"72":{"name":"(anonymous_72)","line":1259,"loc":{"start":{"line":1259,"column":37},"end":{"line":1260,"column":12}}},"73":{"name":"(anonymous_73)","line":1262,"loc":{"start":{"line":1262,"column":39},"end":{"line":1263,"column":16}}},"74":{"name":"rename_and_update","line":1274,"loc":{"start":{"line":1274,"column":4},"end":{"line":1275,"column":4}}},"75":{"name":"(anonymous_75)","line":1276,"loc":{"start":{"line":1276,"column":44},"end":{"line":1277,"column":8}}},"76":{"name":"(anonymous_76)","line":1294,"loc":{"start":{"line":1294,"column":40},"end":{"line":1295,"column":12}}},"77":{"name":"(anonymous_77)","line":1300,"loc":{"start":{"line":1300,"column":40},"end":{"line":1301,"column":12}}},"78":{"name":"(anonymous_78)","line":1305,"loc":{"start":{"line":1305,"column":39},"end":{"line":1306,"column":12}}},"79":{"name":"maybe_split","line":1312,"loc":{"start":{"line":1312,"column":4},"end":{"line":1313,"column":4}}},"80":{"name":"(anonymous_80)","line":1321,"loc":{"start":{"line":1321,"column":56},"end":{"line":1322,"column":8}}},"81":{"name":"(anonymous_81)","line":1330,"loc":{"start":{"line":1330,"column":25},"end":{"line":1331,"column":4}}},"82":{"name":"(anonymous_82)","line":1336,"loc":{"start":{"line":1336,"column":25},"end":{"line":1337,"column":4}}},"83":{"name":"(anonymous_83)","line":1351,"loc":{"start":{"line":1351,"column":24},"end":{"line":1352,"column":4}}},"84":{"name":"(anonymous_84)","line":1357,"loc":{"start":{"line":1357,"column":37},"end":{"line":1358,"column":0}}},"85":{"name":"(anonymous_85)","line":1374,"loc":{"start":{"line":1374,"column":37},"end":{"line":1375,"column":0}}},"86":{"name":"(anonymous_86)","line":1395,"loc":{"start":{"line":1395,"column":21},"end":{"line":1395,"column":33}}},"87":{"name":"(anonymous_87)","line":1414,"loc":{"start":{"line":1414,"column":35},"end":{"line":1415,"column":0}}},"88":{"name":"(anonymous_88)","line":1431,"loc":{"start":{"line":1431,"column":37},"end":{"line":1432,"column":0}}}},"statementMap":{"1":{"start":{"line":223,"column":0},"end":{"line":223,"column":23}},"2":{"start":{"line":225,"column":0},"end":{"line":233,"column":41}},"3":{"start":{"line":235,"column":0},"end":{"line":250,"column":1}},"4":{"start":{"line":237,"column":4},"end":{"line":237,"column":31}},"5":{"start":{"line":239,"column":4},"end":{"line":239,"column":28}},"6":{"start":{"line":241,"column":4},"end":{"line":241,"column":22}},"7":{"start":{"line":242,"column":4},"end":{"line":242,"column":18}},"8":{"start":{"line":244,"column":4},"end":{"line":244,"column":19}},"9":{"start":{"line":246,"column":4},"end":{"line":249,"column":7}},"10":{"start":{"line":248,"column":8},"end":{"line":248,"column":65}},"11":{"start":{"line":252,"column":0},"end":{"line":252,"column":46}},"12":{"start":{"line":254,"column":0},"end":{"line":259,"column":2}},"13":{"start":{"line":256,"column":4},"end":{"line":256,"column":29}},"14":{"start":{"line":257,"column":4},"end":{"line":257,"column":30}},"15":{"start":{"line":258,"column":4},"end":{"line":258,"column":15}},"16":{"start":{"line":316,"column":0},"end":{"line":1093,"column":1}},"17":{"start":{"line":318,"column":4},"end":{"line":318,"column":35}},"18":{"start":{"line":320,"column":4},"end":{"line":320,"column":28}},"19":{"start":{"line":322,"column":4},"end":{"line":322,"column":73}},"20":{"start":{"line":323,"column":4},"end":{"line":323,"column":58}},"21":{"start":{"line":324,"column":4},"end":{"line":324,"column":58}},"22":{"start":{"line":325,"column":4},"end":{"line":325,"column":61}},"23":{"start":{"line":326,"column":4},"end":{"line":326,"column":59}},"24":{"start":{"line":327,"column":4},"end":{"line":327,"column":64}},"25":{"start":{"line":329,"column":4},"end":{"line":329,"column":57}},"26":{"start":{"line":331,"column":4},"end":{"line":331,"column":50}},"27":{"start":{"line":332,"column":4},"end":{"line":332,"column":59}},"28":{"start":{"line":333,"column":4},"end":{"line":333,"column":62}},"29":{"start":{"line":335,"column":4},"end":{"line":335,"column":37}},"30":{"start":{"line":337,"column":4},"end":{"line":337,"column":52}},"31":{"start":{"line":339,"column":4},"end":{"line":339,"column":62}},"32":{"start":{"line":340,"column":4},"end":{"line":340,"column":54}},"33":{"start":{"line":342,"column":4},"end":{"line":342,"column":56}},"34":{"start":{"line":343,"column":4},"end":{"line":343,"column":58}},"35":{"start":{"line":345,"column":4},"end":{"line":345,"column":65}},"36":{"start":{"line":346,"column":4},"end":{"line":346,"column":63}},"37":{"start":{"line":348,"column":4},"end":{"line":348,"column":72}},"38":{"start":{"line":350,"column":4},"end":{"line":353,"column":6}},"39":{"start":{"line":352,"column":8},"end":{"line":352,"column":33}},"40":{"start":{"line":355,"column":4},"end":{"line":355,"column":41}},"41":{"start":{"line":356,"column":4},"end":{"line":356,"column":76}},"42":{"start":{"line":357,"column":4},"end":{"line":357,"column":76}},"43":{"start":{"line":359,"column":4},"end":{"line":359,"column":39}},"44":{"start":{"line":361,"column":4},"end":{"line":372,"column":33}},"45":{"start":{"line":374,"column":4},"end":{"line":396,"column":6}},"46":{"start":{"line":376,"column":8},"end":{"line":393,"column":9}},"47":{"start":{"line":378,"column":12},"end":{"line":378,"column":34}},"48":{"start":{"line":380,"column":12},"end":{"line":387,"column":13}},"49":{"start":{"line":382,"column":16},"end":{"line":386,"column":17}},"50":{"start":{"line":384,"column":20},"end":{"line":384,"column":34}},"51":{"start":{"line":385,"column":20},"end":{"line":385,"column":26}},"52":{"start":{"line":389,"column":12},"end":{"line":392,"column":13}},"53":{"start":{"line":391,"column":16},"end":{"line":391,"column":35}},"54":{"start":{"line":395,"column":8},"end":{"line":395,"column":19}},"55":{"start":{"line":398,"column":4},"end":{"line":398,"column":26}},"56":{"start":{"line":399,"column":4},"end":{"line":399,"column":24}},"57":{"start":{"line":401,"column":4},"end":{"line":410,"column":6}},"58":{"start":{"line":403,"column":8},"end":{"line":407,"column":9}},"59":{"start":{"line":405,"column":12},"end":{"line":405,"column":33}},"60":{"start":{"line":406,"column":12},"end":{"line":406,"column":30}},"61":{"start":{"line":409,"column":8},"end":{"line":409,"column":29}},"62":{"start":{"line":412,"column":4},"end":{"line":416,"column":6}},"63":{"start":{"line":415,"column":8},"end":{"line":415,"column":45}},"64":{"start":{"line":418,"column":4},"end":{"line":422,"column":5}},"65":{"start":{"line":420,"column":8},"end":{"line":420,"column":28}},"66":{"start":{"line":421,"column":8},"end":{"line":421,"column":31}},"67":{"start":{"line":424,"column":4},"end":{"line":455,"column":5}},"68":{"start":{"line":426,"column":8},"end":{"line":426,"column":60}},"69":{"start":{"line":428,"column":8},"end":{"line":428,"column":40}},"70":{"start":{"line":428,"column":26},"end":{"line":428,"column":38}},"71":{"start":{"line":430,"column":8},"end":{"line":430,"column":55}},"72":{"start":{"line":431,"column":8},"end":{"line":431,"column":51}},"73":{"start":{"line":431,"column":37},"end":{"line":431,"column":49}},"74":{"start":{"line":433,"column":8},"end":{"line":439,"column":10}},"75":{"start":{"line":441,"column":8},"end":{"line":444,"column":9}},"76":{"start":{"line":443,"column":12},"end":{"line":443,"column":28}},"77":{"start":{"line":446,"column":8},"end":{"line":446,"column":80}},"78":{"start":{"line":448,"column":8},"end":{"line":454,"column":11}},"79":{"start":{"line":451,"column":12},"end":{"line":451,"column":49}},"80":{"start":{"line":451,"column":35},"end":{"line":451,"column":47}},"81":{"start":{"line":452,"column":12},"end":{"line":452,"column":49}},"82":{"start":{"line":453,"column":12},"end":{"line":453,"column":21}},"83":{"start":{"line":457,"column":4},"end":{"line":473,"column":5}},"84":{"start":{"line":459,"column":8},"end":{"line":472,"column":11}},"85":{"start":{"line":461,"column":12},"end":{"line":461,"column":29}},"86":{"start":{"line":463,"column":12},"end":{"line":469,"column":13}},"87":{"start":{"line":465,"column":16},"end":{"line":468,"column":40}},"88":{"start":{"line":467,"column":20},"end":{"line":467,"column":39}},"89":{"start":{"line":471,"column":12},"end":{"line":471,"column":40}},"90":{"start":{"line":471,"column":22},"end":{"line":471,"column":38}},"91":{"start":{"line":475,"column":4},"end":{"line":492,"column":5}},"92":{"start":{"line":478,"column":8},"end":{"line":491,"column":11}},"93":{"start":{"line":480,"column":12},"end":{"line":480,"column":29}},"94":{"start":{"line":482,"column":12},"end":{"line":488,"column":13}},"95":{"start":{"line":484,"column":16},"end":{"line":487,"column":40}},"96":{"start":{"line":486,"column":20},"end":{"line":486,"column":50}},"97":{"start":{"line":490,"column":12},"end":{"line":490,"column":39}},"98":{"start":{"line":494,"column":4},"end":{"line":525,"column":5}},"99":{"start":{"line":496,"column":8},"end":{"line":524,"column":11}},"100":{"start":{"line":501,"column":12},"end":{"line":501,"column":39}},"101":{"start":{"line":503,"column":12},"end":{"line":506,"column":13}},"102":{"start":{"line":505,"column":16},"end":{"line":505,"column":28}},"103":{"start":{"line":508,"column":12},"end":{"line":511,"column":13}},"104":{"start":{"line":510,"column":16},"end":{"line":510,"column":61}},"105":{"start":{"line":513,"column":12},"end":{"line":523,"column":15}},"106":{"start":{"line":515,"column":16},"end":{"line":515,"column":43}},"107":{"start":{"line":517,"column":16},"end":{"line":520,"column":17}},"108":{"start":{"line":519,"column":20},"end":{"line":519,"column":32}},"109":{"start":{"line":522,"column":16},"end":{"line":522,"column":62}},"110":{"start":{"line":527,"column":4},"end":{"line":543,"column":5}},"111":{"start":{"line":529,"column":8},"end":{"line":529,"column":31}},"112":{"start":{"line":531,"column":8},"end":{"line":536,"column":9}},"113":{"start":{"line":533,"column":12},"end":{"line":533,"column":37}},"114":{"start":{"line":534,"column":12},"end":{"line":534,"column":31}},"115":{"start":{"line":535,"column":12},"end":{"line":535,"column":23}},"116":{"start":{"line":538,"column":8},"end":{"line":542,"column":11}},"117":{"start":{"line":540,"column":12},"end":{"line":540,"column":43}},"118":{"start":{"line":540,"column":34},"end":{"line":540,"column":41}},"119":{"start":{"line":541,"column":12},"end":{"line":541,"column":35}},"120":{"start":{"line":545,"column":4},"end":{"line":718,"column":5}},"121":{"start":{"line":549,"column":8},"end":{"line":549,"column":71}},"122":{"start":{"line":549,"column":57},"end":{"line":549,"column":69}},"123":{"start":{"line":551,"column":8},"end":{"line":717,"column":11}},"124":{"start":{"line":555,"column":12},"end":{"line":560,"column":13}},"125":{"start":{"line":557,"column":16},"end":{"line":557,"column":32}},"126":{"start":{"line":558,"column":16},"end":{"line":558,"column":33}},"127":{"start":{"line":558,"column":26},"end":{"line":558,"column":31}},"128":{"start":{"line":559,"column":16},"end":{"line":559,"column":31}},"129":{"start":{"line":562,"column":12},"end":{"line":562,"column":31}},"130":{"start":{"line":564,"column":12},"end":{"line":600,"column":13}},"131":{"start":{"line":566,"column":16},"end":{"line":566,"column":63}},"132":{"start":{"line":566,"column":30},"end":{"line":566,"column":61}},"133":{"start":{"line":567,"column":16},"end":{"line":567,"column":30}},"134":{"start":{"line":569,"column":16},"end":{"line":573,"column":17}},"135":{"start":{"line":571,"column":20},"end":{"line":571,"column":40}},"136":{"start":{"line":571,"column":30},"end":{"line":571,"column":38}},"137":{"start":{"line":572,"column":20},"end":{"line":572,"column":35}},"138":{"start":{"line":575,"column":16},"end":{"line":590,"column":17}},"139":{"start":{"line":577,"column":20},"end":{"line":589,"column":23}},"140":{"start":{"line":579,"column":24},"end":{"line":579,"column":40}},"141":{"start":{"line":581,"column":24},"end":{"line":584,"column":25}},"142":{"start":{"line":583,"column":28},"end":{"line":583,"column":77}},"143":{"start":{"line":588,"column":24},"end":{"line":588,"column":68}},"144":{"start":{"line":592,"column":16},"end":{"line":599,"column":17}},"145":{"start":{"line":594,"column":20},"end":{"line":594,"column":52}},"146":{"start":{"line":598,"column":20},"end":{"line":598,"column":31}},"147":{"start":{"line":602,"column":12},"end":{"line":655,"column":13}},"148":{"start":{"line":604,"column":16},"end":{"line":612,"column":28}},"149":{"start":{"line":614,"column":16},"end":{"line":614,"column":42}},"150":{"start":{"line":616,"column":16},"end":{"line":628,"column":17}},"151":{"start":{"line":618,"column":20},"end":{"line":618,"column":42}},"152":{"start":{"line":620,"column":20},"end":{"line":627,"column":21}},"153":{"start":{"line":622,"column":24},"end":{"line":622,"column":51}},"154":{"start":{"line":626,"column":24},"end":{"line":626,"column":60}},"155":{"start":{"line":630,"column":16},"end":{"line":640,"column":19}},"156":{"start":{"line":632,"column":20},"end":{"line":639,"column":21}},"157":{"start":{"line":634,"column":24},"end":{"line":634,"column":29}},"158":{"start":{"line":638,"column":24},"end":{"line":638,"column":44}},"159":{"start":{"line":642,"column":16},"end":{"line":654,"column":19}},"160":{"start":{"line":644,"column":20},"end":{"line":644,"column":36}},"161":{"start":{"line":646,"column":20},"end":{"line":653,"column":21}},"162":{"start":{"line":648,"column":24},"end":{"line":648,"column":55}},"163":{"start":{"line":652,"column":24},"end":{"line":652,"column":44}},"164":{"start":{"line":657,"column":12},"end":{"line":661,"column":13}},"165":{"start":{"line":659,"column":16},"end":{"line":659,"column":52}},"166":{"start":{"line":659,"column":38},"end":{"line":659,"column":50}},"167":{"start":{"line":660,"column":16},"end":{"line":660,"column":55}},"168":{"start":{"line":663,"column":12},"end":{"line":663,"column":63}},"169":{"start":{"line":663,"column":34},"end":{"line":663,"column":61}},"170":{"start":{"line":665,"column":12},"end":{"line":716,"column":13}},"171":{"start":{"line":667,"column":16},"end":{"line":711,"column":19}},"172":{"start":{"line":669,"column":20},"end":{"line":672,"column":21}},"173":{"start":{"line":671,"column":24},"end":{"line":671,"column":51}},"174":{"start":{"line":676,"column":20},"end":{"line":683,"column":41}},"175":{"start":{"line":685,"column":20},"end":{"line":692,"column":23}},"176":{"start":{"line":687,"column":24},"end":{"line":687,"column":49}},"177":{"start":{"line":688,"column":24},"end":{"line":691,"column":25}},"178":{"start":{"line":690,"column":28},"end":{"line":690,"column":55}},"179":{"start":{"line":694,"column":20},"end":{"line":704,"column":23}},"180":{"start":{"line":696,"column":24},"end":{"line":703,"column":25}},"181":{"start":{"line":698,"column":28},"end":{"line":698,"column":35}},"182":{"start":{"line":702,"column":28},"end":{"line":702,"column":72}},"183":{"start":{"line":706,"column":20},"end":{"line":710,"column":23}},"184":{"start":{"line":708,"column":24},"end":{"line":708,"column":40}},"185":{"start":{"line":709,"column":24},"end":{"line":709,"column":55}},"186":{"start":{"line":715,"column":16},"end":{"line":715,"column":23}},"187":{"start":{"line":720,"column":4},"end":{"line":849,"column":5}},"188":{"start":{"line":722,"column":8},"end":{"line":848,"column":10}},"189":{"start":{"line":724,"column":12},"end":{"line":724,"column":59}},"190":{"start":{"line":724,"column":34},"end":{"line":724,"column":57}},"191":{"start":{"line":726,"column":12},"end":{"line":733,"column":27}},"192":{"start":{"line":735,"column":12},"end":{"line":754,"column":13}},"193":{"start":{"line":737,"column":16},"end":{"line":737,"column":32}},"194":{"start":{"line":739,"column":16},"end":{"line":746,"column":17}},"195":{"start":{"line":741,"column":20},"end":{"line":741,"column":46}},"196":{"start":{"line":745,"column":20},"end":{"line":745,"column":46}},"197":{"start":{"line":748,"column":16},"end":{"line":751,"column":17}},"198":{"start":{"line":750,"column":20},"end":{"line":750,"column":40}},"199":{"start":{"line":753,"column":16},"end":{"line":753,"column":35}},"200":{"start":{"line":756,"column":12},"end":{"line":776,"column":13}},"201":{"start":{"line":758,"column":16},"end":{"line":775,"column":19}},"202":{"start":{"line":760,"column":20},"end":{"line":760,"column":46}},"203":{"start":{"line":765,"column":20},"end":{"line":768,"column":21}},"204":{"start":{"line":767,"column":24},"end":{"line":767,"column":46}},"205":{"start":{"line":770,"column":20},"end":{"line":774,"column":23}},"206":{"start":{"line":772,"column":24},"end":{"line":772,"column":50}},"207":{"start":{"line":773,"column":24},"end":{"line":773,"column":39}},"208":{"start":{"line":778,"column":12},"end":{"line":778,"column":54}},"209":{"start":{"line":779,"column":12},"end":{"line":779,"column":57}},"210":{"start":{"line":781,"column":12},"end":{"line":785,"column":13}},"211":{"start":{"line":784,"column":16},"end":{"line":784,"column":31}},"212":{"start":{"line":791,"column":12},"end":{"line":807,"column":13}},"213":{"start":{"line":793,"column":16},"end":{"line":793,"column":31}},"214":{"start":{"line":795,"column":16},"end":{"line":804,"column":17}},"215":{"start":{"line":797,"column":20},"end":{"line":797,"column":36}},"216":{"start":{"line":799,"column":20},"end":{"line":803,"column":21}},"217":{"start":{"line":801,"column":24},"end":{"line":801,"column":46}},"218":{"start":{"line":802,"column":24},"end":{"line":802,"column":42}},"219":{"start":{"line":806,"column":16},"end":{"line":806,"column":37}},"220":{"start":{"line":809,"column":12},"end":{"line":847,"column":13}},"221":{"start":{"line":811,"column":16},"end":{"line":825,"column":19}},"222":{"start":{"line":813,"column":20},"end":{"line":813,"column":36}},"223":{"start":{"line":815,"column":20},"end":{"line":822,"column":21}},"224":{"start":{"line":817,"column":24},"end":{"line":817,"column":48}},"225":{"start":{"line":819,"column":25},"end":{"line":822,"column":21}},"226":{"start":{"line":821,"column":24},"end":{"line":821,"column":70}},"227":{"start":{"line":824,"column":20},"end":{"line":824,"column":25}},"228":{"start":{"line":827,"column":17},"end":{"line":847,"column":13}},"229":{"start":{"line":829,"column":16},"end":{"line":842,"column":19}},"230":{"start":{"line":831,"column":20},"end":{"line":831,"column":36}},"231":{"start":{"line":833,"column":20},"end":{"line":841,"column":21}},"232":{"start":{"line":835,"column":24},"end":{"line":835,"column":48}},"233":{"start":{"line":836,"column":24},"end":{"line":836,"column":46}},"234":{"start":{"line":840,"column":24},"end":{"line":840,"column":58}},"235":{"start":{"line":846,"column":16},"end":{"line":846,"column":21}},"236":{"start":{"line":851,"column":4},"end":{"line":875,"column":5}},"237":{"start":{"line":853,"column":8},"end":{"line":853,"column":70}},"238":{"start":{"line":855,"column":8},"end":{"line":874,"column":10}},"239":{"start":{"line":857,"column":12},"end":{"line":857,"column":59}},"240":{"start":{"line":857,"column":34},"end":{"line":857,"column":57}},"241":{"start":{"line":859,"column":12},"end":{"line":864,"column":13}},"242":{"start":{"line":861,"column":16},"end":{"line":861,"column":63}},"243":{"start":{"line":861,"column":38},"end":{"line":861,"column":61}},"244":{"start":{"line":862,"column":16},"end":{"line":862,"column":57}},"245":{"start":{"line":862,"column":29},"end":{"line":862,"column":55}},"246":{"start":{"line":863,"column":16},"end":{"line":863,"column":41}},"247":{"start":{"line":866,"column":12},"end":{"line":866,"column":45}},"248":{"start":{"line":868,"column":12},"end":{"line":871,"column":13}},"249":{"start":{"line":870,"column":16},"end":{"line":870,"column":32}},"250":{"start":{"line":873,"column":12},"end":{"line":873,"column":50}},"251":{"start":{"line":877,"column":4},"end":{"line":896,"column":5}},"252":{"start":{"line":879,"column":8},"end":{"line":879,"column":26}},"253":{"start":{"line":881,"column":8},"end":{"line":885,"column":9}},"254":{"start":{"line":883,"column":12},"end":{"line":883,"column":43}},"255":{"start":{"line":883,"column":34},"end":{"line":883,"column":41}},"256":{"start":{"line":884,"column":12},"end":{"line":884,"column":33}},"257":{"start":{"line":887,"column":8},"end":{"line":890,"column":9}},"258":{"start":{"line":889,"column":12},"end":{"line":889,"column":37}},"259":{"start":{"line":892,"column":8},"end":{"line":895,"column":29}},"260":{"start":{"line":898,"column":4},"end":{"line":981,"column":6}},"261":{"start":{"line":900,"column":8},"end":{"line":900,"column":28}},"262":{"start":{"line":901,"column":8},"end":{"line":901,"column":39}},"263":{"start":{"line":901,"column":30},"end":{"line":901,"column":37}},"264":{"start":{"line":903,"column":8},"end":{"line":903,"column":40}},"265":{"start":{"line":905,"column":8},"end":{"line":980,"column":11}},"266":{"start":{"line":909,"column":12},"end":{"line":909,"column":28}},"267":{"start":{"line":910,"column":12},"end":{"line":910,"column":43}},"268":{"start":{"line":910,"column":34},"end":{"line":910,"column":41}},"269":{"start":{"line":912,"column":12},"end":{"line":916,"column":13}},"270":{"start":{"line":914,"column":16},"end":{"line":914,"column":73}},"271":{"start":{"line":915,"column":16},"end":{"line":915,"column":23}},"272":{"start":{"line":918,"column":12},"end":{"line":979,"column":15}},"273":{"start":{"line":921,"column":16},"end":{"line":924,"column":31}},"274":{"start":{"line":928,"column":16},"end":{"line":964,"column":17}},"275":{"start":{"line":933,"column":20},"end":{"line":933,"column":43}},"276":{"start":{"line":935,"column":20},"end":{"line":940,"column":23}},"277":{"start":{"line":938,"column":24},"end":{"line":938,"column":51}},"278":{"start":{"line":939,"column":24},"end":{"line":939,"column":31}},"279":{"start":{"line":946,"column":20},"end":{"line":946,"column":60}},"280":{"start":{"line":948,"column":20},"end":{"line":963,"column":23}},"281":{"start":{"line":951,"column":24},"end":{"line":951,"column":40}},"282":{"start":{"line":952,"column":24},"end":{"line":952,"column":55}},"283":{"start":{"line":952,"column":46},"end":{"line":952,"column":53}},"284":{"start":{"line":953,"column":24},"end":{"line":953,"column":51}},"285":{"start":{"line":953,"column":35},"end":{"line":953,"column":49}},"286":{"start":{"line":955,"column":24},"end":{"line":962,"column":27}},"287":{"start":{"line":958,"column":28},"end":{"line":958,"column":77}},"288":{"start":{"line":959,"column":28},"end":{"line":959,"column":52}},"289":{"start":{"line":960,"column":28},"end":{"line":960,"column":55}},"290":{"start":{"line":961,"column":28},"end":{"line":961,"column":35}},"291":{"start":{"line":967,"column":16},"end":{"line":967,"column":47}},"292":{"start":{"line":967,"column":38},"end":{"line":967,"column":45}},"293":{"start":{"line":969,"column":16},"end":{"line":973,"column":17}},"294":{"start":{"line":971,"column":20},"end":{"line":971,"column":39}},"295":{"start":{"line":972,"column":20},"end":{"line":972,"column":38}},"296":{"start":{"line":975,"column":16},"end":{"line":978,"column":17}},"297":{"start":{"line":977,"column":20},"end":{"line":977,"column":69}},"298":{"start":{"line":983,"column":4},"end":{"line":989,"column":6}},"299":{"start":{"line":985,"column":8},"end":{"line":986,"column":21}},"300":{"start":{"line":987,"column":8},"end":{"line":987,"column":47}},"301":{"start":{"line":988,"column":8},"end":{"line":988,"column":66}},"302":{"start":{"line":991,"column":4},"end":{"line":991,"column":70}},"303":{"start":{"line":993,"column":4},"end":{"line":996,"column":5}},"304":{"start":{"line":995,"column":8},"end":{"line":995,"column":31}},"305":{"start":{"line":998,"column":4},"end":{"line":998,"column":62}},"306":{"start":{"line":999,"column":4},"end":{"line":999,"column":62}},"307":{"start":{"line":1001,"column":4},"end":{"line":1092,"column":7}},"308":{"start":{"line":1003,"column":8},"end":{"line":1091,"column":11}},"309":{"start":{"line":1005,"column":12},"end":{"line":1005,"column":75}},"310":{"start":{"line":1005,"column":50},"end":{"line":1005,"column":73}},"311":{"start":{"line":1007,"column":12},"end":{"line":1007,"column":39}},"312":{"start":{"line":1009,"column":12},"end":{"line":1015,"column":13}},"313":{"start":{"line":1011,"column":16},"end":{"line":1014,"column":19}},"314":{"start":{"line":1013,"column":20},"end":{"line":1013,"column":48}},"315":{"start":{"line":1017,"column":12},"end":{"line":1090,"column":15}},"316":{"start":{"line":1019,"column":16},"end":{"line":1019,"column":79}},"317":{"start":{"line":1019,"column":54},"end":{"line":1019,"column":77}},"318":{"start":{"line":1021,"column":16},"end":{"line":1021,"column":51}},"319":{"start":{"line":1023,"column":16},"end":{"line":1029,"column":17}},"320":{"start":{"line":1025,"column":20},"end":{"line":1028,"column":23}},"321":{"start":{"line":1027,"column":24},"end":{"line":1027,"column":54}},"322":{"start":{"line":1031,"column":16},"end":{"line":1044,"column":17}},"323":{"start":{"line":1033,"column":20},"end":{"line":1033,"column":46}},"324":{"start":{"line":1035,"column":20},"end":{"line":1038,"column":21}},"325":{"start":{"line":1037,"column":24},"end":{"line":1037,"column":63}},"326":{"start":{"line":1040,"column":20},"end":{"line":1043,"column":21}},"327":{"start":{"line":1042,"column":24},"end":{"line":1042,"column":65}},"328":{"start":{"line":1046,"column":16},"end":{"line":1089,"column":19}},"329":{"start":{"line":1048,"column":20},"end":{"line":1051,"column":23}},"330":{"start":{"line":1050,"column":24},"end":{"line":1050,"column":74}},"331":{"start":{"line":1054,"column":20},"end":{"line":1054,"column":56}},"332":{"start":{"line":1054,"column":31},"end":{"line":1054,"column":54}},"333":{"start":{"line":1056,"column":20},"end":{"line":1088,"column":23}},"334":{"start":{"line":1065,"column":24},"end":{"line":1065,"column":60}},"335":{"start":{"line":1065,"column":35},"end":{"line":1065,"column":58}},"336":{"start":{"line":1066,"column":24},"end":{"line":1066,"column":55}},"337":{"start":{"line":1066,"column":46},"end":{"line":1066,"column":53}},"338":{"start":{"line":1068,"column":24},"end":{"line":1068,"column":64}},"339":{"start":{"line":1070,"column":24},"end":{"line":1087,"column":25}},"340":{"start":{"line":1072,"column":28},"end":{"line":1086,"column":29}},"341":{"start":{"line":1074,"column":32},"end":{"line":1080,"column":35}},"342":{"start":{"line":1076,"column":36},"end":{"line":1079,"column":37}},"343":{"start":{"line":1078,"column":40},"end":{"line":1078,"column":58}},"344":{"start":{"line":1084,"column":32},"end":{"line":1084,"column":52}},"345":{"start":{"line":1085,"column":32},"end":{"line":1085,"column":49}},"346":{"start":{"line":1095,"column":0},"end":{"line":1095,"column":47}},"347":{"start":{"line":1125,"column":0},"end":{"line":1129,"column":2}},"348":{"start":{"line":1127,"column":4},"end":{"line":1127,"column":38}},"349":{"start":{"line":1128,"column":4},"end":{"line":1128,"column":21}},"350":{"start":{"line":1128,"column":14},"end":{"line":1128,"column":19}},"351":{"start":{"line":1142,"column":0},"end":{"line":1165,"column":2}},"352":{"start":{"line":1144,"column":4},"end":{"line":1149,"column":5}},"353":{"start":{"line":1146,"column":8},"end":{"line":1146,"column":19}},"354":{"start":{"line":1147,"column":8},"end":{"line":1147,"column":26}},"355":{"start":{"line":1148,"column":8},"end":{"line":1148,"column":28}},"356":{"start":{"line":1151,"column":4},"end":{"line":1162,"column":5}},"357":{"start":{"line":1153,"column":8},"end":{"line":1153,"column":30}},"358":{"start":{"line":1155,"column":9},"end":{"line":1162,"column":5}},"359":{"start":{"line":1157,"column":8},"end":{"line":1157,"column":36}},"360":{"start":{"line":1161,"column":8},"end":{"line":1161,"column":45}},"361":{"start":{"line":1164,"column":4},"end":{"line":1164,"column":21}},"362":{"start":{"line":1164,"column":14},"end":{"line":1164,"column":19}},"363":{"start":{"line":1167,"column":0},"end":{"line":1172,"column":1}},"364":{"start":{"line":1169,"column":4},"end":{"line":1169,"column":37}},"365":{"start":{"line":1170,"column":4},"end":{"line":1170,"column":20}},"366":{"start":{"line":1171,"column":4},"end":{"line":1171,"column":22}},"367":{"start":{"line":1205,"column":0},"end":{"line":1355,"column":2}},"368":{"start":{"line":1207,"column":4},"end":{"line":1212,"column":5}},"369":{"start":{"line":1209,"column":8},"end":{"line":1209,"column":21}},"370":{"start":{"line":1210,"column":8},"end":{"line":1210,"column":26}},"371":{"start":{"line":1211,"column":8},"end":{"line":1211,"column":28}},"372":{"start":{"line":1214,"column":4},"end":{"line":1218,"column":5}},"373":{"start":{"line":1216,"column":8},"end":{"line":1216,"column":21}},"374":{"start":{"line":1217,"column":8},"end":{"line":1217,"column":28}},"375":{"start":{"line":1220,"column":4},"end":{"line":1220,"column":28}},"376":{"start":{"line":1222,"column":4},"end":{"line":1242,"column":50}},"377":{"start":{"line":1244,"column":4},"end":{"line":1244,"column":45}},"378":{"start":{"line":1245,"column":4},"end":{"line":1245,"column":56}},"379":{"start":{"line":1246,"column":4},"end":{"line":1246,"column":45}},"380":{"start":{"line":1248,"column":4},"end":{"line":1249,"column":70}},"381":{"start":{"line":1250,"column":4},"end":{"line":1250,"column":69}},"382":{"start":{"line":1251,"column":4},"end":{"line":1251,"column":73}},"383":{"start":{"line":1252,"column":4},"end":{"line":1252,"column":77}},"384":{"start":{"line":1254,"column":4},"end":{"line":1272,"column":5}},"385":{"start":{"line":1256,"column":8},"end":{"line":1269,"column":9}},"386":{"start":{"line":1258,"column":12},"end":{"line":1258,"column":28}},"387":{"start":{"line":1259,"column":12},"end":{"line":1267,"column":15}},"388":{"start":{"line":1261,"column":16},"end":{"line":1261,"column":43}},"389":{"start":{"line":1262,"column":16},"end":{"line":1266,"column":19}},"390":{"start":{"line":1264,"column":20},"end":{"line":1264,"column":47}},"391":{"start":{"line":1265,"column":20},"end":{"line":1265,"column":56}},"392":{"start":{"line":1265,"column":30},"end":{"line":1265,"column":54}},"393":{"start":{"line":1268,"column":12},"end":{"line":1268,"column":24}},"394":{"start":{"line":1271,"column":8},"end":{"line":1271,"column":21}},"395":{"start":{"line":1274,"column":4},"end":{"line":1310,"column":5}},"396":{"start":{"line":1276,"column":8},"end":{"line":1309,"column":11}},"397":{"start":{"line":1278,"column":12},"end":{"line":1282,"column":13}},"398":{"start":{"line":1280,"column":16},"end":{"line":1280,"column":32}},"399":{"start":{"line":1281,"column":16},"end":{"line":1281,"column":74}},"400":{"start":{"line":1284,"column":12},"end":{"line":1284,"column":41}},"401":{"start":{"line":1284,"column":32},"end":{"line":1284,"column":39}},"402":{"start":{"line":1286,"column":12},"end":{"line":1292,"column":41}},"403":{"start":{"line":1294,"column":12},"end":{"line":1298,"column":15}},"404":{"start":{"line":1296,"column":16},"end":{"line":1296,"column":40}},"405":{"start":{"line":1297,"column":16},"end":{"line":1297,"column":29}},"406":{"start":{"line":1300,"column":12},"end":{"line":1303,"column":15}},"407":{"start":{"line":1302,"column":16},"end":{"line":1302,"column":69}},"408":{"start":{"line":1302,"column":47},"end":{"line":1302,"column":67}},"409":{"start":{"line":1305,"column":12},"end":{"line":1308,"column":15}},"410":{"start":{"line":1307,"column":16},"end":{"line":1307,"column":78}},"411":{"start":{"line":1312,"column":4},"end":{"line":1326,"column":5}},"412":{"start":{"line":1314,"column":8},"end":{"line":1317,"column":9}},"413":{"start":{"line":1316,"column":12},"end":{"line":1316,"column":39}},"414":{"start":{"line":1319,"column":8},"end":{"line":1319,"column":40}},"415":{"start":{"line":1321,"column":8},"end":{"line":1325,"column":11}},"416":{"start":{"line":1323,"column":12},"end":{"line":1323,"column":41}},"417":{"start":{"line":1323,"column":32},"end":{"line":1323,"column":39}},"418":{"start":{"line":1324,"column":12},"end":{"line":1324,"column":32}},"419":{"start":{"line":1328,"column":4},"end":{"line":1328,"column":64}},"420":{"start":{"line":1330,"column":4},"end":{"line":1334,"column":7}},"421":{"start":{"line":1332,"column":8},"end":{"line":1332,"column":25}},"422":{"start":{"line":1333,"column":8},"end":{"line":1333,"column":21}},"423":{"start":{"line":1336,"column":4},"end":{"line":1342,"column":7}},"424":{"start":{"line":1338,"column":8},"end":{"line":1341,"column":9}},"425":{"start":{"line":1340,"column":12},"end":{"line":1340,"column":26}},"426":{"start":{"line":1344,"column":4},"end":{"line":1344,"column":36}},"427":{"start":{"line":1346,"column":4},"end":{"line":1349,"column":5}},"428":{"start":{"line":1348,"column":8},"end":{"line":1348,"column":22}},"429":{"start":{"line":1351,"column":4},"end":{"line":1354,"column":7}},"430":{"start":{"line":1353,"column":8},"end":{"line":1353,"column":28}},"431":{"start":{"line":1357,"column":0},"end":{"line":1367,"column":2}},"432":{"start":{"line":1359,"column":4},"end":{"line":1364,"column":5}},"433":{"start":{"line":1361,"column":8},"end":{"line":1361,"column":36}},"434":{"start":{"line":1362,"column":8},"end":{"line":1362,"column":29}},"435":{"start":{"line":1363,"column":8},"end":{"line":1363,"column":20}},"436":{"start":{"line":1366,"column":4},"end":{"line":1366,"column":17}},"437":{"start":{"line":1374,"column":0},"end":{"line":1409,"column":2}},"438":{"start":{"line":1376,"column":4},"end":{"line":1383,"column":5}},"439":{"start":{"line":1378,"column":8},"end":{"line":1381,"column":9}},"440":{"start":{"line":1380,"column":12},"end":{"line":1380,"column":26}},"441":{"start":{"line":1382,"column":8},"end":{"line":1382,"column":15}},"442":{"start":{"line":1384,"column":4},"end":{"line":1384,"column":25}},"443":{"start":{"line":1386,"column":4},"end":{"line":1390,"column":5}},"444":{"start":{"line":1388,"column":8},"end":{"line":1388,"column":30}},"445":{"start":{"line":1389,"column":8},"end":{"line":1389,"column":29}},"446":{"start":{"line":1392,"column":4},"end":{"line":1396,"column":5}},"447":{"start":{"line":1394,"column":8},"end":{"line":1394,"column":23}},"448":{"start":{"line":1395,"column":8},"end":{"line":1395,"column":54}},"449":{"start":{"line":1395,"column":35},"end":{"line":1395,"column":50}},"450":{"start":{"line":1398,"column":4},"end":{"line":1408,"column":5}},"451":{"start":{"line":1400,"column":8},"end":{"line":1407,"column":9}},"452":{"start":{"line":1402,"column":12},"end":{"line":1402,"column":34}},"453":{"start":{"line":1406,"column":12},"end":{"line":1406,"column":26}},"454":{"start":{"line":1414,"column":0},"end":{"line":1426,"column":2}},"455":{"start":{"line":1416,"column":4},"end":{"line":1416,"column":34}},"456":{"start":{"line":1416,"column":25},"end":{"line":1416,"column":32}},"457":{"start":{"line":1418,"column":4},"end":{"line":1425,"column":5}},"458":{"start":{"line":1420,"column":8},"end":{"line":1420,"column":21}},"459":{"start":{"line":1424,"column":8},"end":{"line":1424,"column":24}},"460":{"start":{"line":1431,"column":0},"end":{"line":1435,"column":2}},"461":{"start":{"line":1433,"column":3},"end":{"line":1433,"column":61}},"462":{"start":{"line":1434,"column":3},"end":{"line":1434,"column":22}},"463":{"start":{"line":1437,"column":0},"end":{"line":1437,"column":32}}},"branchMap":{"1":{"line":320,"type":"binary-expr","locations":[{"start":{"line":320,"column":14},"end":{"line":320,"column":21}},{"start":{"line":320,"column":25},"end":{"line":320,"column":27}}]},"2":{"line":322,"type":"binary-expr","locations":[{"start":{"line":322,"column":20},"end":{"line":322,"column":35}},{"start":{"line":322,"column":39},"end":{"line":322,"column":72}}]},"3":{"line":329,"type":"binary-expr","locations":[{"start":{"line":329,"column":27},"end":{"line":329,"column":49}},{"start":{"line":329,"column":53},"end":{"line":329,"column":56}}]},"4":{"line":331,"type":"binary-expr","locations":[{"start":{"line":331,"column":24},"end":{"line":331,"column":43}},{"start":{"line":331,"column":47},"end":{"line":331,"column":49}}]},"5":{"line":332,"type":"binary-expr","locations":[{"start":{"line":332,"column":29},"end":{"line":332,"column":53}},{"start":{"line":332,"column":57},"end":{"line":332,"column":58}}]},"6":{"line":333,"type":"binary-expr","locations":[{"start":{"line":333,"column":30},"end":{"line":333,"column":55}},{"start":{"line":333,"column":59},"end":{"line":333,"column":61}}]},"7":{"line":335,"type":"binary-expr","locations":[{"start":{"line":335,"column":18},"end":{"line":335,"column":31}},{"start":{"line":335,"column":35},"end":{"line":335,"column":36}}]},"8":{"line":337,"type":"binary-expr","locations":[{"start":{"line":337,"column":25},"end":{"line":337,"column":45}},{"start":{"line":337,"column":49},"end":{"line":337,"column":51}}]},"9":{"line":339,"type":"binary-expr","locations":[{"start":{"line":339,"column":23},"end":{"line":339,"column":41}},{"start":{"line":339,"column":46},"end":{"line":339,"column":60}}]},"10":{"line":340,"type":"binary-expr","locations":[{"start":{"line":340,"column":22},"end":{"line":340,"column":39}},{"start":{"line":340,"column":44},"end":{"line":340,"column":52}}]},"11":{"line":342,"type":"binary-expr","locations":[{"start":{"line":342,"column":26},"end":{"line":342,"column":47}},{"start":{"line":342,"column":51},"end":{"line":342,"column":55}}]},"12":{"line":343,"type":"binary-expr","locations":[{"start":{"line":343,"column":27},"end":{"line":343,"column":49}},{"start":{"line":343,"column":53},"end":{"line":343,"column":57}}]},"13":{"line":345,"type":"binary-expr","locations":[{"start":{"line":345,"column":32},"end":{"line":345,"column":59}},{"start":{"line":345,"column":63},"end":{"line":345,"column":64}}]},"14":{"line":346,"type":"binary-expr","locations":[{"start":{"line":346,"column":31},"end":{"line":346,"column":57}},{"start":{"line":346,"column":61},"end":{"line":346,"column":62}}]},"15":{"line":348,"type":"cond-expr","locations":[{"start":{"line":348,"column":51},"end":{"line":348,"column":55}},{"start":{"line":348,"column":58},"end":{"line":348,"column":71}}]},"16":{"line":350,"type":"binary-expr","locations":[{"start":{"line":350,"column":19},"end":{"line":350,"column":33}},{"start":{"line":350,"column":37},"end":{"line":353,"column":5}}]},"17":{"line":376,"type":"if","locations":[{"start":{"line":376,"column":8},"end":{"line":376,"column":8}},{"start":{"line":376,"column":8},"end":{"line":376,"column":8}}]},"18":{"line":382,"type":"if","locations":[{"start":{"line":382,"column":16},"end":{"line":382,"column":16}},{"start":{"line":382,"column":16},"end":{"line":382,"column":16}}]},"19":{"line":389,"type":"if","locations":[{"start":{"line":389,"column":12},"end":{"line":389,"column":12}},{"start":{"line":389,"column":12},"end":{"line":389,"column":12}}]},"20":{"line":389,"type":"binary-expr","locations":[{"start":{"line":389,"column":17},"end":{"line":389,"column":24}},{"start":{"line":389,"column":29},"end":{"line":389,"column":54}}]},"21":{"line":403,"type":"if","locations":[{"start":{"line":403,"column":8},"end":{"line":403,"column":8}},{"start":{"line":403,"column":8},"end":{"line":403,"column":8}}]},"22":{"line":403,"type":"binary-expr","locations":[{"start":{"line":403,"column":12},"end":{"line":403,"column":25}},{"start":{"line":403,"column":29},"end":{"line":403,"column":41}}]},"23":{"line":415,"type":"binary-expr","locations":[{"start":{"line":415,"column":15},"end":{"line":415,"column":18}},{"start":{"line":415,"column":23},"end":{"line":415,"column":43}}]},"24":{"line":428,"type":"if","locations":[{"start":{"line":428,"column":8},"end":{"line":428,"column":8}},{"start":{"line":428,"column":8},"end":{"line":428,"column":8}}]},"25":{"line":431,"type":"if","locations":[{"start":{"line":431,"column":8},"end":{"line":431,"column":8}},{"start":{"line":431,"column":8},"end":{"line":431,"column":8}}]},"26":{"line":441,"type":"if","locations":[{"start":{"line":441,"column":8},"end":{"line":441,"column":8}},{"start":{"line":441,"column":8},"end":{"line":441,"column":8}}]},"27":{"line":451,"type":"if","locations":[{"start":{"line":451,"column":12},"end":{"line":451,"column":12}},{"start":{"line":451,"column":12},"end":{"line":451,"column":12}}]},"28":{"line":463,"type":"if","locations":[{"start":{"line":463,"column":12},"end":{"line":463,"column":12}},{"start":{"line":463,"column":12},"end":{"line":463,"column":12}}]},"29":{"line":471,"type":"if","locations":[{"start":{"line":471,"column":12},"end":{"line":471,"column":12}},{"start":{"line":471,"column":12},"end":{"line":471,"column":12}}]},"30":{"line":471,"type":"binary-expr","locations":[{"start":{"line":471,"column":25},"end":{"line":471,"column":28}},{"start":{"line":471,"column":32},"end":{"line":471,"column":36}}]},"31":{"line":482,"type":"if","locations":[{"start":{"line":482,"column":12},"end":{"line":482,"column":12}},{"start":{"line":482,"column":12},"end":{"line":482,"column":12}}]},"32":{"line":490,"type":"binary-expr","locations":[{"start":{"line":490,"column":22},"end":{"line":490,"column":25}},{"start":{"line":490,"column":29},"end":{"line":490,"column":33}}]},"33":{"line":503,"type":"if","locations":[{"start":{"line":503,"column":12},"end":{"line":503,"column":12}},{"start":{"line":503,"column":12},"end":{"line":503,"column":12}}]},"34":{"line":503,"type":"binary-expr","locations":[{"start":{"line":503,"column":16},"end":{"line":503,"column":20}},{"start":{"line":503,"column":25},"end":{"line":503,"column":47}}]},"35":{"line":508,"type":"if","locations":[{"start":{"line":508,"column":12},"end":{"line":508,"column":12}},{"start":{"line":508,"column":12},"end":{"line":508,"column":12}}]},"36":{"line":510,"type":"binary-expr","locations":[{"start":{"line":510,"column":44},"end":{"line":510,"column":47}},{"start":{"line":510,"column":51},"end":{"line":510,"column":55}}]},"37":{"line":517,"type":"if","locations":[{"start":{"line":517,"column":16},"end":{"line":517,"column":16}},{"start":{"line":517,"column":16},"end":{"line":517,"column":16}}]},"38":{"line":517,"type":"binary-expr","locations":[{"start":{"line":517,"column":20},"end":{"line":517,"column":24}},{"start":{"line":517,"column":29},"end":{"line":517,"column":51}}]},"39":{"line":522,"type":"binary-expr","locations":[{"start":{"line":522,"column":37},"end":{"line":522,"column":40}},{"start":{"line":522,"column":44},"end":{"line":522,"column":48}},{"start":{"line":522,"column":52},"end":{"line":522,"column":56}}]},"40":{"line":531,"type":"if","locations":[{"start":{"line":531,"column":8},"end":{"line":531,"column":8}},{"start":{"line":531,"column":8},"end":{"line":531,"column":8}}]},"41":{"line":540,"type":"if","locations":[{"start":{"line":540,"column":12},"end":{"line":540,"column":12}},{"start":{"line":540,"column":12},"end":{"line":540,"column":12}}]},"42":{"line":549,"type":"if","locations":[{"start":{"line":549,"column":8},"end":{"line":549,"column":8}},{"start":{"line":549,"column":8},"end":{"line":549,"column":8}}]},"43":{"line":549,"type":"binary-expr","locations":[{"start":{"line":549,"column":13},"end":{"line":549,"column":34}},{"start":{"line":549,"column":39},"end":{"line":549,"column":53}}]},"44":{"line":552,"type":"cond-expr","locations":[{"start":{"line":552,"column":31},"end":{"line":552,"column":47}},{"start":{"line":552,"column":50},"end":{"line":552,"column":68}}]},"45":{"line":558,"type":"if","locations":[{"start":{"line":558,"column":16},"end":{"line":558,"column":16}},{"start":{"line":558,"column":16},"end":{"line":558,"column":16}}]},"46":{"line":566,"type":"if","locations":[{"start":{"line":566,"column":16},"end":{"line":566,"column":16}},{"start":{"line":566,"column":16},"end":{"line":566,"column":16}}]},"47":{"line":571,"type":"if","locations":[{"start":{"line":571,"column":20},"end":{"line":571,"column":20}},{"start":{"line":571,"column":20},"end":{"line":571,"column":20}}]},"48":{"line":581,"type":"if","locations":[{"start":{"line":581,"column":24},"end":{"line":581,"column":24}},{"start":{"line":581,"column":24},"end":{"line":581,"column":24}}]},"49":{"line":592,"type":"if","locations":[{"start":{"line":592,"column":16},"end":{"line":592,"column":16}},{"start":{"line":592,"column":16},"end":{"line":592,"column":16}}]},"50":{"line":610,"type":"cond-expr","locations":[{"start":{"line":610,"column":40},"end":{"line":610,"column":55}},{"start":{"line":610,"column":58},"end":{"line":610,"column":72}}]},"51":{"line":620,"type":"if","locations":[{"start":{"line":620,"column":20},"end":{"line":620,"column":20}},{"start":{"line":620,"column":20},"end":{"line":620,"column":20}}]},"52":{"line":632,"type":"if","locations":[{"start":{"line":632,"column":20},"end":{"line":632,"column":20}},{"start":{"line":632,"column":20},"end":{"line":632,"column":20}}]},"53":{"line":646,"type":"if","locations":[{"start":{"line":646,"column":20},"end":{"line":646,"column":20}},{"start":{"line":646,"column":20},"end":{"line":646,"column":20}}]},"54":{"line":657,"type":"if","locations":[{"start":{"line":657,"column":12},"end":{"line":657,"column":12}},{"start":{"line":657,"column":12},"end":{"line":657,"column":12}}]},"55":{"line":659,"type":"if","locations":[{"start":{"line":659,"column":16},"end":{"line":659,"column":16}},{"start":{"line":659,"column":16},"end":{"line":659,"column":16}}]},"56":{"line":663,"type":"if","locations":[{"start":{"line":663,"column":12},"end":{"line":663,"column":12}},{"start":{"line":663,"column":12},"end":{"line":663,"column":12}}]},"57":{"line":665,"type":"if","locations":[{"start":{"line":665,"column":12},"end":{"line":665,"column":12}},{"start":{"line":665,"column":12},"end":{"line":665,"column":12}}]},"58":{"line":669,"type":"if","locations":[{"start":{"line":669,"column":20},"end":{"line":669,"column":20}},{"start":{"line":669,"column":20},"end":{"line":669,"column":20}}]},"59":{"line":669,"type":"binary-expr","locations":[{"start":{"line":669,"column":24},"end":{"line":669,"column":49}},{"start":{"line":669,"column":53},"end":{"line":669,"column":67}}]},"60":{"line":688,"type":"if","locations":[{"start":{"line":688,"column":24},"end":{"line":688,"column":24}},{"start":{"line":688,"column":24},"end":{"line":688,"column":24}}]},"61":{"line":696,"type":"if","locations":[{"start":{"line":696,"column":24},"end":{"line":696,"column":24}},{"start":{"line":696,"column":24},"end":{"line":696,"column":24}}]},"62":{"line":724,"type":"if","locations":[{"start":{"line":724,"column":12},"end":{"line":724,"column":12}},{"start":{"line":724,"column":12},"end":{"line":724,"column":12}}]},"63":{"line":739,"type":"if","locations":[{"start":{"line":739,"column":16},"end":{"line":739,"column":16}},{"start":{"line":739,"column":16},"end":{"line":739,"column":16}}]},"64":{"line":739,"type":"binary-expr","locations":[{"start":{"line":739,"column":20},"end":{"line":739,"column":29}},{"start":{"line":739,"column":33},"end":{"line":739,"column":43}}]},"65":{"line":748,"type":"if","locations":[{"start":{"line":748,"column":16},"end":{"line":748,"column":16}},{"start":{"line":748,"column":16},"end":{"line":748,"column":16}}]},"66":{"line":748,"type":"binary-expr","locations":[{"start":{"line":748,"column":21},"end":{"line":748,"column":32}},{"start":{"line":748,"column":36},"end":{"line":748,"column":46}},{"start":{"line":748,"column":51},"end":{"line":748,"column":61}}]},"67":{"line":756,"type":"if","locations":[{"start":{"line":756,"column":12},"end":{"line":756,"column":12}},{"start":{"line":756,"column":12},"end":{"line":756,"column":12}}]},"68":{"line":765,"type":"if","locations":[{"start":{"line":765,"column":20},"end":{"line":765,"column":20}},{"start":{"line":765,"column":20},"end":{"line":765,"column":20}}]},"69":{"line":779,"type":"binary-expr","locations":[{"start":{"line":779,"column":23},"end":{"line":779,"column":34}},{"start":{"line":779,"column":38},"end":{"line":779,"column":56}}]},"70":{"line":781,"type":"if","locations":[{"start":{"line":781,"column":12},"end":{"line":781,"column":12}},{"start":{"line":781,"column":12},"end":{"line":781,"column":12}}]},"71":{"line":791,"type":"if","locations":[{"start":{"line":791,"column":12},"end":{"line":791,"column":12}},{"start":{"line":791,"column":12},"end":{"line":791,"column":12}}]},"72":{"line":799,"type":"if","locations":[{"start":{"line":799,"column":20},"end":{"line":799,"column":20}},{"start":{"line":799,"column":20},"end":{"line":799,"column":20}}]},"73":{"line":809,"type":"if","locations":[{"start":{"line":809,"column":12},"end":{"line":809,"column":12}},{"start":{"line":809,"column":12},"end":{"line":809,"column":12}}]},"74":{"line":815,"type":"if","locations":[{"start":{"line":815,"column":20},"end":{"line":815,"column":20}},{"start":{"line":815,"column":20},"end":{"line":815,"column":20}}]},"75":{"line":819,"type":"if","locations":[{"start":{"line":819,"column":25},"end":{"line":819,"column":25}},{"start":{"line":819,"column":25},"end":{"line":819,"column":25}}]},"76":{"line":827,"type":"if","locations":[{"start":{"line":827,"column":17},"end":{"line":827,"column":17}},{"start":{"line":827,"column":17},"end":{"line":827,"column":17}}]},"77":{"line":833,"type":"if","locations":[{"start":{"line":833,"column":20},"end":{"line":833,"column":20}},{"start":{"line":833,"column":20},"end":{"line":833,"column":20}}]},"78":{"line":857,"type":"if","locations":[{"start":{"line":857,"column":12},"end":{"line":857,"column":12}},{"start":{"line":857,"column":12},"end":{"line":857,"column":12}}]},"79":{"line":861,"type":"if","locations":[{"start":{"line":861,"column":16},"end":{"line":861,"column":16}},{"start":{"line":861,"column":16},"end":{"line":861,"column":16}}]},"80":{"line":862,"type":"if","locations":[{"start":{"line":862,"column":16},"end":{"line":862,"column":16}},{"start":{"line":862,"column":16},"end":{"line":862,"column":16}}]},"81":{"line":866,"type":"binary-expr","locations":[{"start":{"line":866,"column":23},"end":{"line":866,"column":28}},{"start":{"line":866,"column":32},"end":{"line":866,"column":44}}]},"82":{"line":868,"type":"if","locations":[{"start":{"line":868,"column":12},"end":{"line":868,"column":12}},{"start":{"line":868,"column":12},"end":{"line":868,"column":12}}]},"83":{"line":883,"type":"if","locations":[{"start":{"line":883,"column":12},"end":{"line":883,"column":12}},{"start":{"line":883,"column":12},"end":{"line":883,"column":12}}]},"84":{"line":887,"type":"if","locations":[{"start":{"line":887,"column":8},"end":{"line":887,"column":8}},{"start":{"line":887,"column":8},"end":{"line":887,"column":8}}]},"85":{"line":901,"type":"if","locations":[{"start":{"line":901,"column":8},"end":{"line":901,"column":8}},{"start":{"line":901,"column":8},"end":{"line":901,"column":8}}]},"86":{"line":910,"type":"if","locations":[{"start":{"line":910,"column":12},"end":{"line":910,"column":12}},{"start":{"line":910,"column":12},"end":{"line":910,"column":12}}]},"87":{"line":912,"type":"if","locations":[{"start":{"line":912,"column":12},"end":{"line":912,"column":12}},{"start":{"line":912,"column":12},"end":{"line":912,"column":12}}]},"88":{"line":912,"type":"binary-expr","locations":[{"start":{"line":912,"column":16},"end":{"line":912,"column":19}},{"start":{"line":912,"column":24},"end":{"line":912,"column":56}}]},"89":{"line":928,"type":"if","locations":[{"start":{"line":928,"column":16},"end":{"line":928,"column":16}},{"start":{"line":928,"column":16},"end":{"line":928,"column":16}}]},"90":{"line":952,"type":"if","locations":[{"start":{"line":952,"column":24},"end":{"line":952,"column":24}},{"start":{"line":952,"column":24},"end":{"line":952,"column":24}}]},"91":{"line":953,"type":"if","locations":[{"start":{"line":953,"column":24},"end":{"line":953,"column":24}},{"start":{"line":953,"column":24},"end":{"line":953,"column":24}}]},"92":{"line":967,"type":"if","locations":[{"start":{"line":967,"column":16},"end":{"line":967,"column":16}},{"start":{"line":967,"column":16},"end":{"line":967,"column":16}}]},"93":{"line":969,"type":"if","locations":[{"start":{"line":969,"column":16},"end":{"line":969,"column":16}},{"start":{"line":969,"column":16},"end":{"line":969,"column":16}}]},"94":{"line":975,"type":"if","locations":[{"start":{"line":975,"column":16},"end":{"line":975,"column":16}},{"start":{"line":975,"column":16},"end":{"line":975,"column":16}}]},"95":{"line":985,"type":"cond-expr","locations":[{"start":{"line":985,"column":40},"end":{"line":985,"column":68}},{"start":{"line":985,"column":71},"end":{"line":985,"column":74}}]},"96":{"line":1005,"type":"if","locations":[{"start":{"line":1005,"column":12},"end":{"line":1005,"column":12}},{"start":{"line":1005,"column":12},"end":{"line":1005,"column":12}}]},"97":{"line":1005,"type":"binary-expr","locations":[{"start":{"line":1005,"column":16},"end":{"line":1005,"column":19}},{"start":{"line":1005,"column":24},"end":{"line":1005,"column":45}}]},"98":{"line":1009,"type":"if","locations":[{"start":{"line":1009,"column":12},"end":{"line":1009,"column":12}},{"start":{"line":1009,"column":12},"end":{"line":1009,"column":12}}]},"99":{"line":1019,"type":"if","locations":[{"start":{"line":1019,"column":16},"end":{"line":1019,"column":16}},{"start":{"line":1019,"column":16},"end":{"line":1019,"column":16}}]},"100":{"line":1019,"type":"binary-expr","locations":[{"start":{"line":1019,"column":20},"end":{"line":1019,"column":23}},{"start":{"line":1019,"column":28},"end":{"line":1019,"column":49}}]},"101":{"line":1023,"type":"if","locations":[{"start":{"line":1023,"column":16},"end":{"line":1023,"column":16}},{"start":{"line":1023,"column":16},"end":{"line":1023,"column":16}}]},"102":{"line":1035,"type":"if","locations":[{"start":{"line":1035,"column":20},"end":{"line":1035,"column":20}},{"start":{"line":1035,"column":20},"end":{"line":1035,"column":20}}]},"103":{"line":1040,"type":"if","locations":[{"start":{"line":1040,"column":20},"end":{"line":1040,"column":20}},{"start":{"line":1040,"column":20},"end":{"line":1040,"column":20}}]},"104":{"line":1050,"type":"cond-expr","locations":[{"start":{"line":1050,"column":62},"end":{"line":1050,"column":65}},{"start":{"line":1050,"column":68},"end":{"line":1050,"column":72}}]},"105":{"line":1050,"type":"binary-expr","locations":[{"start":{"line":1050,"column":29},"end":{"line":1050,"column":32}},{"start":{"line":1050,"column":37},"end":{"line":1050,"column":58}}]},"106":{"line":1054,"type":"if","locations":[{"start":{"line":1054,"column":20},"end":{"line":1054,"column":20}},{"start":{"line":1054,"column":20},"end":{"line":1054,"column":20}}]},"107":{"line":1065,"type":"if","locations":[{"start":{"line":1065,"column":24},"end":{"line":1065,"column":24}},{"start":{"line":1065,"column":24},"end":{"line":1065,"column":24}}]},"108":{"line":1066,"type":"if","locations":[{"start":{"line":1066,"column":24},"end":{"line":1066,"column":24}},{"start":{"line":1066,"column":24},"end":{"line":1066,"column":24}}]},"109":{"line":1070,"type":"if","locations":[{"start":{"line":1070,"column":24},"end":{"line":1070,"column":24}},{"start":{"line":1070,"column":24},"end":{"line":1070,"column":24}}]},"110":{"line":1076,"type":"if","locations":[{"start":{"line":1076,"column":36},"end":{"line":1076,"column":36}},{"start":{"line":1076,"column":36},"end":{"line":1076,"column":36}}]},"111":{"line":1128,"type":"if","locations":[{"start":{"line":1128,"column":4},"end":{"line":1128,"column":4}},{"start":{"line":1128,"column":4},"end":{"line":1128,"column":4}}]},"112":{"line":1144,"type":"if","locations":[{"start":{"line":1144,"column":4},"end":{"line":1144,"column":4}},{"start":{"line":1144,"column":4},"end":{"line":1144,"column":4}}]},"113":{"line":1151,"type":"if","locations":[{"start":{"line":1151,"column":4},"end":{"line":1151,"column":4}},{"start":{"line":1151,"column":4},"end":{"line":1151,"column":4}}]},"114":{"line":1155,"type":"if","locations":[{"start":{"line":1155,"column":9},"end":{"line":1155,"column":9}},{"start":{"line":1155,"column":9},"end":{"line":1155,"column":9}}]},"115":{"line":1164,"type":"if","locations":[{"start":{"line":1164,"column":4},"end":{"line":1164,"column":4}},{"start":{"line":1164,"column":4},"end":{"line":1164,"column":4}}]},"116":{"line":1207,"type":"if","locations":[{"start":{"line":1207,"column":4},"end":{"line":1207,"column":4}},{"start":{"line":1207,"column":4},"end":{"line":1207,"column":4}}]},"117":{"line":1207,"type":"binary-expr","locations":[{"start":{"line":1207,"column":9},"end":{"line":1207,"column":36}},{"start":{"line":1207,"column":41},"end":{"line":1207,"column":66}}]},"118":{"line":1214,"type":"if","locations":[{"start":{"line":1214,"column":4},"end":{"line":1214,"column":4}},{"start":{"line":1214,"column":4},"end":{"line":1214,"column":4}}]},"119":{"line":1220,"type":"binary-expr","locations":[{"start":{"line":1220,"column":14},"end":{"line":1220,"column":21}},{"start":{"line":1220,"column":25},"end":{"line":1220,"column":27}}]},"120":{"line":1228,"type":"binary-expr","locations":[{"start":{"line":1228,"column":25},"end":{"line":1228,"column":36}},{"start":{"line":1228,"column":41},"end":{"line":1229,"column":73}}]},"121":{"line":1228,"type":"cond-expr","locations":[{"start":{"line":1228,"column":58},"end":{"line":1228,"column":74}},{"start":{"line":1229,"column":58},"end":{"line":1229,"column":73}}]},"122":{"line":1232,"type":"cond-expr","locations":[{"start":{"line":1232,"column":25},"end":{"line":1232,"column":28}},{"start":{"line":1232,"column":31},"end":{"line":1232,"column":34}}]},"123":{"line":1234,"type":"cond-expr","locations":[{"start":{"line":1234,"column":34},"end":{"line":1234,"column":37}},{"start":{"line":1234,"column":40},"end":{"line":1234,"column":43}}]},"124":{"line":1242,"type":"binary-expr","locations":[{"start":{"line":1242,"column":17},"end":{"line":1242,"column":31}},{"start":{"line":1242,"column":35},"end":{"line":1242,"column":49}}]},"125":{"line":1245,"type":"binary-expr","locations":[{"start":{"line":1245,"column":29},"end":{"line":1245,"column":45}},{"start":{"line":1245,"column":49},"end":{"line":1245,"column":55}}]},"126":{"line":1246,"type":"binary-expr","locations":[{"start":{"line":1246,"column":25},"end":{"line":1246,"column":37}},{"start":{"line":1246,"column":41},"end":{"line":1246,"column":44}}]},"127":{"line":1252,"type":"cond-expr","locations":[{"start":{"line":1252,"column":37},"end":{"line":1252,"column":72}},{"start":{"line":1252,"column":75},"end":{"line":1252,"column":76}}]},"128":{"line":1256,"type":"if","locations":[{"start":{"line":1256,"column":8},"end":{"line":1256,"column":8}},{"start":{"line":1256,"column":8},"end":{"line":1256,"column":8}}]},"129":{"line":1265,"type":"if","locations":[{"start":{"line":1265,"column":20},"end":{"line":1265,"column":20}},{"start":{"line":1265,"column":20},"end":{"line":1265,"column":20}}]},"130":{"line":1265,"type":"binary-expr","locations":[{"start":{"line":1265,"column":33},"end":{"line":1265,"column":36}},{"start":{"line":1265,"column":40},"end":{"line":1265,"column":44}},{"start":{"line":1265,"column":48},"end":{"line":1265,"column":52}}]},"131":{"line":1278,"type":"if","locations":[{"start":{"line":1278,"column":12},"end":{"line":1278,"column":12}},{"start":{"line":1278,"column":12},"end":{"line":1278,"column":12}}]},"132":{"line":1284,"type":"if","locations":[{"start":{"line":1284,"column":12},"end":{"line":1284,"column":12}},{"start":{"line":1284,"column":12},"end":{"line":1284,"column":12}}]},"133":{"line":1302,"type":"if","locations":[{"start":{"line":1302,"column":16},"end":{"line":1302,"column":16}},{"start":{"line":1302,"column":16},"end":{"line":1302,"column":16}}]},"134":{"line":1302,"type":"binary-expr","locations":[{"start":{"line":1302,"column":20},"end":{"line":1302,"column":22}},{"start":{"line":1302,"column":26},"end":{"line":1302,"column":43}}]},"135":{"line":1314,"type":"if","locations":[{"start":{"line":1314,"column":8},"end":{"line":1314,"column":8}},{"start":{"line":1314,"column":8},"end":{"line":1314,"column":8}}]},"136":{"line":1323,"type":"if","locations":[{"start":{"line":1323,"column":12},"end":{"line":1323,"column":12}},{"start":{"line":1323,"column":12},"end":{"line":1323,"column":12}}]},"137":{"line":1338,"type":"if","locations":[{"start":{"line":1338,"column":8},"end":{"line":1338,"column":8}},{"start":{"line":1338,"column":8},"end":{"line":1338,"column":8}}]},"138":{"line":1346,"type":"if","locations":[{"start":{"line":1346,"column":4},"end":{"line":1346,"column":4}},{"start":{"line":1346,"column":4},"end":{"line":1346,"column":4}}]},"139":{"line":1346,"type":"binary-expr","locations":[{"start":{"line":1346,"column":9},"end":{"line":1346,"column":36}},{"start":{"line":1346,"column":41},"end":{"line":1346,"column":66}}]},"140":{"line":1359,"type":"if","locations":[{"start":{"line":1359,"column":4},"end":{"line":1359,"column":4}},{"start":{"line":1359,"column":4},"end":{"line":1359,"column":4}}]},"141":{"line":1376,"type":"if","locations":[{"start":{"line":1376,"column":4},"end":{"line":1376,"column":4}},{"start":{"line":1376,"column":4},"end":{"line":1376,"column":4}}]},"142":{"line":1378,"type":"if","locations":[{"start":{"line":1378,"column":8},"end":{"line":1378,"column":8}},{"start":{"line":1378,"column":8},"end":{"line":1378,"column":8}}]},"143":{"line":1386,"type":"if","locations":[{"start":{"line":1386,"column":4},"end":{"line":1386,"column":4}},{"start":{"line":1386,"column":4},"end":{"line":1386,"column":4}}]},"144":{"line":1392,"type":"if","locations":[{"start":{"line":1392,"column":4},"end":{"line":1392,"column":4}},{"start":{"line":1392,"column":4},"end":{"line":1392,"column":4}}]},"145":{"line":1398,"type":"if","locations":[{"start":{"line":1398,"column":4},"end":{"line":1398,"column":4}},{"start":{"line":1398,"column":4},"end":{"line":1398,"column":4}}]},"146":{"line":1400,"type":"if","locations":[{"start":{"line":1400,"column":8},"end":{"line":1400,"column":8}},{"start":{"line":1400,"column":8},"end":{"line":1400,"column":8}}]},"147":{"line":1416,"type":"if","locations":[{"start":{"line":1416,"column":4},"end":{"line":1416,"column":4}},{"start":{"line":1416,"column":4},"end":{"line":1416,"column":4}}]},"148":{"line":1418,"type":"if","locations":[{"start":{"line":1418,"column":4},"end":{"line":1418,"column":4}},{"start":{"line":1418,"column":4},"end":{"line":1418,"column":4}}]}}}}