{"/home/david/qlobber-fsq/Gruntfile.js":{"path":"/home/david/qlobber-fsq/Gruntfile.js","s":{"1":1,"2":1,"3":1,"4":1,"5":1,"6":1,"7":1,"8":1,"9":1,"10":1,"11":1,"12":1,"13":1,"14":1,"15":1,"16":1},"b":{"1":[1,0]},"f":{"1":1},"fnMap":{"1":{"name":"(anonymous_1)","line":6,"loc":{"start":{"line":6,"column":17},"end":{"line":7,"column":0}}}},"statementMap":{"1":{"start":{"line":4,"column":0},"end":{"line":4,"column":54}},"2":{"start":{"line":6,"column":0},"end":{"line":84,"column":2}},"3":{"start":{"line":8,"column":4},"end":{"line":68,"column":7}},"4":{"start":{"line":70,"column":4},"end":{"line":70,"column":47}},"5":{"start":{"line":71,"column":4},"end":{"line":71,"column":43}},"6":{"start":{"line":72,"column":4},"end":{"line":72,"column":39}},"7":{"start":{"line":73,"column":4},"end":{"line":73,"column":38}},"8":{"start":{"line":75,"column":4},"end":{"line":75,"column":41}},"9":{"start":{"line":76,"column":4},"end":{"line":76,"column":52}},"10":{"start":{"line":77,"column":4},"end":{"line":77,"column":58}},"11":{"start":{"line":78,"column":4},"end":{"line":78,"column":56}},"12":{"start":{"line":79,"column":4},"end":{"line":79,"column":61}},"13":{"start":{"line":80,"column":4},"end":{"line":80,"column":73}},"14":{"start":{"line":81,"column":4},"end":{"line":81,"column":55}},"15":{"start":{"line":82,"column":4},"end":{"line":82,"column":47}},"16":{"start":{"line":83,"column":4},"end":{"line":83,"column":67}}},"branchMap":{"1":{"line":48,"type":"cond-expr","locations":[{"start":{"line":48,"column":147},"end":{"line":48,"column":149},"skip":true},{"start":{"line":48,"column":152},"end":{"line":48,"column":195}}]}}},"/home/david/qlobber-fsq/index.js":{"path":"/home/david/qlobber-fsq/index.js","s":{"1":1},"b":{},"f":{},"fnMap":{},"statementMap":{"1":{"start":{"line":3,"column":0},"end":{"line":3,"column":46}}},"branchMap":{}},"/home/david/qlobber-fsq/lib/qlobber-fsq.js":{"path":"/home/david/qlobber-fsq/lib/qlobber-fsq.js","s":{"1":1,"2":1,"3":1,"4":24624,"5":24624,"6":24624,"7":24624,"8":24624,"9":24624,"10":24623,"11":1,"12":1,"13":24623,"14":24623,"15":24623,"16":1,"17":198,"18":198,"19":198,"20":198,"21":198,"22":198,"23":198,"24":198,"25":198,"26":198,"27":198,"28":198,"29":198,"30":198,"31":198,"32":198,"33":198,"34":198,"35":198,"36":198,"37":198,"38":198,"39":198,"40":1,"41":1,"42":198,"43":198,"44":198,"45":196,"46":2,"47":198,"48":198,"49":198,"50":74619,"51":198,"52":428659,"53":94836,"54":94836,"55":47514,"56":47485,"57":47485,"58":94836,"59":0,"60":428659,"61":198,"62":198,"63":198,"64":198,"65":2472321,"66":196,"67":196,"68":2472321,"69":198,"70":97215,"71":1,"72":1,"73":1,"74":1,"75":74669,"76":74667,"77":1,"78":74669,"79":74669,"80":0,"81":74669,"82":74669,"83":0,"84":74669,"85":74669,"86":74664,"87":74664,"88":5,"89":5,"90":5,"91":0,"92":5,"93":5,"94":5,"95":1,"96":48343,"97":48343,"98":48343,"99":23645,"100":23645,"101":24698,"102":24698,"103":1,"104":54,"105":54,"106":54,"107":19,"108":19,"109":35,"110":1,"111":19,"112":19,"113":19,"114":1,"115":19,"116":18,"117":1,"118":1,"119":1,"120":0,"121":1,"122":1,"123":24650,"124":24649,"125":0,"126":24649,"127":1,"128":74624,"129":74624,"130":49907,"131":24717,"132":1,"133":74654,"134":12,"135":12,"136":12,"137":12,"138":74654,"139":74654,"140":50,"141":74604,"142":74604,"143":24717,"144":1,"145":24665,"146":1,"147":33,"148":33,"149":12,"150":33,"151":4,"152":1,"153":73,"154":71,"155":71,"156":16,"157":4,"158":12,"159":71,"160":2,"161":2,"162":2,"163":2,"164":2,"165":2,"166":1,"167":33,"168":2,"169":31,"170":1,"171":30,"172":13,"173":13,"174":30,"175":1,"176":35,"177":35,"178":35,"179":16,"180":19,"181":31,"182":11,"183":20,"184":24665,"185":24665,"186":24665,"187":24663,"188":33,"189":24630,"190":2,"191":24628,"192":24628,"193":24665,"194":14,"195":14,"196":12,"197":2,"198":2,"199":1,"200":1,"201":24665,"202":24692,"203":42,"204":24650,"205":24624,"206":24624,"207":24650,"208":24717,"209":16,"210":0,"211":16,"212":24701,"213":0,"214":24701,"215":70,"216":70,"217":32,"218":38,"219":38,"220":68,"221":68,"222":34,"223":38,"224":34,"225":34,"226":0,"227":38,"228":4,"229":4,"230":24631,"231":198,"232":1,"233":2,"234":2,"235":1,"236":74624,"237":2,"238":74622,"239":1,"240":71231,"241":149236,"242":0,"243":149236,"244":0,"245":149236,"246":1,"247":149218,"248":47969,"249":101249,"250":149218,"251":106,"252":149218,"253":149236,"254":47967,"255":47967,"256":47967,"257":47965,"258":2,"259":2,"260":2,"261":101269,"262":101269,"263":101269,"264":74566,"265":101269,"266":106,"267":11,"268":95,"269":95,"270":95,"271":6,"272":89,"273":2,"274":2,"275":87,"276":84,"277":9,"278":101163,"279":74540,"280":74540,"281":74540,"282":2,"283":2,"284":74538,"285":26623,"286":1,"287":149155,"288":149155,"289":74486,"290":74669,"291":1,"292":71149,"293":71149,"294":148155,"295":0,"296":148155,"297":148155,"298":0,"299":148155,"300":1,"301":1723066,"302":1,"303":1723048,"304":116,"305":1722932,"306":1723066,"307":1651835,"308":1,"309":71231,"310":1,"311":11836,"312":71231,"313":71231,"314":1,"315":1000,"316":1000,"317":1,"318":1,"319":1,"320":71230,"321":198,"322":6841,"323":6841,"324":0,"325":6841,"326":6841,"327":6841,"328":6841,"329":0,"330":6841,"331":0,"332":0,"333":6841,"334":1723066,"335":1723066,"336":1595466,"337":1595466,"338":1595355,"339":1595355,"340":127600,"341":127600,"342":127600,"343":127600,"344":0,"345":127600,"346":0,"347":127600,"348":127600,"349":127600,"350":127577,"351":127577,"352":127577,"353":127577,"354":6707,"355":0,"356":6707,"357":196,"358":196,"359":6707,"360":6705,"361":198,"362":202564,"363":202564,"364":202564,"365":198,"366":198,"367":50312,"368":198,"369":198,"370":198,"371":198,"372":198,"373":197,"374":197,"375":2,"376":2,"377":2,"378":1,"379":1,"380":1,"381":1,"382":197,"383":197,"384":1,"385":196,"386":196,"387":196,"388":0,"389":196,"390":196,"391":49800,"392":49800,"393":17444,"394":49800,"395":17444,"396":196,"397":35868,"398":35868,"399":196,"400":0,"401":196,"402":196,"403":0,"404":196,"405":0,"406":196,"407":196,"408":192,"409":192,"410":71947,"411":71947,"412":0,"413":0,"414":1,"415":1,"416":193,"417":193,"418":23,"419":1,"420":3,"421":1,"422":1,"423":1,"424":3,"425":1,"426":2,"427":1,"428":1,"429":3,"430":3,"431":1,"432":25164,"433":25164,"434":25164,"435":1,"436":25164,"437":9,"438":9,"439":9,"440":25164,"441":32,"442":32,"443":25164,"444":25164,"445":25161,"446":25164,"447":25164,"448":25164,"449":25164,"450":25164,"451":25164,"452":25164,"453":25164,"454":1,"455":25169,"456":2,"457":2,"458":2,"459":2,"460":2,"461":2,"462":2,"463":2,"464":25167,"465":1,"466":48783,"467":48783,"468":23621,"469":23621,"470":25162,"471":0,"472":25162,"473":25162,"474":0,"475":0,"476":25162,"477":25162,"478":25152,"479":25162,"480":25162,"481":1,"482":25162,"483":25157,"484":5,"485":5,"486":5,"487":0,"488":5,"489":25164,"490":25164,"491":2,"492":2,"493":25164,"494":25162,"495":25162,"496":25164,"497":25164,"498":9,"499":25155,"500":25153,"501":1,"502":72249,"503":343,"504":343,"505":343,"506":71906,"507":1,"508":226,"509":30,"510":30,"511":30,"512":196,"513":196,"514":192,"515":192,"516":196,"517":59,"518":59,"519":59,"520":196,"521":195,"522":195,"523":0,"524":1,"525":72053,"526":0,"527":72053,"528":284,"529":71769,"530":1,"531":105,"532":105,"533":1},"b":{"1":[198,0],"2":[198,1],"3":[196,2],"4":[198,197],"5":[198,192],"6":[198,192],"7":[198,197],"8":[198,198],"9":[198,197],"10":[198,197],"11":[198,196],"12":[198,192],"13":[198,129],"14":[198,197],"15":[198,197],"16":[1,197],"17":[196,2],"18":[197,1],"19":[196,2],"20":[198,194],"21":[94836,333823],"22":[47485,29],"23":[0,94836],"24":[94836,47351],"25":[196,2472125],"26":[2472321,202],"27":[97215,47301],"28":[74667,2],"29":[0,74669],"30":[0,74669],"31":[74664,5],"32":[0,5],"33":[23645,24698],"34":[24698,0],"35":[24698,24698],"36":[19,35],"37":[35,35],"38":[1,18],"39":[19,1],"40":[18,1],"41":[18,18],"42":[0,1],"43":[1,0],"44":[1,1,1],"45":[0,24649],"46":[74620,4],"47":[49907,24717],"48":[74624,24717],"49":[12,74642],"50":[50,74604],"51":[74654,74630],"52":[86,24631],"53":[12,21],"54":[4,29],"55":[71,2],"56":[16,55],"57":[4,12],"58":[2,0],"59":[2,31],"60":[13,17],"61":[16,19],"62":[11,20],"63":[34,24631],"64":[33,24630],"65":[2,24628],"66":[12,2],"67":[1,1],"68":[42,24650],"69":[24624,26],"70":[16,24701],"71":[0,16],"72":[0,24701],"73":[70,24631],"74":[32,38],"75":[70,38],"76":[34,34],"77":[34,0],"78":[1,197],"79":[2,74622],"80":[0,149236],"81":[0,149236],"82":[47969,101249],"83":[149218,101251],"84":[106,149112],"85":[149218,149113,107],"86":[47967,101269],"87":[47965,2],"88":[101269,101265],"89":[74566,26703],"90":[106,101163],"91":[11,95],"92":[6,89],"93":[2,87],"94":[2,0],"95":[84,3],"96":[74540,26623],"97":[2,74538],"98":[149155,149150],"99":[74486,74669],"100":[0,148155],"101":[0,148155],"102":[116,1722932],"103":[1651835,71231],"104":[1,71230],"105":[1,71230],"106":[71231,1],"107":[0,6841],"108":[0,6841],"109":[0,6841],"110":[6841,6841],"111":[1595466,127600],"112":[0,127600],"113":[0,127600],"114":[0,6707],"115":[196,6511],"116":[6705,2],"117":[201541,1023],"118":[197,1],"119":[1,1],"120":[1,0],"121":[1,196],"122":[197,69],"123":[0,196],"124":[196,68],"125":[17444,32356],"126":[17444,32356],"127":[0,35868],"128":[35868,640],"129":[0,196],"130":[0,196],"131":[0,196],"132":[192,4],"133":[71947,0],"134":[23,170],"135":[1,2],"136":[1,2],"137":[1,1],"138":[3,0],"139":[9,25155],"140":[25164,9],"141":[32,25132],"142":[25164,38],"143":[25161,3],"144":[25164,63],"145":[23,40],"146":[5,25159],"147":[25,25139],"148":[25164,25164],"149":[25164,25164],"150":[25164,25164],"151":[24149,1015],"152":[2,25167],"153":[2,0],"154":[2,0,0],"155":[23621,25162],"156":[0,25162],"157":[25152,10],"158":[25162,25152],"159":[25157,5],"160":[0,5],"161":[25162,0],"162":[9,25155],"163":[25164,9],"164":[343,71906],"165":[30,196],"166":[30,0],"167":[192,4],"168":[59,137],"169":[195,1],"170":[195,0],"171":[0,72053],"172":[284,71769]},"f":{"1":24624,"2":24623,"3":24623,"4":198,"5":74619,"6":428659,"7":2472321,"8":97215,"9":1,"10":74669,"11":74669,"12":5,"13":48343,"14":48343,"15":23645,"16":54,"17":54,"18":19,"19":19,"20":19,"21":1,"22":24650,"23":24649,"24":74624,"25":74654,"26":12,"27":24717,"28":24665,"29":33,"30":73,"31":2,"32":2,"33":33,"34":30,"35":13,"36":35,"37":35,"38":24663,"39":14,"40":70,"41":68,"42":34,"43":4,"44":2,"45":74624,"46":71231,"47":149236,"48":149218,"49":47967,"50":2,"51":95,"52":74540,"53":149155,"54":71149,"55":148155,"56":148155,"57":1723066,"58":1723048,"59":71231,"60":11836,"61":1000,"62":1000,"63":1,"64":6841,"65":6841,"66":1723066,"67":1595355,"68":127600,"69":127577,"70":6707,"71":202564,"72":198,"73":197,"74":196,"75":35868,"76":35868,"77":196,"78":196,"79":71947,"80":193,"81":3,"82":25164,"83":25164,"84":25169,"85":2,"86":2,"87":48783,"88":48783,"89":0,"90":25162,"91":25162,"92":25162,"93":5,"94":2,"95":25162,"96":25153,"97":72249,"98":226,"99":59,"100":72053,"101":105},"fnMap":{"1":{"name":"CollectStream","line":239,"loc":{"start":{"line":239,"column":0},"end":{"line":240,"column":0}}},"2":{"name":"(anonymous_2)","line":250,"loc":{"start":{"line":250,"column":22},"end":{"line":251,"column":4}}},"3":{"name":"(anonymous_3)","line":258,"loc":{"start":{"line":258,"column":33},"end":{"line":259,"column":0}}},"4":{"name":"QlobberFSQ","line":328,"loc":{"start":{"line":328,"column":0},"end":{"line":329,"column":0}}},"5":{"name":"(anonymous_5)","line":395,"loc":{"start":{"line":395,"column":37},"end":{"line":396,"column":4}}},"6":{"name":"(anonymous_6)","line":400,"loc":{"start":{"line":400,"column":18},"end":{"line":401,"column":4}}},"7":{"name":"(anonymous_7)","line":428,"loc":{"start":{"line":428,"column":20},"end":{"line":429,"column":4}}},"8":{"name":"(anonymous_8)","line":439,"loc":{"start":{"line":439,"column":22},"end":{"line":440,"column":4}}},"9":{"name":"emit_error","line":445,"loc":{"start":{"line":445,"column":4},"end":{"line":446,"column":4}}},"10":{"name":"decode_topic","line":451,"loc":{"start":{"line":451,"column":4},"end":{"line":452,"column":4}}},"11":{"name":"parse_fname","line":459,"loc":{"start":{"line":459,"column":4},"end":{"line":460,"column":4}}},"12":{"name":"(anonymous_12)","line":486,"loc":{"start":{"line":486,"column":8},"end":{"line":487,"column":8}}},"13":{"name":"close","line":495,"loc":{"start":{"line":495,"column":4},"end":{"line":496,"column":4}}},"14":{"name":"(anonymous_14)","line":497,"loc":{"start":{"line":497,"column":26},"end":{"line":498,"column":8}}},"15":{"name":"(anonymous_15)","line":503,"loc":{"start":{"line":503,"column":34},"end":{"line":504,"column":16}}},"16":{"name":"unlock_and_close","line":513,"loc":{"start":{"line":513,"column":4},"end":{"line":514,"column":4}}},"17":{"name":"(anonymous_17)","line":516,"loc":{"start":{"line":516,"column":32},"end":{"line":517,"column":8}}},"18":{"name":"(anonymous_18)","line":522,"loc":{"start":{"line":522,"column":34},"end":{"line":523,"column":16}}},"19":{"name":"unlink_unlock_and_close","line":532,"loc":{"start":{"line":532,"column":4},"end":{"line":533,"column":4}}},"20":{"name":"(anonymous_20)","line":534,"loc":{"start":{"line":534,"column":34},"end":{"line":535,"column":8}}},"21":{"name":"(anonymous_21)","line":551,"loc":{"start":{"line":551,"column":44},"end":{"line":552,"column":12}}},"22":{"name":"collected","line":565,"loc":{"start":{"line":565,"column":4},"end":{"line":566,"column":4}}},"23":{"name":"(anonymous_23)","line":567,"loc":{"start":{"line":567,"column":15},"end":{"line":568,"column":8}}},"24":{"name":"call_handlers2","line":574,"loc":{"start":{"line":574,"column":4},"end":{"line":575,"column":4}}},"25":{"name":"done","line":584,"loc":{"start":{"line":584,"column":8},"end":{"line":585,"column":8}}},"26":{"name":"(anonymous_26)","line":590,"loc":{"start":{"line":590,"column":33},"end":{"line":591,"column":16}}},"27":{"name":"(anonymous_27)","line":604,"loc":{"start":{"line":604,"column":8},"end":{"line":605,"column":8}}},"28":{"name":"read","line":606,"loc":{"start":{"line":606,"column":12},"end":{"line":607,"column":12}}},"29":{"name":"destroy","line":619,"loc":{"start":{"line":619,"column":16},"end":{"line":620,"column":16}}},"30":{"name":"multi_callback","line":634,"loc":{"start":{"line":634,"column":16},"end":{"line":635,"column":16}}},"31":{"name":"(anonymous_31)","line":657,"loc":{"start":{"line":657,"column":36},"end":{"line":658,"column":20}}},"32":{"name":"(anonymous_32)","line":661,"loc":{"start":{"line":661,"column":45},"end":{"line":662,"column":28}}},"33":{"name":"single_callback","line":671,"loc":{"start":{"line":671,"column":16},"end":{"line":672,"column":16}}},"34":{"name":"cb2","line":680,"loc":{"start":{"line":680,"column":20},"end":{"line":681,"column":20}}},"35":{"name":"(anonymous_35)","line":684,"loc":{"start":{"line":684,"column":45},"end":{"line":685,"column":28}}},"36":{"name":"truncate","line":693,"loc":{"start":{"line":693,"column":20},"end":{"line":694,"column":20}}},"37":{"name":"(anonymous_37)","line":695,"loc":{"start":{"line":695,"column":49},"end":{"line":696,"column":24}}},"38":{"name":"(anonymous_38)","line":724,"loc":{"start":{"line":724,"column":35},"end":{"line":725,"column":16}}},"39":{"name":"(anonymous_39)","line":738,"loc":{"start":{"line":738,"column":35},"end":{"line":739,"column":16}}},"40":{"name":"(anonymous_40)","line":784,"loc":{"start":{"line":784,"column":42},"end":{"line":785,"column":16}}},"41":{"name":"(anonymous_41)","line":802,"loc":{"start":{"line":802,"column":42},"end":{"line":803,"column":20}}},"42":{"name":"(anonymous_42)","line":811,"loc":{"start":{"line":811,"column":39},"end":{"line":812,"column":20}}},"43":{"name":"(anonymous_43)","line":823,"loc":{"start":{"line":823,"column":41},"end":{"line":824,"column":20}}},"44":{"name":"(anonymous_44)","line":839,"loc":{"start":{"line":839,"column":36},"end":{"line":840,"column":8}}},"45":{"name":"call_handlers","line":846,"loc":{"start":{"line":846,"column":4},"end":{"line":847,"column":4}}},"46":{"name":"make_info_handler","line":863,"loc":{"start":{"line":863,"column":4},"end":{"line":864,"column":4}}},"47":{"name":"(anonymous_47)","line":865,"loc":{"start":{"line":865,"column":15},"end":{"line":866,"column":8}}},"48":{"name":"cb","line":875,"loc":{"start":{"line":875,"column":12},"end":{"line":876,"column":12}}},"49":{"name":"(anonymous_49)","line":896,"loc":{"start":{"line":896,"column":49},"end":{"line":897,"column":16}}},"50":{"name":"(anonymous_50)","line":908,"loc":{"start":{"line":908,"column":52},"end":{"line":909,"column":20}}},"51":{"name":"(anonymous_51)","line":936,"loc":{"start":{"line":936,"column":44},"end":{"line":937,"column":16}}},"52":{"name":"(anonymous_52)","line":963,"loc":{"start":{"line":963,"column":44},"end":{"line":964,"column":16}}},"53":{"name":"fname_to_info","line":985,"loc":{"start":{"line":985,"column":4},"end":{"line":986,"column":4}}},"54":{"name":"make_fname_handler","line":997,"loc":{"start":{"line":997,"column":4},"end":{"line":998,"column":4}}},"55":{"name":"(anonymous_55)","line":1001,"loc":{"start":{"line":1001,"column":15},"end":{"line":1002,"column":8}}},"56":{"name":"(anonymous_56)","line":1005,"loc":{"start":{"line":1005,"column":48},"end":{"line":1006,"column":12}}},"57":{"name":"handle","line":1013,"loc":{"start":{"line":1013,"column":4},"end":{"line":1014,"column":4}}},"58":{"name":"cb2","line":1017,"loc":{"start":{"line":1017,"column":8},"end":{"line":1018,"column":8}}},"59":{"name":"cb3","line":1028,"loc":{"start":{"line":1028,"column":8},"end":{"line":1029,"column":8}}},"60":{"name":"(anonymous_60)","line":1032,"loc":{"start":{"line":1032,"column":27},"end":{"line":1033,"column":16}}},"61":{"name":"(anonymous_61)","line":1049,"loc":{"start":{"line":1049,"column":20},"end":{"line":1050,"column":20}}},"62":{"name":"(anonymous_62)","line":1051,"loc":{"start":{"line":1051,"column":60},"end":{"line":1052,"column":24}}},"63":{"name":"(anonymous_63)","line":1056,"loc":{"start":{"line":1056,"column":20},"end":{"line":1057,"column":20}}},"64":{"name":"(anonymous_64)","line":1067,"loc":{"start":{"line":1067,"column":17},"end":{"line":1068,"column":4}}},"65":{"name":"(anonymous_65)","line":1076,"loc":{"start":{"line":1076,"column":8},"end":{"line":1077,"column":8}}},"66":{"name":"(anonymous_66)","line":1088,"loc":{"start":{"line":1088,"column":12},"end":{"line":1089,"column":12}}},"67":{"name":"(anonymous_67)","line":1105,"loc":{"start":{"line":1105,"column":20},"end":{"line":1106,"column":20}}},"68":{"name":"(anonymous_68)","line":1118,"loc":{"start":{"line":1118,"column":20},"end":{"line":1119,"column":20}}},"69":{"name":"(anonymous_69)","line":1128,"loc":{"start":{"line":1128,"column":24},"end":{"line":1129,"column":24}}},"70":{"name":"(anonymous_70)","line":1137,"loc":{"start":{"line":1137,"column":15},"end":{"line":1138,"column":12}}},"71":{"name":"(anonymous_71)","line":1155,"loc":{"start":{"line":1155,"column":26},"end":{"line":1156,"column":4}}},"72":{"name":"(anonymous_72)","line":1175,"loc":{"start":{"line":1175,"column":21},"end":{"line":1176,"column":4}}},"73":{"name":"(anonymous_73)","line":1203,"loc":{"start":{"line":1203,"column":38},"end":{"line":1204,"column":8}}},"74":{"name":"(anonymous_74)","line":1209,"loc":{"start":{"line":1209,"column":44},"end":{"line":1210,"column":12}}},"75":{"name":"(anonymous_75)","line":1230,"loc":{"start":{"line":1230,"column":39},"end":{"line":1231,"column":16}}},"76":{"name":"(anonymous_76)","line":1232,"loc":{"start":{"line":1232,"column":39},"end":{"line":1233,"column":20}}},"77":{"name":"(anonymous_77)","line":1236,"loc":{"start":{"line":1236,"column":19},"end":{"line":1237,"column":16}}},"78":{"name":"(anonymous_78)","line":1245,"loc":{"start":{"line":1245,"column":20},"end":{"line":1246,"column":20}}},"79":{"name":"(anonymous_79)","line":1258,"loc":{"start":{"line":1258,"column":78},"end":{"line":1259,"column":32}}},"80":{"name":"(anonymous_80)","line":1309,"loc":{"start":{"line":1309,"column":33},"end":{"line":1310,"column":0}}},"81":{"name":"(anonymous_81)","line":1326,"loc":{"start":{"line":1326,"column":35},"end":{"line":1327,"column":0}}},"82":{"name":"default_hasher","line":1351,"loc":{"start":{"line":1351,"column":0},"end":{"line":1352,"column":0}}},"83":{"name":"(anonymous_83)","line":1389,"loc":{"start":{"line":1389,"column":31},"end":{"line":1390,"column":0}}},"84":{"name":"errored","line":1443,"loc":{"start":{"line":1443,"column":4},"end":{"line":1444,"column":4}}},"85":{"name":"(anonymous_85)","line":1448,"loc":{"start":{"line":1448,"column":42},"end":{"line":1449,"column":12}}},"86":{"name":"(anonymous_86)","line":1451,"loc":{"start":{"line":1451,"column":44},"end":{"line":1452,"column":16}}},"87":{"name":"rename_and_update","line":1463,"loc":{"start":{"line":1463,"column":4},"end":{"line":1464,"column":4}}},"88":{"name":"(anonymous_88)","line":1465,"loc":{"start":{"line":1465,"column":49},"end":{"line":1466,"column":8}}},"89":{"name":"(anonymous_89)","line":1483,"loc":{"start":{"line":1483,"column":40},"end":{"line":1484,"column":12}}},"90":{"name":"(anonymous_90)","line":1489,"loc":{"start":{"line":1489,"column":40},"end":{"line":1490,"column":12}}},"91":{"name":"(anonymous_91)","line":1494,"loc":{"start":{"line":1494,"column":39},"end":{"line":1495,"column":12}}},"92":{"name":"maybe_split","line":1501,"loc":{"start":{"line":1501,"column":4},"end":{"line":1502,"column":4}}},"93":{"name":"(anonymous_93)","line":1510,"loc":{"start":{"line":1510,"column":61},"end":{"line":1511,"column":8}}},"94":{"name":"(anonymous_94)","line":1519,"loc":{"start":{"line":1519,"column":25},"end":{"line":1520,"column":4}}},"95":{"name":"(anonymous_95)","line":1525,"loc":{"start":{"line":1525,"column":25},"end":{"line":1526,"column":4}}},"96":{"name":"(anonymous_96)","line":1540,"loc":{"start":{"line":1540,"column":24},"end":{"line":1541,"column":4}}},"97":{"name":"(anonymous_97)","line":1546,"loc":{"start":{"line":1546,"column":37},"end":{"line":1547,"column":0}}},"98":{"name":"(anonymous_98)","line":1563,"loc":{"start":{"line":1563,"column":37},"end":{"line":1564,"column":0}}},"99":{"name":"(anonymous_99)","line":1584,"loc":{"start":{"line":1584,"column":21},"end":{"line":1584,"column":33}}},"100":{"name":"(anonymous_100)","line":1603,"loc":{"start":{"line":1603,"column":35},"end":{"line":1604,"column":0}}},"101":{"name":"(anonymous_101)","line":1620,"loc":{"start":{"line":1620,"column":37},"end":{"line":1621,"column":0}}}},"statementMap":{"1":{"start":{"line":226,"column":0},"end":{"line":226,"column":23}},"2":{"start":{"line":228,"column":0},"end":{"line":237,"column":40}},"3":{"start":{"line":239,"column":0},"end":{"line":254,"column":1}},"4":{"start":{"line":241,"column":4},"end":{"line":241,"column":31}},"5":{"start":{"line":243,"column":4},"end":{"line":243,"column":28}},"6":{"start":{"line":245,"column":4},"end":{"line":245,"column":22}},"7":{"start":{"line":246,"column":4},"end":{"line":246,"column":18}},"8":{"start":{"line":248,"column":4},"end":{"line":248,"column":19}},"9":{"start":{"line":250,"column":4},"end":{"line":253,"column":7}},"10":{"start":{"line":252,"column":8},"end":{"line":252,"column":65}},"11":{"start":{"line":256,"column":0},"end":{"line":256,"column":46}},"12":{"start":{"line":258,"column":0},"end":{"line":263,"column":2}},"13":{"start":{"line":260,"column":4},"end":{"line":260,"column":29}},"14":{"start":{"line":261,"column":4},"end":{"line":261,"column":30}},"15":{"start":{"line":262,"column":4},"end":{"line":262,"column":15}},"16":{"start":{"line":328,"column":0},"end":{"line":1277,"column":1}},"17":{"start":{"line":330,"column":4},"end":{"line":330,"column":35}},"18":{"start":{"line":332,"column":4},"end":{"line":332,"column":28}},"19":{"start":{"line":334,"column":4},"end":{"line":334,"column":73}},"20":{"start":{"line":335,"column":4},"end":{"line":335,"column":58}},"21":{"start":{"line":336,"column":4},"end":{"line":336,"column":58}},"22":{"start":{"line":337,"column":4},"end":{"line":337,"column":61}},"23":{"start":{"line":338,"column":4},"end":{"line":338,"column":59}},"24":{"start":{"line":339,"column":4},"end":{"line":339,"column":64}},"25":{"start":{"line":341,"column":4},"end":{"line":341,"column":93}},"26":{"start":{"line":342,"column":4},"end":{"line":342,"column":57}},"27":{"start":{"line":344,"column":4},"end":{"line":344,"column":50}},"28":{"start":{"line":345,"column":4},"end":{"line":345,"column":59}},"29":{"start":{"line":346,"column":4},"end":{"line":346,"column":62}},"30":{"start":{"line":348,"column":4},"end":{"line":348,"column":37}},"31":{"start":{"line":350,"column":4},"end":{"line":350,"column":52}},"32":{"start":{"line":352,"column":4},"end":{"line":352,"column":62}},"33":{"start":{"line":353,"column":4},"end":{"line":353,"column":54}},"34":{"start":{"line":355,"column":4},"end":{"line":355,"column":56}},"35":{"start":{"line":356,"column":4},"end":{"line":356,"column":58}},"36":{"start":{"line":358,"column":4},"end":{"line":358,"column":65}},"37":{"start":{"line":359,"column":4},"end":{"line":359,"column":63}},"38":{"start":{"line":361,"column":4},"end":{"line":361,"column":52}},"39":{"start":{"line":362,"column":4},"end":{"line":366,"column":5}},"40":{"start":{"line":364,"column":8},"end":{"line":364,"column":30}},"41":{"start":{"line":365,"column":8},"end":{"line":365,"column":35}},"42":{"start":{"line":368,"column":4},"end":{"line":368,"column":72}},"43":{"start":{"line":369,"column":4},"end":{"line":369,"column":75}},"44":{"start":{"line":371,"column":4},"end":{"line":378,"column":5}},"45":{"start":{"line":373,"column":8},"end":{"line":373,"column":50}},"46":{"start":{"line":377,"column":8},"end":{"line":377,"column":45}},"47":{"start":{"line":380,"column":4},"end":{"line":380,"column":39}},"48":{"start":{"line":382,"column":4},"end":{"line":393,"column":33}},"49":{"start":{"line":395,"column":4},"end":{"line":398,"column":6}},"50":{"start":{"line":397,"column":8},"end":{"line":397,"column":33}},"51":{"start":{"line":400,"column":4},"end":{"line":422,"column":6}},"52":{"start":{"line":402,"column":8},"end":{"line":419,"column":9}},"53":{"start":{"line":404,"column":12},"end":{"line":404,"column":34}},"54":{"start":{"line":406,"column":12},"end":{"line":413,"column":13}},"55":{"start":{"line":408,"column":16},"end":{"line":412,"column":17}},"56":{"start":{"line":410,"column":20},"end":{"line":410,"column":34}},"57":{"start":{"line":411,"column":20},"end":{"line":411,"column":26}},"58":{"start":{"line":415,"column":12},"end":{"line":418,"column":13}},"59":{"start":{"line":417,"column":16},"end":{"line":417,"column":35}},"60":{"start":{"line":421,"column":8},"end":{"line":421,"column":19}},"61":{"start":{"line":424,"column":4},"end":{"line":424,"column":26}},"62":{"start":{"line":425,"column":4},"end":{"line":425,"column":24}},"63":{"start":{"line":426,"column":4},"end":{"line":426,"column":29}},"64":{"start":{"line":428,"column":4},"end":{"line":437,"column":6}},"65":{"start":{"line":430,"column":8},"end":{"line":434,"column":9}},"66":{"start":{"line":432,"column":12},"end":{"line":432,"column":33}},"67":{"start":{"line":433,"column":12},"end":{"line":433,"column":30}},"68":{"start":{"line":436,"column":8},"end":{"line":436,"column":29}},"69":{"start":{"line":439,"column":4},"end":{"line":443,"column":6}},"70":{"start":{"line":442,"column":8},"end":{"line":442,"column":45}},"71":{"start":{"line":445,"column":4},"end":{"line":449,"column":5}},"72":{"start":{"line":447,"column":8},"end":{"line":447,"column":28}},"73":{"start":{"line":448,"column":8},"end":{"line":448,"column":31}},"74":{"start":{"line":451,"column":4},"end":{"line":457,"column":5}},"75":{"start":{"line":453,"column":8},"end":{"line":456,"column":9}},"76":{"start":{"line":455,"column":12},"end":{"line":455,"column":66}},"77":{"start":{"line":459,"column":4},"end":{"line":493,"column":5}},"78":{"start":{"line":461,"column":8},"end":{"line":461,"column":60}},"79":{"start":{"line":463,"column":8},"end":{"line":463,"column":40}},"80":{"start":{"line":463,"column":26},"end":{"line":463,"column":38}},"81":{"start":{"line":465,"column":8},"end":{"line":465,"column":55}},"82":{"start":{"line":466,"column":8},"end":{"line":466,"column":51}},"83":{"start":{"line":466,"column":37},"end":{"line":466,"column":49}},"84":{"start":{"line":468,"column":8},"end":{"line":474,"column":10}},"85":{"start":{"line":476,"column":8},"end":{"line":480,"column":9}},"86":{"start":{"line":478,"column":12},"end":{"line":478,"column":31}},"87":{"start":{"line":479,"column":12},"end":{"line":479,"column":28}},"88":{"start":{"line":482,"column":8},"end":{"line":482,"column":80}},"89":{"start":{"line":484,"column":8},"end":{"line":492,"column":11}},"90":{"start":{"line":488,"column":12},"end":{"line":488,"column":49}},"91":{"start":{"line":488,"column":35},"end":{"line":488,"column":47}},"92":{"start":{"line":489,"column":12},"end":{"line":489,"column":49}},"93":{"start":{"line":490,"column":12},"end":{"line":490,"column":31}},"94":{"start":{"line":491,"column":12},"end":{"line":491,"column":21}},"95":{"start":{"line":495,"column":4},"end":{"line":511,"column":5}},"96":{"start":{"line":497,"column":8},"end":{"line":510,"column":11}},"97":{"start":{"line":499,"column":12},"end":{"line":499,"column":29}},"98":{"start":{"line":501,"column":12},"end":{"line":507,"column":13}},"99":{"start":{"line":503,"column":16},"end":{"line":506,"column":40}},"100":{"start":{"line":505,"column":20},"end":{"line":505,"column":39}},"101":{"start":{"line":509,"column":12},"end":{"line":509,"column":40}},"102":{"start":{"line":509,"column":22},"end":{"line":509,"column":38}},"103":{"start":{"line":513,"column":4},"end":{"line":530,"column":5}},"104":{"start":{"line":516,"column":8},"end":{"line":529,"column":11}},"105":{"start":{"line":518,"column":12},"end":{"line":518,"column":29}},"106":{"start":{"line":520,"column":12},"end":{"line":526,"column":13}},"107":{"start":{"line":522,"column":16},"end":{"line":525,"column":40}},"108":{"start":{"line":524,"column":20},"end":{"line":524,"column":50}},"109":{"start":{"line":528,"column":12},"end":{"line":528,"column":39}},"110":{"start":{"line":532,"column":4},"end":{"line":563,"column":5}},"111":{"start":{"line":534,"column":8},"end":{"line":562,"column":11}},"112":{"start":{"line":539,"column":12},"end":{"line":539,"column":39}},"113":{"start":{"line":541,"column":12},"end":{"line":544,"column":13}},"114":{"start":{"line":543,"column":16},"end":{"line":543,"column":28}},"115":{"start":{"line":546,"column":12},"end":{"line":549,"column":13}},"116":{"start":{"line":548,"column":16},"end":{"line":548,"column":61}},"117":{"start":{"line":551,"column":12},"end":{"line":561,"column":15}},"118":{"start":{"line":553,"column":16},"end":{"line":553,"column":43}},"119":{"start":{"line":555,"column":16},"end":{"line":558,"column":17}},"120":{"start":{"line":557,"column":20},"end":{"line":557,"column":32}},"121":{"start":{"line":560,"column":16},"end":{"line":560,"column":62}},"122":{"start":{"line":565,"column":4},"end":{"line":572,"column":5}},"123":{"start":{"line":567,"column":8},"end":{"line":571,"column":10}},"124":{"start":{"line":569,"column":12},"end":{"line":569,"column":43}},"125":{"start":{"line":569,"column":34},"end":{"line":569,"column":41}},"126":{"start":{"line":570,"column":12},"end":{"line":570,"column":45}},"127":{"start":{"line":574,"column":4},"end":{"line":835,"column":5}},"128":{"start":{"line":578,"column":8},"end":{"line":578,"column":66}},"129":{"start":{"line":579,"column":8},"end":{"line":579,"column":61}},"130":{"start":{"line":579,"column":45},"end":{"line":579,"column":59}},"131":{"start":{"line":581,"column":8},"end":{"line":582,"column":27}},"132":{"start":{"line":584,"column":8},"end":{"line":600,"column":9}},"133":{"start":{"line":586,"column":12},"end":{"line":594,"column":13}},"134":{"start":{"line":588,"column":16},"end":{"line":588,"column":32}},"135":{"start":{"line":589,"column":16},"end":{"line":589,"column":31}},"136":{"start":{"line":590,"column":16},"end":{"line":593,"column":19}},"137":{"start":{"line":592,"column":20},"end":{"line":592,"column":27}},"138":{"start":{"line":596,"column":12},"end":{"line":596,"column":28}},"139":{"start":{"line":597,"column":12},"end":{"line":597,"column":53}},"140":{"start":{"line":597,"column":44},"end":{"line":597,"column":51}},"141":{"start":{"line":598,"column":12},"end":{"line":598,"column":26}},"142":{"start":{"line":599,"column":12},"end":{"line":599,"column":17}},"143":{"start":{"line":602,"column":8},"end":{"line":834,"column":11}},"144":{"start":{"line":606,"column":12},"end":{"line":772,"column":13}},"145":{"start":{"line":608,"column":16},"end":{"line":617,"column":38}},"146":{"start":{"line":619,"column":16},"end":{"line":632,"column":17}},"147":{"start":{"line":621,"column":20},"end":{"line":621,"column":56}},"148":{"start":{"line":623,"column":20},"end":{"line":626,"column":21}},"149":{"start":{"line":625,"column":24},"end":{"line":625,"column":50}},"150":{"start":{"line":628,"column":20},"end":{"line":631,"column":21}},"151":{"start":{"line":630,"column":24},"end":{"line":630,"column":43}},"152":{"start":{"line":634,"column":16},"end":{"line":669,"column":17}},"153":{"start":{"line":636,"column":20},"end":{"line":653,"column":21}},"154":{"start":{"line":638,"column":24},"end":{"line":638,"column":40}},"155":{"start":{"line":640,"column":24},"end":{"line":650,"column":25}},"156":{"start":{"line":642,"column":28},"end":{"line":649,"column":29}},"157":{"start":{"line":644,"column":32},"end":{"line":644,"column":37}},"158":{"start":{"line":648,"column":32},"end":{"line":648,"column":45}},"159":{"start":{"line":652,"column":24},"end":{"line":652,"column":31}},"160":{"start":{"line":655,"column":20},"end":{"line":655,"column":33}},"161":{"start":{"line":657,"column":20},"end":{"line":668,"column":23}},"162":{"start":{"line":659,"column":24},"end":{"line":665,"column":25}},"163":{"start":{"line":661,"column":28},"end":{"line":664,"column":31}},"164":{"start":{"line":663,"column":32},"end":{"line":663,"column":40}},"165":{"start":{"line":667,"column":24},"end":{"line":667,"column":34}},"166":{"start":{"line":671,"column":16},"end":{"line":718,"column":17}},"167":{"start":{"line":673,"column":20},"end":{"line":676,"column":21}},"168":{"start":{"line":675,"column":24},"end":{"line":675,"column":55}},"169":{"start":{"line":678,"column":20},"end":{"line":678,"column":33}},"170":{"start":{"line":680,"column":20},"end":{"line":691,"column":21}},"171":{"start":{"line":682,"column":24},"end":{"line":688,"column":25}},"172":{"start":{"line":684,"column":28},"end":{"line":687,"column":31}},"173":{"start":{"line":686,"column":32},"end":{"line":686,"column":40}},"174":{"start":{"line":690,"column":24},"end":{"line":690,"column":34}},"175":{"start":{"line":693,"column":20},"end":{"line":708,"column":21}},"176":{"start":{"line":695,"column":24},"end":{"line":707,"column":27}},"177":{"start":{"line":697,"column":28},"end":{"line":697,"column":44}},"178":{"start":{"line":699,"column":28},"end":{"line":702,"column":29}},"179":{"start":{"line":701,"column":32},"end":{"line":701,"column":81}},"180":{"start":{"line":706,"column":28},"end":{"line":706,"column":72}},"181":{"start":{"line":710,"column":20},"end":{"line":717,"column":21}},"182":{"start":{"line":712,"column":24},"end":{"line":712,"column":56}},"183":{"start":{"line":716,"column":24},"end":{"line":716,"column":35}},"184":{"start":{"line":720,"column":16},"end":{"line":720,"column":69}},"185":{"start":{"line":722,"column":16},"end":{"line":722,"column":42}},"186":{"start":{"line":724,"column":16},"end":{"line":736,"column":19}},"187":{"start":{"line":726,"column":20},"end":{"line":735,"column":21}},"188":{"start":{"line":728,"column":24},"end":{"line":728,"column":31}},"189":{"start":{"line":732,"column":24},"end":{"line":732,"column":50}},"190":{"start":{"line":732,"column":41},"end":{"line":732,"column":48}},"191":{"start":{"line":733,"column":24},"end":{"line":733,"column":60}},"192":{"start":{"line":734,"column":24},"end":{"line":734,"column":46}},"193":{"start":{"line":738,"column":16},"end":{"line":753,"column":19}},"194":{"start":{"line":740,"column":20},"end":{"line":740,"column":36}},"195":{"start":{"line":742,"column":20},"end":{"line":742,"column":46}},"196":{"start":{"line":742,"column":37},"end":{"line":742,"column":44}},"197":{"start":{"line":743,"column":20},"end":{"line":743,"column":56}},"198":{"start":{"line":745,"column":20},"end":{"line":752,"column":21}},"199":{"start":{"line":747,"column":24},"end":{"line":747,"column":57}},"200":{"start":{"line":751,"column":24},"end":{"line":751,"column":46}},"201":{"start":{"line":755,"column":16},"end":{"line":771,"column":17}},"202":{"start":{"line":757,"column":20},"end":{"line":770,"column":21}},"203":{"start":{"line":759,"column":24},"end":{"line":759,"column":61}},"204":{"start":{"line":763,"column":24},"end":{"line":767,"column":25}},"205":{"start":{"line":765,"column":28},"end":{"line":765,"column":58}},"206":{"start":{"line":766,"column":28},"end":{"line":766,"column":49}},"207":{"start":{"line":769,"column":24},"end":{"line":769,"column":76}},"208":{"start":{"line":774,"column":12},"end":{"line":778,"column":13}},"209":{"start":{"line":776,"column":16},"end":{"line":776,"column":52}},"210":{"start":{"line":776,"column":38},"end":{"line":776,"column":50}},"211":{"start":{"line":777,"column":16},"end":{"line":777,"column":57}},"212":{"start":{"line":780,"column":12},"end":{"line":780,"column":65}},"213":{"start":{"line":780,"column":34},"end":{"line":780,"column":63}},"214":{"start":{"line":782,"column":12},"end":{"line":833,"column":13}},"215":{"start":{"line":784,"column":16},"end":{"line":828,"column":19}},"216":{"start":{"line":786,"column":20},"end":{"line":789,"column":21}},"217":{"start":{"line":788,"column":24},"end":{"line":788,"column":53}},"218":{"start":{"line":793,"column":20},"end":{"line":800,"column":41}},"219":{"start":{"line":802,"column":20},"end":{"line":809,"column":23}},"220":{"start":{"line":804,"column":24},"end":{"line":804,"column":49}},"221":{"start":{"line":805,"column":24},"end":{"line":808,"column":25}},"222":{"start":{"line":807,"column":28},"end":{"line":807,"column":55}},"223":{"start":{"line":811,"column":20},"end":{"line":821,"column":23}},"224":{"start":{"line":813,"column":24},"end":{"line":820,"column":25}},"225":{"start":{"line":815,"column":28},"end":{"line":815,"column":35}},"226":{"start":{"line":819,"column":28},"end":{"line":819,"column":74}},"227":{"start":{"line":823,"column":20},"end":{"line":827,"column":23}},"228":{"start":{"line":825,"column":24},"end":{"line":825,"column":40}},"229":{"start":{"line":826,"column":24},"end":{"line":826,"column":57}},"230":{"start":{"line":832,"column":16},"end":{"line":832,"column":23}},"231":{"start":{"line":837,"column":4},"end":{"line":844,"column":5}},"232":{"start":{"line":839,"column":8},"end":{"line":843,"column":40}},"233":{"start":{"line":841,"column":12},"end":{"line":841,"column":34}},"234":{"start":{"line":842,"column":12},"end":{"line":842,"column":57}},"235":{"start":{"line":846,"column":4},"end":{"line":861,"column":5}},"236":{"start":{"line":848,"column":8},"end":{"line":860,"column":9}},"237":{"start":{"line":850,"column":12},"end":{"line":855,"column":15}},"238":{"start":{"line":859,"column":12},"end":{"line":859,"column":47}},"239":{"start":{"line":863,"column":4},"end":{"line":983,"column":5}},"240":{"start":{"line":865,"column":8},"end":{"line":982,"column":10}},"241":{"start":{"line":867,"column":12},"end":{"line":867,"column":59}},"242":{"start":{"line":867,"column":34},"end":{"line":867,"column":57}},"243":{"start":{"line":868,"column":12},"end":{"line":868,"column":53}},"244":{"start":{"line":868,"column":25},"end":{"line":868,"column":51}},"245":{"start":{"line":870,"column":12},"end":{"line":873,"column":25}},"246":{"start":{"line":875,"column":12},"end":{"line":892,"column":13}},"247":{"start":{"line":877,"column":16},"end":{"line":884,"column":17}},"248":{"start":{"line":879,"column":20},"end":{"line":879,"column":46}},"249":{"start":{"line":883,"column":20},"end":{"line":883,"column":49}},"250":{"start":{"line":886,"column":16},"end":{"line":889,"column":17}},"251":{"start":{"line":888,"column":20},"end":{"line":888,"column":40}},"252":{"start":{"line":891,"column":16},"end":{"line":891,"column":35}},"253":{"start":{"line":894,"column":12},"end":{"line":914,"column":13}},"254":{"start":{"line":896,"column":16},"end":{"line":913,"column":19}},"255":{"start":{"line":898,"column":20},"end":{"line":898,"column":46}},"256":{"start":{"line":903,"column":20},"end":{"line":906,"column":21}},"257":{"start":{"line":905,"column":24},"end":{"line":905,"column":40}},"258":{"start":{"line":908,"column":20},"end":{"line":912,"column":23}},"259":{"start":{"line":910,"column":24},"end":{"line":910,"column":50}},"260":{"start":{"line":911,"column":24},"end":{"line":911,"column":33}},"261":{"start":{"line":916,"column":12},"end":{"line":916,"column":54}},"262":{"start":{"line":917,"column":12},"end":{"line":917,"column":65}},"263":{"start":{"line":919,"column":12},"end":{"line":923,"column":13}},"264":{"start":{"line":922,"column":16},"end":{"line":922,"column":31}},"265":{"start":{"line":929,"column":12},"end":{"line":981,"column":13}},"266":{"start":{"line":931,"column":16},"end":{"line":934,"column":17}},"267":{"start":{"line":933,"column":20},"end":{"line":933,"column":32}},"268":{"start":{"line":936,"column":16},"end":{"line":959,"column":19}},"269":{"start":{"line":938,"column":20},"end":{"line":938,"column":36}},"270":{"start":{"line":940,"column":20},"end":{"line":956,"column":21}},"271":{"start":{"line":942,"column":24},"end":{"line":942,"column":48}},"272":{"start":{"line":944,"column":25},"end":{"line":956,"column":21}},"273":{"start":{"line":946,"column":24},"end":{"line":949,"column":25}},"274":{"start":{"line":948,"column":28},"end":{"line":948,"column":74}},"275":{"start":{"line":951,"column":25},"end":{"line":956,"column":21}},"276":{"start":{"line":953,"column":24},"end":{"line":955,"column":49}},"277":{"start":{"line":958,"column":20},"end":{"line":958,"column":25}},"278":{"start":{"line":961,"column":17},"end":{"line":981,"column":13}},"279":{"start":{"line":963,"column":16},"end":{"line":976,"column":19}},"280":{"start":{"line":965,"column":20},"end":{"line":965,"column":36}},"281":{"start":{"line":967,"column":20},"end":{"line":975,"column":21}},"282":{"start":{"line":969,"column":24},"end":{"line":969,"column":48}},"283":{"start":{"line":970,"column":24},"end":{"line":970,"column":40}},"284":{"start":{"line":974,"column":24},"end":{"line":974,"column":58}},"285":{"start":{"line":980,"column":16},"end":{"line":980,"column":21}},"286":{"start":{"line":985,"column":4},"end":{"line":995,"column":5}},"287":{"start":{"line":987,"column":8},"end":{"line":987,"column":45}},"288":{"start":{"line":989,"column":8},"end":{"line":992,"column":9}},"289":{"start":{"line":991,"column":12},"end":{"line":991,"column":28}},"290":{"start":{"line":994,"column":8},"end":{"line":994,"column":46}},"291":{"start":{"line":997,"column":4},"end":{"line":1011,"column":5}},"292":{"start":{"line":999,"column":8},"end":{"line":999,"column":70}},"293":{"start":{"line":1001,"column":8},"end":{"line":1010,"column":10}},"294":{"start":{"line":1003,"column":12},"end":{"line":1003,"column":59}},"295":{"start":{"line":1003,"column":34},"end":{"line":1003,"column":57}},"296":{"start":{"line":1005,"column":12},"end":{"line":1009,"column":15}},"297":{"start":{"line":1007,"column":16},"end":{"line":1007,"column":63}},"298":{"start":{"line":1007,"column":38},"end":{"line":1007,"column":61}},"299":{"start":{"line":1008,"column":16},"end":{"line":1008,"column":41}},"300":{"start":{"line":1013,"column":4},"end":{"line":1065,"column":5}},"301":{"start":{"line":1015,"column":8},"end":{"line":1015,"column":26}},"302":{"start":{"line":1017,"column":8},"end":{"line":1021,"column":9}},"303":{"start":{"line":1019,"column":12},"end":{"line":1019,"column":43}},"304":{"start":{"line":1019,"column":34},"end":{"line":1019,"column":41}},"305":{"start":{"line":1020,"column":12},"end":{"line":1020,"column":33}},"306":{"start":{"line":1023,"column":8},"end":{"line":1026,"column":9}},"307":{"start":{"line":1025,"column":12},"end":{"line":1025,"column":37}},"308":{"start":{"line":1028,"column":8},"end":{"line":1042,"column":9}},"309":{"start":{"line":1030,"column":12},"end":{"line":1036,"column":13}},"310":{"start":{"line":1032,"column":16},"end":{"line":1035,"column":19}},"311":{"start":{"line":1034,"column":20},"end":{"line":1034,"column":49}},"312":{"start":{"line":1038,"column":12},"end":{"line":1041,"column":33}},"313":{"start":{"line":1044,"column":8},"end":{"line":1062,"column":9}},"314":{"start":{"line":1046,"column":12},"end":{"line":1061,"column":23}},"315":{"start":{"line":1051,"column":24},"end":{"line":1054,"column":27}},"316":{"start":{"line":1053,"column":28},"end":{"line":1053,"column":43}},"317":{"start":{"line":1058,"column":24},"end":{"line":1058,"column":39}},"318":{"start":{"line":1059,"column":24},"end":{"line":1059,"column":57}},"319":{"start":{"line":1060,"column":24},"end":{"line":1060,"column":30}},"320":{"start":{"line":1064,"column":8},"end":{"line":1064,"column":14}},"321":{"start":{"line":1067,"column":4},"end":{"line":1153,"column":6}},"322":{"start":{"line":1069,"column":8},"end":{"line":1069,"column":28}},"323":{"start":{"line":1070,"column":8},"end":{"line":1070,"column":39}},"324":{"start":{"line":1070,"column":30},"end":{"line":1070,"column":37}},"325":{"start":{"line":1072,"column":8},"end":{"line":1072,"column":40}},"326":{"start":{"line":1074,"column":8},"end":{"line":1152,"column":11}},"327":{"start":{"line":1078,"column":12},"end":{"line":1078,"column":28}},"328":{"start":{"line":1079,"column":12},"end":{"line":1079,"column":43}},"329":{"start":{"line":1079,"column":34},"end":{"line":1079,"column":41}},"330":{"start":{"line":1081,"column":12},"end":{"line":1085,"column":13}},"331":{"start":{"line":1083,"column":16},"end":{"line":1083,"column":73}},"332":{"start":{"line":1084,"column":16},"end":{"line":1084,"column":23}},"333":{"start":{"line":1087,"column":12},"end":{"line":1151,"column":15}},"334":{"start":{"line":1090,"column":16},"end":{"line":1093,"column":31}},"335":{"start":{"line":1097,"column":16},"end":{"line":1136,"column":17}},"336":{"start":{"line":1102,"column":20},"end":{"line":1102,"column":47}},"337":{"start":{"line":1104,"column":20},"end":{"line":1109,"column":23}},"338":{"start":{"line":1107,"column":24},"end":{"line":1107,"column":54}},"339":{"start":{"line":1108,"column":24},"end":{"line":1108,"column":31}},"340":{"start":{"line":1115,"column":20},"end":{"line":1115,"column":60}},"341":{"start":{"line":1117,"column":20},"end":{"line":1135,"column":23}},"342":{"start":{"line":1120,"column":24},"end":{"line":1120,"column":40}},"343":{"start":{"line":1121,"column":24},"end":{"line":1121,"column":55}},"344":{"start":{"line":1121,"column":46},"end":{"line":1121,"column":53}},"345":{"start":{"line":1122,"column":24},"end":{"line":1122,"column":51}},"346":{"start":{"line":1122,"column":35},"end":{"line":1122,"column":49}},"347":{"start":{"line":1124,"column":24},"end":{"line":1124,"column":46}},"348":{"start":{"line":1125,"column":24},"end":{"line":1125,"column":50}},"349":{"start":{"line":1127,"column":24},"end":{"line":1134,"column":27}},"350":{"start":{"line":1130,"column":28},"end":{"line":1130,"column":77}},"351":{"start":{"line":1131,"column":28},"end":{"line":1131,"column":55}},"352":{"start":{"line":1132,"column":28},"end":{"line":1132,"column":58}},"353":{"start":{"line":1133,"column":28},"end":{"line":1133,"column":35}},"354":{"start":{"line":1139,"column":16},"end":{"line":1139,"column":47}},"355":{"start":{"line":1139,"column":38},"end":{"line":1139,"column":45}},"356":{"start":{"line":1141,"column":16},"end":{"line":1145,"column":17}},"357":{"start":{"line":1143,"column":20},"end":{"line":1143,"column":43}},"358":{"start":{"line":1144,"column":20},"end":{"line":1144,"column":38}},"359":{"start":{"line":1147,"column":16},"end":{"line":1150,"column":17}},"360":{"start":{"line":1149,"column":20},"end":{"line":1149,"column":69}},"361":{"start":{"line":1155,"column":4},"end":{"line":1161,"column":6}},"362":{"start":{"line":1157,"column":8},"end":{"line":1158,"column":21}},"363":{"start":{"line":1159,"column":8},"end":{"line":1159,"column":47}},"364":{"start":{"line":1160,"column":8},"end":{"line":1160,"column":66}},"365":{"start":{"line":1163,"column":4},"end":{"line":1163,"column":70}},"366":{"start":{"line":1165,"column":4},"end":{"line":1168,"column":5}},"367":{"start":{"line":1167,"column":8},"end":{"line":1167,"column":31}},"368":{"start":{"line":1170,"column":4},"end":{"line":1170,"column":62}},"369":{"start":{"line":1171,"column":4},"end":{"line":1171,"column":62}},"370":{"start":{"line":1173,"column":4},"end":{"line":1173,"column":31}},"371":{"start":{"line":1175,"column":4},"end":{"line":1276,"column":7}},"372":{"start":{"line":1177,"column":8},"end":{"line":1201,"column":9}},"373":{"start":{"line":1179,"column":12},"end":{"line":1196,"column":13}},"374":{"start":{"line":1181,"column":16},"end":{"line":1181,"column":52}},"375":{"start":{"line":1185,"column":16},"end":{"line":1185,"column":48}},"376":{"start":{"line":1186,"column":16},"end":{"line":1186,"column":39}},"377":{"start":{"line":1188,"column":16},"end":{"line":1195,"column":17}},"378":{"start":{"line":1190,"column":20},"end":{"line":1190,"column":51}},"379":{"start":{"line":1190,"column":42},"end":{"line":1190,"column":49}},"380":{"start":{"line":1194,"column":20},"end":{"line":1194,"column":76}},"381":{"start":{"line":1200,"column":12},"end":{"line":1200,"column":44}},"382":{"start":{"line":1203,"column":8},"end":{"line":1275,"column":11}},"383":{"start":{"line":1205,"column":12},"end":{"line":1205,"column":75}},"384":{"start":{"line":1205,"column":50},"end":{"line":1205,"column":73}},"385":{"start":{"line":1207,"column":12},"end":{"line":1207,"column":54}},"386":{"start":{"line":1209,"column":12},"end":{"line":1274,"column":15}},"387":{"start":{"line":1211,"column":16},"end":{"line":1211,"column":79}},"388":{"start":{"line":1211,"column":54},"end":{"line":1211,"column":77}},"389":{"start":{"line":1213,"column":16},"end":{"line":1213,"column":68}},"390":{"start":{"line":1215,"column":16},"end":{"line":1228,"column":17}},"391":{"start":{"line":1217,"column":20},"end":{"line":1217,"column":46}},"392":{"start":{"line":1219,"column":20},"end":{"line":1222,"column":21}},"393":{"start":{"line":1221,"column":24},"end":{"line":1221,"column":63}},"394":{"start":{"line":1224,"column":20},"end":{"line":1227,"column":21}},"395":{"start":{"line":1226,"column":24},"end":{"line":1226,"column":65}},"396":{"start":{"line":1230,"column":16},"end":{"line":1273,"column":19}},"397":{"start":{"line":1232,"column":20},"end":{"line":1235,"column":23}},"398":{"start":{"line":1234,"column":24},"end":{"line":1234,"column":74}},"399":{"start":{"line":1238,"column":20},"end":{"line":1238,"column":56}},"400":{"start":{"line":1238,"column":31},"end":{"line":1238,"column":54}},"401":{"start":{"line":1240,"column":20},"end":{"line":1272,"column":23}},"402":{"start":{"line":1249,"column":24},"end":{"line":1249,"column":60}},"403":{"start":{"line":1249,"column":35},"end":{"line":1249,"column":58}},"404":{"start":{"line":1250,"column":24},"end":{"line":1250,"column":55}},"405":{"start":{"line":1250,"column":46},"end":{"line":1250,"column":53}},"406":{"start":{"line":1252,"column":24},"end":{"line":1252,"column":64}},"407":{"start":{"line":1254,"column":24},"end":{"line":1271,"column":25}},"408":{"start":{"line":1256,"column":28},"end":{"line":1270,"column":29}},"409":{"start":{"line":1258,"column":32},"end":{"line":1264,"column":35}},"410":{"start":{"line":1260,"column":36},"end":{"line":1263,"column":37}},"411":{"start":{"line":1262,"column":40},"end":{"line":1262,"column":58}},"412":{"start":{"line":1268,"column":32},"end":{"line":1268,"column":52}},"413":{"start":{"line":1269,"column":32},"end":{"line":1269,"column":49}},"414":{"start":{"line":1279,"column":0},"end":{"line":1279,"column":47}},"415":{"start":{"line":1309,"column":0},"end":{"line":1313,"column":2}},"416":{"start":{"line":1311,"column":4},"end":{"line":1311,"column":38}},"417":{"start":{"line":1312,"column":4},"end":{"line":1312,"column":30}},"418":{"start":{"line":1312,"column":14},"end":{"line":1312,"column":28}},"419":{"start":{"line":1326,"column":0},"end":{"line":1349,"column":2}},"420":{"start":{"line":1328,"column":4},"end":{"line":1333,"column":5}},"421":{"start":{"line":1330,"column":8},"end":{"line":1330,"column":19}},"422":{"start":{"line":1331,"column":8},"end":{"line":1331,"column":26}},"423":{"start":{"line":1332,"column":8},"end":{"line":1332,"column":28}},"424":{"start":{"line":1335,"column":4},"end":{"line":1346,"column":5}},"425":{"start":{"line":1337,"column":8},"end":{"line":1337,"column":30}},"426":{"start":{"line":1339,"column":9},"end":{"line":1346,"column":5}},"427":{"start":{"line":1341,"column":8},"end":{"line":1341,"column":36}},"428":{"start":{"line":1345,"column":8},"end":{"line":1345,"column":45}},"429":{"start":{"line":1348,"column":4},"end":{"line":1348,"column":30}},"430":{"start":{"line":1348,"column":14},"end":{"line":1348,"column":28}},"431":{"start":{"line":1351,"column":0},"end":{"line":1356,"column":1}},"432":{"start":{"line":1353,"column":4},"end":{"line":1353,"column":37}},"433":{"start":{"line":1354,"column":4},"end":{"line":1354,"column":20}},"434":{"start":{"line":1355,"column":4},"end":{"line":1355,"column":22}},"435":{"start":{"line":1389,"column":0},"end":{"line":1544,"column":2}},"436":{"start":{"line":1391,"column":4},"end":{"line":1396,"column":5}},"437":{"start":{"line":1393,"column":8},"end":{"line":1393,"column":21}},"438":{"start":{"line":1394,"column":8},"end":{"line":1394,"column":26}},"439":{"start":{"line":1395,"column":8},"end":{"line":1395,"column":28}},"440":{"start":{"line":1398,"column":4},"end":{"line":1402,"column":5}},"441":{"start":{"line":1400,"column":8},"end":{"line":1400,"column":21}},"442":{"start":{"line":1401,"column":8},"end":{"line":1401,"column":28}},"443":{"start":{"line":1404,"column":4},"end":{"line":1404,"column":28}},"444":{"start":{"line":1406,"column":4},"end":{"line":1409,"column":5}},"445":{"start":{"line":1408,"column":8},"end":{"line":1408,"column":50}},"446":{"start":{"line":1411,"column":4},"end":{"line":1431,"column":50}},"447":{"start":{"line":1433,"column":4},"end":{"line":1433,"column":45}},"448":{"start":{"line":1434,"column":4},"end":{"line":1434,"column":56}},"449":{"start":{"line":1435,"column":4},"end":{"line":1435,"column":45}},"450":{"start":{"line":1437,"column":4},"end":{"line":1438,"column":70}},"451":{"start":{"line":1439,"column":4},"end":{"line":1439,"column":69}},"452":{"start":{"line":1440,"column":4},"end":{"line":1440,"column":73}},"453":{"start":{"line":1441,"column":4},"end":{"line":1441,"column":77}},"454":{"start":{"line":1443,"column":4},"end":{"line":1461,"column":5}},"455":{"start":{"line":1445,"column":8},"end":{"line":1458,"column":9}},"456":{"start":{"line":1447,"column":12},"end":{"line":1447,"column":28}},"457":{"start":{"line":1448,"column":12},"end":{"line":1456,"column":15}},"458":{"start":{"line":1450,"column":16},"end":{"line":1450,"column":43}},"459":{"start":{"line":1451,"column":16},"end":{"line":1455,"column":19}},"460":{"start":{"line":1453,"column":20},"end":{"line":1453,"column":47}},"461":{"start":{"line":1454,"column":20},"end":{"line":1454,"column":66}},"462":{"start":{"line":1454,"column":30},"end":{"line":1454,"column":64}},"463":{"start":{"line":1457,"column":12},"end":{"line":1457,"column":24}},"464":{"start":{"line":1460,"column":8},"end":{"line":1460,"column":21}},"465":{"start":{"line":1463,"column":4},"end":{"line":1499,"column":5}},"466":{"start":{"line":1465,"column":8},"end":{"line":1498,"column":11}},"467":{"start":{"line":1467,"column":12},"end":{"line":1471,"column":13}},"468":{"start":{"line":1469,"column":16},"end":{"line":1469,"column":32}},"469":{"start":{"line":1470,"column":16},"end":{"line":1470,"column":74}},"470":{"start":{"line":1473,"column":12},"end":{"line":1473,"column":41}},"471":{"start":{"line":1473,"column":32},"end":{"line":1473,"column":39}},"472":{"start":{"line":1475,"column":12},"end":{"line":1481,"column":41}},"473":{"start":{"line":1483,"column":12},"end":{"line":1487,"column":15}},"474":{"start":{"line":1485,"column":16},"end":{"line":1485,"column":40}},"475":{"start":{"line":1486,"column":16},"end":{"line":1486,"column":29}},"476":{"start":{"line":1489,"column":12},"end":{"line":1492,"column":15}},"477":{"start":{"line":1491,"column":16},"end":{"line":1491,"column":79}},"478":{"start":{"line":1491,"column":47},"end":{"line":1491,"column":77}},"479":{"start":{"line":1494,"column":12},"end":{"line":1497,"column":15}},"480":{"start":{"line":1496,"column":16},"end":{"line":1496,"column":78}},"481":{"start":{"line":1501,"column":4},"end":{"line":1515,"column":5}},"482":{"start":{"line":1503,"column":8},"end":{"line":1506,"column":9}},"483":{"start":{"line":1505,"column":12},"end":{"line":1505,"column":39}},"484":{"start":{"line":1508,"column":8},"end":{"line":1508,"column":40}},"485":{"start":{"line":1510,"column":8},"end":{"line":1514,"column":11}},"486":{"start":{"line":1512,"column":12},"end":{"line":1512,"column":41}},"487":{"start":{"line":1512,"column":32},"end":{"line":1512,"column":39}},"488":{"start":{"line":1513,"column":12},"end":{"line":1513,"column":32}},"489":{"start":{"line":1517,"column":4},"end":{"line":1517,"column":70}},"490":{"start":{"line":1519,"column":4},"end":{"line":1523,"column":7}},"491":{"start":{"line":1521,"column":8},"end":{"line":1521,"column":25}},"492":{"start":{"line":1522,"column":8},"end":{"line":1522,"column":21}},"493":{"start":{"line":1525,"column":4},"end":{"line":1531,"column":7}},"494":{"start":{"line":1527,"column":8},"end":{"line":1530,"column":9}},"495":{"start":{"line":1529,"column":12},"end":{"line":1529,"column":26}},"496":{"start":{"line":1533,"column":4},"end":{"line":1533,"column":36}},"497":{"start":{"line":1535,"column":4},"end":{"line":1538,"column":5}},"498":{"start":{"line":1537,"column":8},"end":{"line":1537,"column":22}},"499":{"start":{"line":1540,"column":4},"end":{"line":1543,"column":7}},"500":{"start":{"line":1542,"column":8},"end":{"line":1542,"column":28}},"501":{"start":{"line":1546,"column":0},"end":{"line":1556,"column":2}},"502":{"start":{"line":1548,"column":4},"end":{"line":1553,"column":5}},"503":{"start":{"line":1550,"column":8},"end":{"line":1550,"column":36}},"504":{"start":{"line":1551,"column":8},"end":{"line":1551,"column":29}},"505":{"start":{"line":1552,"column":8},"end":{"line":1552,"column":20}},"506":{"start":{"line":1555,"column":4},"end":{"line":1555,"column":17}},"507":{"start":{"line":1563,"column":0},"end":{"line":1598,"column":2}},"508":{"start":{"line":1565,"column":4},"end":{"line":1572,"column":5}},"509":{"start":{"line":1567,"column":8},"end":{"line":1570,"column":9}},"510":{"start":{"line":1569,"column":12},"end":{"line":1569,"column":26}},"511":{"start":{"line":1571,"column":8},"end":{"line":1571,"column":15}},"512":{"start":{"line":1573,"column":4},"end":{"line":1573,"column":25}},"513":{"start":{"line":1575,"column":4},"end":{"line":1579,"column":5}},"514":{"start":{"line":1577,"column":8},"end":{"line":1577,"column":30}},"515":{"start":{"line":1578,"column":8},"end":{"line":1578,"column":29}},"516":{"start":{"line":1581,"column":4},"end":{"line":1585,"column":5}},"517":{"start":{"line":1583,"column":8},"end":{"line":1583,"column":23}},"518":{"start":{"line":1584,"column":8},"end":{"line":1584,"column":54}},"519":{"start":{"line":1584,"column":35},"end":{"line":1584,"column":50}},"520":{"start":{"line":1587,"column":4},"end":{"line":1597,"column":5}},"521":{"start":{"line":1589,"column":8},"end":{"line":1596,"column":9}},"522":{"start":{"line":1591,"column":12},"end":{"line":1591,"column":34}},"523":{"start":{"line":1595,"column":12},"end":{"line":1595,"column":26}},"524":{"start":{"line":1603,"column":0},"end":{"line":1615,"column":2}},"525":{"start":{"line":1605,"column":4},"end":{"line":1605,"column":34}},"526":{"start":{"line":1605,"column":25},"end":{"line":1605,"column":32}},"527":{"start":{"line":1607,"column":4},"end":{"line":1614,"column":5}},"528":{"start":{"line":1609,"column":8},"end":{"line":1609,"column":21}},"529":{"start":{"line":1613,"column":8},"end":{"line":1613,"column":24}},"530":{"start":{"line":1620,"column":0},"end":{"line":1624,"column":2}},"531":{"start":{"line":1622,"column":3},"end":{"line":1622,"column":61}},"532":{"start":{"line":1623,"column":3},"end":{"line":1623,"column":22}},"533":{"start":{"line":1626,"column":0},"end":{"line":1626,"column":32}}},"branchMap":{"1":{"line":332,"type":"binary-expr","locations":[{"start":{"line":332,"column":14},"end":{"line":332,"column":21}},{"start":{"line":332,"column":25},"end":{"line":332,"column":27}}]},"2":{"line":334,"type":"binary-expr","locations":[{"start":{"line":334,"column":20},"end":{"line":334,"column":35}},{"start":{"line":334,"column":39},"end":{"line":334,"column":72}}]},"3":{"line":341,"type":"cond-expr","locations":[{"start":{"line":341,"column":64},"end":{"line":341,"column":68}},{"start":{"line":341,"column":71},"end":{"line":341,"column":92}}]},"4":{"line":342,"type":"binary-expr","locations":[{"start":{"line":342,"column":27},"end":{"line":342,"column":49}},{"start":{"line":342,"column":53},"end":{"line":342,"column":56}}]},"5":{"line":344,"type":"binary-expr","locations":[{"start":{"line":344,"column":24},"end":{"line":344,"column":43}},{"start":{"line":344,"column":47},"end":{"line":344,"column":49}}]},"6":{"line":345,"type":"binary-expr","locations":[{"start":{"line":345,"column":29},"end":{"line":345,"column":53}},{"start":{"line":345,"column":57},"end":{"line":345,"column":58}}]},"7":{"line":346,"type":"binary-expr","locations":[{"start":{"line":346,"column":30},"end":{"line":346,"column":55}},{"start":{"line":346,"column":59},"end":{"line":346,"column":61}}]},"8":{"line":348,"type":"binary-expr","locations":[{"start":{"line":348,"column":18},"end":{"line":348,"column":31}},{"start":{"line":348,"column":35},"end":{"line":348,"column":36}}]},"9":{"line":350,"type":"binary-expr","locations":[{"start":{"line":350,"column":25},"end":{"line":350,"column":45}},{"start":{"line":350,"column":49},"end":{"line":350,"column":51}}]},"10":{"line":352,"type":"binary-expr","locations":[{"start":{"line":352,"column":23},"end":{"line":352,"column":41}},{"start":{"line":352,"column":46},"end":{"line":352,"column":60}}]},"11":{"line":353,"type":"binary-expr","locations":[{"start":{"line":353,"column":22},"end":{"line":353,"column":39}},{"start":{"line":353,"column":44},"end":{"line":353,"column":52}}]},"12":{"line":355,"type":"binary-expr","locations":[{"start":{"line":355,"column":26},"end":{"line":355,"column":47}},{"start":{"line":355,"column":51},"end":{"line":355,"column":55}}]},"13":{"line":356,"type":"binary-expr","locations":[{"start":{"line":356,"column":27},"end":{"line":356,"column":49}},{"start":{"line":356,"column":53},"end":{"line":356,"column":57}}]},"14":{"line":358,"type":"binary-expr","locations":[{"start":{"line":358,"column":32},"end":{"line":358,"column":59}},{"start":{"line":358,"column":63},"end":{"line":358,"column":64}}]},"15":{"line":359,"type":"binary-expr","locations":[{"start":{"line":359,"column":31},"end":{"line":359,"column":57}},{"start":{"line":359,"column":61},"end":{"line":359,"column":62}}]},"16":{"line":362,"type":"if","locations":[{"start":{"line":362,"column":4},"end":{"line":362,"column":4}},{"start":{"line":362,"column":4},"end":{"line":362,"column":4}}]},"17":{"line":368,"type":"cond-expr","locations":[{"start":{"line":368,"column":51},"end":{"line":368,"column":55}},{"start":{"line":368,"column":58},"end":{"line":368,"column":71}}]},"18":{"line":369,"type":"cond-expr","locations":[{"start":{"line":369,"column":53},"end":{"line":369,"column":57}},{"start":{"line":369,"column":60},"end":{"line":369,"column":74}}]},"19":{"line":371,"type":"if","locations":[{"start":{"line":371,"column":4},"end":{"line":371,"column":4}},{"start":{"line":371,"column":4},"end":{"line":371,"column":4}}]},"20":{"line":395,"type":"binary-expr","locations":[{"start":{"line":395,"column":19},"end":{"line":395,"column":33}},{"start":{"line":395,"column":37},"end":{"line":398,"column":5}}]},"21":{"line":402,"type":"if","locations":[{"start":{"line":402,"column":8},"end":{"line":402,"column":8}},{"start":{"line":402,"column":8},"end":{"line":402,"column":8}}]},"22":{"line":408,"type":"if","locations":[{"start":{"line":408,"column":16},"end":{"line":408,"column":16}},{"start":{"line":408,"column":16},"end":{"line":408,"column":16}}]},"23":{"line":415,"type":"if","locations":[{"start":{"line":415,"column":12},"end":{"line":415,"column":12}},{"start":{"line":415,"column":12},"end":{"line":415,"column":12}}]},"24":{"line":415,"type":"binary-expr","locations":[{"start":{"line":415,"column":17},"end":{"line":415,"column":24}},{"start":{"line":415,"column":29},"end":{"line":415,"column":54}}]},"25":{"line":430,"type":"if","locations":[{"start":{"line":430,"column":8},"end":{"line":430,"column":8}},{"start":{"line":430,"column":8},"end":{"line":430,"column":8}}]},"26":{"line":430,"type":"binary-expr","locations":[{"start":{"line":430,"column":12},"end":{"line":430,"column":25}},{"start":{"line":430,"column":29},"end":{"line":430,"column":41}}]},"27":{"line":442,"type":"binary-expr","locations":[{"start":{"line":442,"column":15},"end":{"line":442,"column":18}},{"start":{"line":442,"column":23},"end":{"line":442,"column":43}}]},"28":{"line":453,"type":"if","locations":[{"start":{"line":453,"column":8},"end":{"line":453,"column":8}},{"start":{"line":453,"column":8},"end":{"line":453,"column":8}}]},"29":{"line":463,"type":"if","locations":[{"start":{"line":463,"column":8},"end":{"line":463,"column":8}},{"start":{"line":463,"column":8},"end":{"line":463,"column":8}}]},"30":{"line":466,"type":"if","locations":[{"start":{"line":466,"column":8},"end":{"line":466,"column":8}},{"start":{"line":466,"column":8},"end":{"line":466,"column":8}}]},"31":{"line":476,"type":"if","locations":[{"start":{"line":476,"column":8},"end":{"line":476,"column":8}},{"start":{"line":476,"column":8},"end":{"line":476,"column":8}}]},"32":{"line":488,"type":"if","locations":[{"start":{"line":488,"column":12},"end":{"line":488,"column":12}},{"start":{"line":488,"column":12},"end":{"line":488,"column":12}}]},"33":{"line":501,"type":"if","locations":[{"start":{"line":501,"column":12},"end":{"line":501,"column":12}},{"start":{"line":501,"column":12},"end":{"line":501,"column":12}}]},"34":{"line":509,"type":"if","locations":[{"start":{"line":509,"column":12},"end":{"line":509,"column":12}},{"start":{"line":509,"column":12},"end":{"line":509,"column":12}}]},"35":{"line":509,"type":"binary-expr","locations":[{"start":{"line":509,"column":25},"end":{"line":509,"column":28}},{"start":{"line":509,"column":32},"end":{"line":509,"column":36}}]},"36":{"line":520,"type":"if","locations":[{"start":{"line":520,"column":12},"end":{"line":520,"column":12}},{"start":{"line":520,"column":12},"end":{"line":520,"column":12}}]},"37":{"line":528,"type":"binary-expr","locations":[{"start":{"line":528,"column":22},"end":{"line":528,"column":25}},{"start":{"line":528,"column":29},"end":{"line":528,"column":33}}]},"38":{"line":541,"type":"if","locations":[{"start":{"line":541,"column":12},"end":{"line":541,"column":12}},{"start":{"line":541,"column":12},"end":{"line":541,"column":12}}]},"39":{"line":541,"type":"binary-expr","locations":[{"start":{"line":541,"column":16},"end":{"line":541,"column":20}},{"start":{"line":541,"column":25},"end":{"line":541,"column":47}}]},"40":{"line":546,"type":"if","locations":[{"start":{"line":546,"column":12},"end":{"line":546,"column":12}},{"start":{"line":546,"column":12},"end":{"line":546,"column":12}}]},"41":{"line":548,"type":"binary-expr","locations":[{"start":{"line":548,"column":44},"end":{"line":548,"column":47}},{"start":{"line":548,"column":51},"end":{"line":548,"column":55}}]},"42":{"line":555,"type":"if","locations":[{"start":{"line":555,"column":16},"end":{"line":555,"column":16}},{"start":{"line":555,"column":16},"end":{"line":555,"column":16}}]},"43":{"line":555,"type":"binary-expr","locations":[{"start":{"line":555,"column":20},"end":{"line":555,"column":24}},{"start":{"line":555,"column":29},"end":{"line":555,"column":51}}]},"44":{"line":560,"type":"binary-expr","locations":[{"start":{"line":560,"column":37},"end":{"line":560,"column":40}},{"start":{"line":560,"column":44},"end":{"line":560,"column":48}},{"start":{"line":560,"column":52},"end":{"line":560,"column":56}}]},"45":{"line":569,"type":"if","locations":[{"start":{"line":569,"column":12},"end":{"line":569,"column":12}},{"start":{"line":569,"column":12},"end":{"line":569,"column":12}}]},"46":{"line":578,"type":"cond-expr","locations":[{"start":{"line":578,"column":34},"end":{"line":578,"column":47}},{"start":{"line":578,"column":50},"end":{"line":578,"column":65}}]},"47":{"line":579,"type":"if","locations":[{"start":{"line":579,"column":8},"end":{"line":579,"column":8}},{"start":{"line":579,"column":8},"end":{"line":579,"column":8}}]},"48":{"line":579,"type":"binary-expr","locations":[{"start":{"line":579,"column":13},"end":{"line":579,"column":22}},{"start":{"line":579,"column":27},"end":{"line":579,"column":41}}]},"49":{"line":586,"type":"if","locations":[{"start":{"line":586,"column":12},"end":{"line":586,"column":12}},{"start":{"line":586,"column":12},"end":{"line":586,"column":12}}]},"50":{"line":597,"type":"if","locations":[{"start":{"line":597,"column":12},"end":{"line":597,"column":12}},{"start":{"line":597,"column":12},"end":{"line":597,"column":12}}]},"51":{"line":597,"type":"binary-expr","locations":[{"start":{"line":597,"column":16},"end":{"line":597,"column":30}},{"start":{"line":597,"column":34},"end":{"line":597,"column":40}}]},"52":{"line":603,"type":"cond-expr","locations":[{"start":{"line":603,"column":36},"end":{"line":603,"column":52}},{"start":{"line":603,"column":55},"end":{"line":603,"column":73}}]},"53":{"line":623,"type":"if","locations":[{"start":{"line":623,"column":20},"end":{"line":623,"column":20}},{"start":{"line":623,"column":20},"end":{"line":623,"column":20}}]},"54":{"line":628,"type":"if","locations":[{"start":{"line":628,"column":20},"end":{"line":628,"column":20}},{"start":{"line":628,"column":20},"end":{"line":628,"column":20}}]},"55":{"line":636,"type":"if","locations":[{"start":{"line":636,"column":20},"end":{"line":636,"column":20}},{"start":{"line":636,"column":20},"end":{"line":636,"column":20}}]},"56":{"line":640,"type":"if","locations":[{"start":{"line":640,"column":24},"end":{"line":640,"column":24}},{"start":{"line":640,"column":24},"end":{"line":640,"column":24}}]},"57":{"line":642,"type":"if","locations":[{"start":{"line":642,"column":28},"end":{"line":642,"column":28}},{"start":{"line":642,"column":28},"end":{"line":642,"column":28}}]},"58":{"line":659,"type":"if","locations":[{"start":{"line":659,"column":24},"end":{"line":659,"column":24}},{"start":{"line":659,"column":24},"end":{"line":659,"column":24}}]},"59":{"line":673,"type":"if","locations":[{"start":{"line":673,"column":20},"end":{"line":673,"column":20}},{"start":{"line":673,"column":20},"end":{"line":673,"column":20}}]},"60":{"line":682,"type":"if","locations":[{"start":{"line":682,"column":24},"end":{"line":682,"column":24}},{"start":{"line":682,"column":24},"end":{"line":682,"column":24}}]},"61":{"line":699,"type":"if","locations":[{"start":{"line":699,"column":28},"end":{"line":699,"column":28}},{"start":{"line":699,"column":28},"end":{"line":699,"column":28}}]},"62":{"line":710,"type":"if","locations":[{"start":{"line":710,"column":20},"end":{"line":710,"column":20}},{"start":{"line":710,"column":20},"end":{"line":710,"column":20}}]},"63":{"line":720,"type":"cond-expr","locations":[{"start":{"line":720,"column":36},"end":{"line":720,"column":51}},{"start":{"line":720,"column":54},"end":{"line":720,"column":68}}]},"64":{"line":726,"type":"if","locations":[{"start":{"line":726,"column":20},"end":{"line":726,"column":20}},{"start":{"line":726,"column":20},"end":{"line":726,"column":20}}]},"65":{"line":732,"type":"if","locations":[{"start":{"line":732,"column":24},"end":{"line":732,"column":24}},{"start":{"line":732,"column":24},"end":{"line":732,"column":24}}]},"66":{"line":742,"type":"if","locations":[{"start":{"line":742,"column":20},"end":{"line":742,"column":20}},{"start":{"line":742,"column":20},"end":{"line":742,"column":20}}]},"67":{"line":745,"type":"if","locations":[{"start":{"line":745,"column":20},"end":{"line":745,"column":20}},{"start":{"line":745,"column":20},"end":{"line":745,"column":20}}]},"68":{"line":757,"type":"if","locations":[{"start":{"line":757,"column":20},"end":{"line":757,"column":20}},{"start":{"line":757,"column":20},"end":{"line":757,"column":20}}]},"69":{"line":763,"type":"if","locations":[{"start":{"line":763,"column":24},"end":{"line":763,"column":24}},{"start":{"line":763,"column":24},"end":{"line":763,"column":24}}]},"70":{"line":774,"type":"if","locations":[{"start":{"line":774,"column":12},"end":{"line":774,"column":12}},{"start":{"line":774,"column":12},"end":{"line":774,"column":12}}]},"71":{"line":776,"type":"if","locations":[{"start":{"line":776,"column":16},"end":{"line":776,"column":16}},{"start":{"line":776,"column":16},"end":{"line":776,"column":16}}]},"72":{"line":780,"type":"if","locations":[{"start":{"line":780,"column":12},"end":{"line":780,"column":12}},{"start":{"line":780,"column":12},"end":{"line":780,"column":12}}]},"73":{"line":782,"type":"if","locations":[{"start":{"line":782,"column":12},"end":{"line":782,"column":12}},{"start":{"line":782,"column":12},"end":{"line":782,"column":12}}]},"74":{"line":786,"type":"if","locations":[{"start":{"line":786,"column":20},"end":{"line":786,"column":20}},{"start":{"line":786,"column":20},"end":{"line":786,"column":20}}]},"75":{"line":786,"type":"binary-expr","locations":[{"start":{"line":786,"column":24},"end":{"line":786,"column":49}},{"start":{"line":786,"column":53},"end":{"line":786,"column":67}}]},"76":{"line":805,"type":"if","locations":[{"start":{"line":805,"column":24},"end":{"line":805,"column":24}},{"start":{"line":805,"column":24},"end":{"line":805,"column":24}}]},"77":{"line":813,"type":"if","locations":[{"start":{"line":813,"column":24},"end":{"line":813,"column":24}},{"start":{"line":813,"column":24},"end":{"line":813,"column":24}}]},"78":{"line":837,"type":"if","locations":[{"start":{"line":837,"column":4},"end":{"line":837,"column":4}},{"start":{"line":837,"column":4},"end":{"line":837,"column":4}}]},"79":{"line":848,"type":"if","locations":[{"start":{"line":848,"column":8},"end":{"line":848,"column":8}},{"start":{"line":848,"column":8},"end":{"line":848,"column":8}}]},"80":{"line":867,"type":"if","locations":[{"start":{"line":867,"column":12},"end":{"line":867,"column":12}},{"start":{"line":867,"column":12},"end":{"line":867,"column":12}}]},"81":{"line":868,"type":"if","locations":[{"start":{"line":868,"column":12},"end":{"line":868,"column":12}},{"start":{"line":868,"column":12},"end":{"line":868,"column":12}}]},"82":{"line":877,"type":"if","locations":[{"start":{"line":877,"column":16},"end":{"line":877,"column":16}},{"start":{"line":877,"column":16},"end":{"line":877,"column":16}}]},"83":{"line":877,"type":"binary-expr","locations":[{"start":{"line":877,"column":20},"end":{"line":877,"column":29}},{"start":{"line":877,"column":33},"end":{"line":877,"column":43}}]},"84":{"line":886,"type":"if","locations":[{"start":{"line":886,"column":16},"end":{"line":886,"column":16}},{"start":{"line":886,"column":16},"end":{"line":886,"column":16}}]},"85":{"line":886,"type":"binary-expr","locations":[{"start":{"line":886,"column":21},"end":{"line":886,"column":32}},{"start":{"line":886,"column":36},"end":{"line":886,"column":46}},{"start":{"line":886,"column":51},"end":{"line":886,"column":61}}]},"86":{"line":894,"type":"if","locations":[{"start":{"line":894,"column":12},"end":{"line":894,"column":12}},{"start":{"line":894,"column":12},"end":{"line":894,"column":12}}]},"87":{"line":903,"type":"if","locations":[{"start":{"line":903,"column":20},"end":{"line":903,"column":20}},{"start":{"line":903,"column":20},"end":{"line":903,"column":20}}]},"88":{"line":917,"type":"binary-expr","locations":[{"start":{"line":917,"column":23},"end":{"line":917,"column":38}},{"start":{"line":917,"column":42},"end":{"line":917,"column":64}}]},"89":{"line":919,"type":"if","locations":[{"start":{"line":919,"column":12},"end":{"line":919,"column":12}},{"start":{"line":919,"column":12},"end":{"line":919,"column":12}}]},"90":{"line":929,"type":"if","locations":[{"start":{"line":929,"column":12},"end":{"line":929,"column":12}},{"start":{"line":929,"column":12},"end":{"line":929,"column":12}}]},"91":{"line":931,"type":"if","locations":[{"start":{"line":931,"column":16},"end":{"line":931,"column":16}},{"start":{"line":931,"column":16},"end":{"line":931,"column":16}}]},"92":{"line":940,"type":"if","locations":[{"start":{"line":940,"column":20},"end":{"line":940,"column":20}},{"start":{"line":940,"column":20},"end":{"line":940,"column":20}}]},"93":{"line":944,"type":"if","locations":[{"start":{"line":944,"column":25},"end":{"line":944,"column":25}},{"start":{"line":944,"column":25},"end":{"line":944,"column":25}}]},"94":{"line":946,"type":"if","locations":[{"start":{"line":946,"column":24},"end":{"line":946,"column":24}},{"start":{"line":946,"column":24},"end":{"line":946,"column":24}}]},"95":{"line":951,"type":"if","locations":[{"start":{"line":951,"column":25},"end":{"line":951,"column":25}},{"start":{"line":951,"column":25},"end":{"line":951,"column":25}}]},"96":{"line":961,"type":"if","locations":[{"start":{"line":961,"column":17},"end":{"line":961,"column":17}},{"start":{"line":961,"column":17},"end":{"line":961,"column":17}}]},"97":{"line":967,"type":"if","locations":[{"start":{"line":967,"column":20},"end":{"line":967,"column":20}},{"start":{"line":967,"column":20},"end":{"line":967,"column":20}}]},"98":{"line":987,"type":"binary-expr","locations":[{"start":{"line":987,"column":19},"end":{"line":987,"column":24}},{"start":{"line":987,"column":28},"end":{"line":987,"column":44}}]},"99":{"line":989,"type":"if","locations":[{"start":{"line":989,"column":8},"end":{"line":989,"column":8}},{"start":{"line":989,"column":8},"end":{"line":989,"column":8}}]},"100":{"line":1003,"type":"if","locations":[{"start":{"line":1003,"column":12},"end":{"line":1003,"column":12}},{"start":{"line":1003,"column":12},"end":{"line":1003,"column":12}}]},"101":{"line":1007,"type":"if","locations":[{"start":{"line":1007,"column":16},"end":{"line":1007,"column":16}},{"start":{"line":1007,"column":16},"end":{"line":1007,"column":16}}]},"102":{"line":1019,"type":"if","locations":[{"start":{"line":1019,"column":12},"end":{"line":1019,"column":12}},{"start":{"line":1019,"column":12},"end":{"line":1019,"column":12}}]},"103":{"line":1023,"type":"if","locations":[{"start":{"line":1023,"column":8},"end":{"line":1023,"column":8}},{"start":{"line":1023,"column":8},"end":{"line":1023,"column":8}}]},"104":{"line":1030,"type":"if","locations":[{"start":{"line":1030,"column":12},"end":{"line":1030,"column":12}},{"start":{"line":1030,"column":12},"end":{"line":1030,"column":12}}]},"105":{"line":1044,"type":"if","locations":[{"start":{"line":1044,"column":8},"end":{"line":1044,"column":8}},{"start":{"line":1044,"column":8},"end":{"line":1044,"column":8}}]},"106":{"line":1044,"type":"binary-expr","locations":[{"start":{"line":1044,"column":12},"end":{"line":1044,"column":32}},{"start":{"line":1044,"column":37},"end":{"line":1044,"column":72}}]},"107":{"line":1070,"type":"if","locations":[{"start":{"line":1070,"column":8},"end":{"line":1070,"column":8}},{"start":{"line":1070,"column":8},"end":{"line":1070,"column":8}}]},"108":{"line":1079,"type":"if","locations":[{"start":{"line":1079,"column":12},"end":{"line":1079,"column":12}},{"start":{"line":1079,"column":12},"end":{"line":1079,"column":12}}]},"109":{"line":1081,"type":"if","locations":[{"start":{"line":1081,"column":12},"end":{"line":1081,"column":12}},{"start":{"line":1081,"column":12},"end":{"line":1081,"column":12}}]},"110":{"line":1081,"type":"binary-expr","locations":[{"start":{"line":1081,"column":16},"end":{"line":1081,"column":19}},{"start":{"line":1081,"column":24},"end":{"line":1081,"column":56}}]},"111":{"line":1097,"type":"if","locations":[{"start":{"line":1097,"column":16},"end":{"line":1097,"column":16}},{"start":{"line":1097,"column":16},"end":{"line":1097,"column":16}}]},"112":{"line":1121,"type":"if","locations":[{"start":{"line":1121,"column":24},"end":{"line":1121,"column":24}},{"start":{"line":1121,"column":24},"end":{"line":1121,"column":24}}]},"113":{"line":1122,"type":"if","locations":[{"start":{"line":1122,"column":24},"end":{"line":1122,"column":24}},{"start":{"line":1122,"column":24},"end":{"line":1122,"column":24}}]},"114":{"line":1139,"type":"if","locations":[{"start":{"line":1139,"column":16},"end":{"line":1139,"column":16}},{"start":{"line":1139,"column":16},"end":{"line":1139,"column":16}}]},"115":{"line":1141,"type":"if","locations":[{"start":{"line":1141,"column":16},"end":{"line":1141,"column":16}},{"start":{"line":1141,"column":16},"end":{"line":1141,"column":16}}]},"116":{"line":1147,"type":"if","locations":[{"start":{"line":1147,"column":16},"end":{"line":1147,"column":16}},{"start":{"line":1147,"column":16},"end":{"line":1147,"column":16}}]},"117":{"line":1157,"type":"cond-expr","locations":[{"start":{"line":1157,"column":40},"end":{"line":1157,"column":68}},{"start":{"line":1157,"column":71},"end":{"line":1157,"column":74}}]},"118":{"line":1177,"type":"if","locations":[{"start":{"line":1177,"column":8},"end":{"line":1177,"column":8}},{"start":{"line":1177,"column":8},"end":{"line":1177,"column":8}}]},"119":{"line":1188,"type":"if","locations":[{"start":{"line":1188,"column":16},"end":{"line":1188,"column":16}},{"start":{"line":1188,"column":16},"end":{"line":1188,"column":16}}]},"120":{"line":1190,"type":"if","locations":[{"start":{"line":1190,"column":20},"end":{"line":1190,"column":20}},{"start":{"line":1190,"column":20},"end":{"line":1190,"column":20}}]},"121":{"line":1205,"type":"if","locations":[{"start":{"line":1205,"column":12},"end":{"line":1205,"column":12}},{"start":{"line":1205,"column":12},"end":{"line":1205,"column":12}}]},"122":{"line":1205,"type":"binary-expr","locations":[{"start":{"line":1205,"column":16},"end":{"line":1205,"column":19}},{"start":{"line":1205,"column":24},"end":{"line":1205,"column":45}}]},"123":{"line":1211,"type":"if","locations":[{"start":{"line":1211,"column":16},"end":{"line":1211,"column":16}},{"start":{"line":1211,"column":16},"end":{"line":1211,"column":16}}]},"124":{"line":1211,"type":"binary-expr","locations":[{"start":{"line":1211,"column":20},"end":{"line":1211,"column":23}},{"start":{"line":1211,"column":28},"end":{"line":1211,"column":49}}]},"125":{"line":1219,"type":"if","locations":[{"start":{"line":1219,"column":20},"end":{"line":1219,"column":20}},{"start":{"line":1219,"column":20},"end":{"line":1219,"column":20}}]},"126":{"line":1224,"type":"if","locations":[{"start":{"line":1224,"column":20},"end":{"line":1224,"column":20}},{"start":{"line":1224,"column":20},"end":{"line":1224,"column":20}}]},"127":{"line":1234,"type":"cond-expr","locations":[{"start":{"line":1234,"column":62},"end":{"line":1234,"column":65}},{"start":{"line":1234,"column":68},"end":{"line":1234,"column":72}}]},"128":{"line":1234,"type":"binary-expr","locations":[{"start":{"line":1234,"column":29},"end":{"line":1234,"column":32}},{"start":{"line":1234,"column":37},"end":{"line":1234,"column":58}}]},"129":{"line":1238,"type":"if","locations":[{"start":{"line":1238,"column":20},"end":{"line":1238,"column":20}},{"start":{"line":1238,"column":20},"end":{"line":1238,"column":20}}]},"130":{"line":1249,"type":"if","locations":[{"start":{"line":1249,"column":24},"end":{"line":1249,"column":24}},{"start":{"line":1249,"column":24},"end":{"line":1249,"column":24}}]},"131":{"line":1250,"type":"if","locations":[{"start":{"line":1250,"column":24},"end":{"line":1250,"column":24}},{"start":{"line":1250,"column":24},"end":{"line":1250,"column":24}}]},"132":{"line":1254,"type":"if","locations":[{"start":{"line":1254,"column":24},"end":{"line":1254,"column":24}},{"start":{"line":1254,"column":24},"end":{"line":1254,"column":24}}]},"133":{"line":1260,"type":"if","locations":[{"start":{"line":1260,"column":36},"end":{"line":1260,"column":36}},{"start":{"line":1260,"column":36},"end":{"line":1260,"column":36}}]},"134":{"line":1312,"type":"if","locations":[{"start":{"line":1312,"column":4},"end":{"line":1312,"column":4}},{"start":{"line":1312,"column":4},"end":{"line":1312,"column":4}}]},"135":{"line":1328,"type":"if","locations":[{"start":{"line":1328,"column":4},"end":{"line":1328,"column":4}},{"start":{"line":1328,"column":4},"end":{"line":1328,"column":4}}]},"136":{"line":1335,"type":"if","locations":[{"start":{"line":1335,"column":4},"end":{"line":1335,"column":4}},{"start":{"line":1335,"column":4},"end":{"line":1335,"column":4}}]},"137":{"line":1339,"type":"if","locations":[{"start":{"line":1339,"column":9},"end":{"line":1339,"column":9}},{"start":{"line":1339,"column":9},"end":{"line":1339,"column":9}}]},"138":{"line":1348,"type":"if","locations":[{"start":{"line":1348,"column":4},"end":{"line":1348,"column":4}},{"start":{"line":1348,"column":4},"end":{"line":1348,"column":4}}]},"139":{"line":1391,"type":"if","locations":[{"start":{"line":1391,"column":4},"end":{"line":1391,"column":4}},{"start":{"line":1391,"column":4},"end":{"line":1391,"column":4}}]},"140":{"line":1391,"type":"binary-expr","locations":[{"start":{"line":1391,"column":9},"end":{"line":1391,"column":36}},{"start":{"line":1391,"column":41},"end":{"line":1391,"column":66}}]},"141":{"line":1398,"type":"if","locations":[{"start":{"line":1398,"column":4},"end":{"line":1398,"column":4}},{"start":{"line":1398,"column":4},"end":{"line":1398,"column":4}}]},"142":{"line":1404,"type":"binary-expr","locations":[{"start":{"line":1404,"column":14},"end":{"line":1404,"column":21}},{"start":{"line":1404,"column":25},"end":{"line":1404,"column":27}}]},"143":{"line":1406,"type":"if","locations":[{"start":{"line":1406,"column":4},"end":{"line":1406,"column":4}},{"start":{"line":1406,"column":4},"end":{"line":1406,"column":4}}]},"144":{"line":1417,"type":"binary-expr","locations":[{"start":{"line":1417,"column":25},"end":{"line":1417,"column":36}},{"start":{"line":1417,"column":41},"end":{"line":1418,"column":73}}]},"145":{"line":1417,"type":"cond-expr","locations":[{"start":{"line":1417,"column":58},"end":{"line":1417,"column":74}},{"start":{"line":1418,"column":58},"end":{"line":1418,"column":73}}]},"146":{"line":1421,"type":"cond-expr","locations":[{"start":{"line":1421,"column":25},"end":{"line":1421,"column":28}},{"start":{"line":1421,"column":31},"end":{"line":1421,"column":34}}]},"147":{"line":1423,"type":"cond-expr","locations":[{"start":{"line":1423,"column":34},"end":{"line":1423,"column":37}},{"start":{"line":1423,"column":40},"end":{"line":1423,"column":43}}]},"148":{"line":1431,"type":"binary-expr","locations":[{"start":{"line":1431,"column":17},"end":{"line":1431,"column":31}},{"start":{"line":1431,"column":35},"end":{"line":1431,"column":49}}]},"149":{"line":1434,"type":"binary-expr","locations":[{"start":{"line":1434,"column":29},"end":{"line":1434,"column":45}},{"start":{"line":1434,"column":49},"end":{"line":1434,"column":55}}]},"150":{"line":1435,"type":"binary-expr","locations":[{"start":{"line":1435,"column":25},"end":{"line":1435,"column":37}},{"start":{"line":1435,"column":41},"end":{"line":1435,"column":44}}]},"151":{"line":1441,"type":"cond-expr","locations":[{"start":{"line":1441,"column":37},"end":{"line":1441,"column":72}},{"start":{"line":1441,"column":75},"end":{"line":1441,"column":76}}]},"152":{"line":1445,"type":"if","locations":[{"start":{"line":1445,"column":8},"end":{"line":1445,"column":8}},{"start":{"line":1445,"column":8},"end":{"line":1445,"column":8}}]},"153":{"line":1454,"type":"if","locations":[{"start":{"line":1454,"column":20},"end":{"line":1454,"column":20}},{"start":{"line":1454,"column":20},"end":{"line":1454,"column":20}}]},"154":{"line":1454,"type":"binary-expr","locations":[{"start":{"line":1454,"column":43},"end":{"line":1454,"column":46}},{"start":{"line":1454,"column":50},"end":{"line":1454,"column":54}},{"start":{"line":1454,"column":58},"end":{"line":1454,"column":62}}]},"155":{"line":1467,"type":"if","locations":[{"start":{"line":1467,"column":12},"end":{"line":1467,"column":12}},{"start":{"line":1467,"column":12},"end":{"line":1467,"column":12}}]},"156":{"line":1473,"type":"if","locations":[{"start":{"line":1473,"column":12},"end":{"line":1473,"column":12}},{"start":{"line":1473,"column":12},"end":{"line":1473,"column":12}}]},"157":{"line":1491,"type":"if","locations":[{"start":{"line":1491,"column":16},"end":{"line":1491,"column":16}},{"start":{"line":1491,"column":16},"end":{"line":1491,"column":16}}]},"158":{"line":1491,"type":"binary-expr","locations":[{"start":{"line":1491,"column":20},"end":{"line":1491,"column":22}},{"start":{"line":1491,"column":26},"end":{"line":1491,"column":43}}]},"159":{"line":1503,"type":"if","locations":[{"start":{"line":1503,"column":8},"end":{"line":1503,"column":8}},{"start":{"line":1503,"column":8},"end":{"line":1503,"column":8}}]},"160":{"line":1512,"type":"if","locations":[{"start":{"line":1512,"column":12},"end":{"line":1512,"column":12}},{"start":{"line":1512,"column":12},"end":{"line":1512,"column":12}}]},"161":{"line":1527,"type":"if","locations":[{"start":{"line":1527,"column":8},"end":{"line":1527,"column":8}},{"start":{"line":1527,"column":8},"end":{"line":1527,"column":8}}]},"162":{"line":1535,"type":"if","locations":[{"start":{"line":1535,"column":4},"end":{"line":1535,"column":4}},{"start":{"line":1535,"column":4},"end":{"line":1535,"column":4}}]},"163":{"line":1535,"type":"binary-expr","locations":[{"start":{"line":1535,"column":9},"end":{"line":1535,"column":36}},{"start":{"line":1535,"column":41},"end":{"line":1535,"column":66}}]},"164":{"line":1548,"type":"if","locations":[{"start":{"line":1548,"column":4},"end":{"line":1548,"column":4}},{"start":{"line":1548,"column":4},"end":{"line":1548,"column":4}}]},"165":{"line":1565,"type":"if","locations":[{"start":{"line":1565,"column":4},"end":{"line":1565,"column":4}},{"start":{"line":1565,"column":4},"end":{"line":1565,"column":4}}]},"166":{"line":1567,"type":"if","locations":[{"start":{"line":1567,"column":8},"end":{"line":1567,"column":8}},{"start":{"line":1567,"column":8},"end":{"line":1567,"column":8}}]},"167":{"line":1575,"type":"if","locations":[{"start":{"line":1575,"column":4},"end":{"line":1575,"column":4}},{"start":{"line":1575,"column":4},"end":{"line":1575,"column":4}}]},"168":{"line":1581,"type":"if","locations":[{"start":{"line":1581,"column":4},"end":{"line":1581,"column":4}},{"start":{"line":1581,"column":4},"end":{"line":1581,"column":4}}]},"169":{"line":1587,"type":"if","locations":[{"start":{"line":1587,"column":4},"end":{"line":1587,"column":4}},{"start":{"line":1587,"column":4},"end":{"line":1587,"column":4}}]},"170":{"line":1589,"type":"if","locations":[{"start":{"line":1589,"column":8},"end":{"line":1589,"column":8}},{"start":{"line":1589,"column":8},"end":{"line":1589,"column":8}}]},"171":{"line":1605,"type":"if","locations":[{"start":{"line":1605,"column":4},"end":{"line":1605,"column":4}},{"start":{"line":1605,"column":4},"end":{"line":1605,"column":4}}]},"172":{"line":1607,"type":"if","locations":[{"start":{"line":1607,"column":4},"end":{"line":1607,"column":4}},{"start":{"line":1607,"column":4},"end":{"line":1607,"column":4}}]}}}}