TN:
SF:index.js
FNF:0
FNH:0
DA:1,18
DA:2,18
DA:3,18
LF:3
LH:3
BRDA:1,0,0,18
BRF:1
BRH:1
end_of_record
TN:
SF:lib/process_all_getdents.js
FN:7,module.exports
FN:25,r
FN:56,check
FN:68,processed
FN:129,r.stop
FNF:5
FNH:5
FNDA:750,module.exports
FNDA:2319380,r
FNDA:2451800,check
FNDA:132420,processed
FNDA:742,r.stop
DA:1,1
DA:2,1
DA:3,1
DA:4,1
DA:5,1
DA:6,1
DA:7,1
DA:8,750
DA:9,750
DA:10,750
DA:11,750
DA:12,750
DA:13,750
DA:14,750
DA:15,750
DA:16,750
DA:17,750
DA:18,750
DA:19,750
DA:20,191637
DA:21,191637
DA:22,191637
DA:23,191637
DA:24,750
DA:25,750
DA:26,2319380
DA:27,2319380
DA:28,2319380
DA:29,2319380
DA:30,2319380
DA:31,2319380
DA:32,2319380
DA:33,2319380
DA:34,2319380
DA:35,2319380
DA:36,2319380
DA:37,2319380
DA:38,1568724
DA:39,1568724
DA:40,2319380
DA:41,2319380
DA:42,2319380
DA:43,2319380
DA:44,2319380
DA:45,2319380
DA:46,2319380
DA:47,2319380
DA:48,2319380
DA:49,2319380
DA:50,2319380
DA:51,2319380
DA:52,2319380
DA:53,2319380
DA:54,2319380
DA:55,2319380
DA:56,2319380
DA:57,2451800
DA:58,2451800
DA:59,2451800
DA:60,2451800
DA:61,2451800
DA:62,2451800
DA:63,2319344
DA:64,2319344
DA:65,2319344
DA:66,2451800
DA:67,2319380
DA:68,2319380
DA:69,132420
DA:70,132420
DA:71,132420
DA:72,132420
DA:73,2319380
DA:74,2319380
DA:75,2319380
DA:76,2319380
DA:77,2319380
DA:78,2319380
DA:79,2319380
DA:80,2319380
DA:81,2319380
DA:82,2319380
DA:83,2319380
DA:84,2319380
DA:85,2319380
DA:86,2319380
DA:87,2319380
DA:88,2319380
DA:89,2319380
DA:90,4771203
DA:91,4771203
DA:92,132443
DA:93,132443
DA:94,132443
DA:95,4771203
DA:96,2319380
DA:97,2319380
DA:98,2319380
DA:99,2319380
DA:100,2319380
DA:101,2319380
DA:102,2319380
DA:103,2319380
DA:104,2319380
DA:105,2319380
DA:106,2319380
DA:107,0
DA:108,0
DA:109,0
DA:110,0
DA:111,0
DA:112,0
DA:113,0
DA:114,0
DA:115,2319380
DA:116,2319380
DA:117,2319380
DA:118,2319380
DA:119,0
DA:120,0
DA:121,0
DA:122,2319380
DA:123,2319380
DA:124,2319380
DA:125,2319380
DA:126,2319380
DA:127,750
DA:128,750
DA:129,750
DA:130,742
DA:131,742
DA:132,742
DA:133,189594
DA:134,189594
DA:135,189594
DA:136,5
DA:137,5
DA:138,5
DA:139,189594
DA:140,742
DA:141,750
DA:142,750
DA:143,750
DA:144,1
LF:144
LH:133
BRDA:1,0,0,1
BRDA:7,1,0,750
BRDA:19,2,0,191637
BRDA:25,3,0,2319380
BRDA:32,4,0,1568724
BRDA:32,5,0,750656
BRDA:33,6,0,1568724
BRDA:33,7,0,750656
BRDA:37,8,0,1568724
BRDA:74,9,0,0
BRDA:89,10,0,4771203
BRDA:91,11,0,132443
BRDA:106,12,0,0
BRDA:118,13,0,0
BRDA:56,14,0,2451800
BRDA:59,15,0,2361255
BRDA:59,16,0,2319357
BRDA:60,17,0,2319344
BRDA:62,18,0,2319344
BRDA:68,19,0,132420
BRDA:129,20,0,742
BRDA:132,21,0,189594
BRDA:135,22,0,5
BRF:23
BRH:20
end_of_record
TN:
SF:lib/qlobber-fsq.js
FN:252,CollectStream
FN:271,CollectStream._write
FN:376,QlobberFSQ
FN:458,QlobberFSQ._ensure_extra_matcher
FN:486,filter
FN:488,next
FN:519,copy
FN:524,QlobberFSQ._error
FN:552,QlobberFSQ._chkstop
FN:563,QlobberFSQ._try_again
FN:569,emit_error
FN:575,decode_topic
FN:583,parse_fname
FN:620,close
FN:635,unlock_and_close
FN:654,unlink
FN:698,unlink_unlock_and_close
FN:718,collected
FN:727,call_handlers2
FN:748,done_ne
FN:773,done
FN:779,wait_for_done
FN:796,deliver_message
FN:803,deliver_stream
FN:808,destroy
FN:827,common_callback
FN:837,cb2
FN:868,multi_callback
FN:876,single_callback
FN:881,truncate
FN:946,cb
FN:970,ensure_stream
FN:985,unpipe
FN:1074,read2
FN:1087,read
FN:1185,call_handlers
FN:1202,handle_info
FN:1223,cb
FN:1458,handle_fname
FN:1481,make_info_handler
FN:1500,make_fname_handler
FN:1520,make_mixed_handler
FN:1551,handle
FN:1561,cb2
FN:1567,cb3
FN:1614,process_pending
FN:1641,process_all_readdir
FN:1678,polled
FN:1694,read_update
FN:1718,check_update
FN:1727,save_update
FN:1737,refresh
FN:1860,process_messages
FN:1872,QlobberFSQ._poll
FN:1882,format_bucket
FN:1890,QlobberFSQ._format_bucket
FN:1901,create_watcher
FN:1927,start_notifiers
FN:1979,ths._fs.readdir
FN:2109,QlobberFSQ.subscribe
FN:2139,QlobberFSQ.unsubscribe
FN:2178,default_hasher
FN:2231,QlobberFSQ.publish
FN:2298,errored
FN:2304,unlink_topic
FN:2308,callback
FN:2339,onerror
FN:2346,derror
FN:2350,check
FN:2367,register
FN:2394,done
FN:2416,update
FN:2439,commit
FN:2451,claim
FN:2468,rename
FN:2489,maybe_split
FN:2540,_write
FN:2634,onclose
FN:2655,QlobberFSQ._stop_timeout
FN:2667,QlobberFSQ.___stop_watching
FN:2680,QlobberFSQ.__stop_watching
FN:2700,QlobberFSQ._stop_watching
FN:2729,QlobberFSQ.stop_watching
FN:2762,QlobberFSQ.refresh_now
FN:2779,QlobberFSQ.force_refresh
FN:2801,QlobberFSQ.get_num_buckets
FNF:86
FNH:86
FNDA:49438,CollectStream
FNDA:49434,CollectStream._write
FNDA:1999,QlobberFSQ
FNDA:192,QlobberFSQ._ensure_extra_matcher
FNDA:405527,filter
FNDA:405809,next
FNDA:405567,copy
FNDA:6247615,QlobberFSQ._error
FNDA:145018725,QlobberFSQ._chkstop
FNDA:174496,QlobberFSQ._try_again
FNDA:6,emit_error
FNDA:549786,decode_topic
FNDA:549793,parse_fname
FNDA:57757,close
FNDA:373,unlock_and_close
FNDA:81082,unlink
FNDA:130,unlink_unlock_and_close
FNDA:49506,collected
FNDA:405355,call_handlers2
FNDA:405724,done_ne
FNDA:405684,done
FNDA:346,wait_for_done
FNDA:148171,deliver_message
FNDA:49725,deliver_stream
FNDA:369,destroy
FNDA:549,common_callback
FNDA:369,cb2
FNDA:340,multi_callback
FNDA:209,single_callback
FNDA:196,truncate
FNDA:12,cb
FNDA:49743,ensure_stream
FNDA:69,unpipe
FNDA:49548,read2
FNDA:49549,read
FNDA:405355,call_handlers
FNDA:549811,handle_info
FNDA:549700,cb
FNDA:249072,handle_fname
FNDA:12,make_info_handler
FNDA:4792020,make_fname_handler
FNDA:61237185,make_mixed_handler
FNDA:63709837,handle
FNDA:63709756,cb2
FNDA:63709837,cb3
FNDA:61237189,process_pending
FNDA:2472653,process_all_readdir
FNDA:254351,polled
FNDA:254567,read_update
FNDA:66029222,check_update
FNDA:8607591,save_update
FNDA:4792033,refresh
FNDA:254530,process_messages
FNDA:254567,QlobberFSQ._poll
FNDA:509488,format_bucket
FNDA:66686783,QlobberFSQ._format_bucket
FNDA:1977,create_watcher
FNDA:1981,start_notifiers
FNDA:2472653,ths._fs.readdir
FNDA:1422,QlobberFSQ.subscribe
FNDA:68,QlobberFSQ.unsubscribe
FNDA:151145,default_hasher
FNDA:151145,QlobberFSQ.publish
FNDA:100869,errored
FNDA:22,unlink_topic
FNDA:22,callback
FNDA:8,onerror
FNDA:8,derror
FNDA:8,check
FNDA:251948,register
FNDA:151121,done
FNDA:151123,update
FNDA:100718,commit
FNDA:100718,claim
FNDA:116401,rename
FNDA:100821,maybe_split
FNDA:100946,_write
FNDA:21,onclose
FNDA:394172,QlobberFSQ._stop_timeout
FNDA:1999,QlobberFSQ.___stop_watching
FNDA:1999,QlobberFSQ.__stop_watching
FNDA:1999,QlobberFSQ._stop_watching
FNDA:2305,QlobberFSQ.stop_watching
FNDA:392173,QlobberFSQ.refresh_now
FNDA:626,QlobberFSQ.force_refresh
FNDA:1999,QlobberFSQ.get_num_buckets
DA:1,18
DA:2,18
DA:3,18
DA:4,18
DA:5,18
DA:6,18
DA:7,18
DA:8,18
DA:9,18
DA:10,18
DA:11,18
DA:12,18
DA:13,18
DA:14,18
DA:15,18
DA:16,18
DA:17,18
DA:18,18
DA:19,18
DA:20,18
DA:21,18
DA:22,18
DA:23,18
DA:24,18
DA:25,18
DA:26,18
DA:27,18
DA:28,18
DA:29,18
DA:30,18
DA:31,18
DA:32,18
DA:33,18
DA:34,18
DA:35,18
DA:36,18
DA:37,18
DA:38,18
DA:39,18
DA:40,18
DA:41,18
DA:42,18
DA:43,18
DA:44,18
DA:45,18
DA:46,18
DA:47,18
DA:48,18
DA:49,18
DA:50,18
DA:51,18
DA:52,18
DA:53,18
DA:54,18
DA:55,18
DA:56,18
DA:57,18
DA:58,18
DA:59,18
DA:60,18
DA:61,18
DA:62,18
DA:63,18
DA:64,18
DA:65,18
DA:66,18
DA:67,18
DA:68,18
DA:69,18
DA:70,18
DA:71,18
DA:72,18
DA:73,18
DA:74,18
DA:75,18
DA:76,18
DA:77,18
DA:78,18
DA:79,18
DA:80,18
DA:81,18
DA:82,18
DA:83,18
DA:84,18
DA:85,18
DA:86,18
DA:87,18
DA:88,18
DA:89,18
DA:90,18
DA:91,18
DA:92,18
DA:93,18
DA:94,18
DA:95,18
DA:96,18
DA:97,18
DA:98,18
DA:99,18
DA:100,18
DA:101,18
DA:102,18
DA:103,18
DA:104,18
DA:105,18
DA:106,18
DA:107,18
DA:108,18
DA:109,18
DA:110,18
DA:111,18
DA:112,18
DA:113,18
DA:114,18
DA:115,18
DA:116,18
DA:117,18
DA:118,18
DA:119,18
DA:120,18
DA:121,18
DA:122,18
DA:123,18
DA:124,18
DA:125,18
DA:126,18
DA:127,18
DA:128,18
DA:129,18
DA:130,18
DA:131,18
DA:132,18
DA:133,18
DA:134,18
DA:135,18
DA:136,18
DA:137,18
DA:138,18
DA:139,18
DA:140,18
DA:141,18
DA:142,18
DA:143,18
DA:144,18
DA:145,18
DA:146,18
DA:147,18
DA:148,18
DA:149,18
DA:150,18
DA:151,18
DA:152,18
DA:153,18
DA:154,18
DA:155,18
DA:156,18
DA:157,18
DA:158,18
DA:159,18
DA:160,18
DA:161,18
DA:162,18
DA:163,18
DA:164,18
DA:165,18
DA:166,18
DA:167,18
DA:168,18
DA:169,18
DA:170,18
DA:171,18
DA:172,18
DA:173,18
DA:174,18
DA:175,18
DA:176,18
DA:177,18
DA:178,18
DA:179,18
DA:180,18
DA:181,18
DA:182,18
DA:183,18
DA:184,18
DA:185,18
DA:186,18
DA:187,18
DA:188,18
DA:189,18
DA:190,18
DA:191,18
DA:192,18
DA:193,18
DA:194,18
DA:195,18
DA:196,18
DA:197,18
DA:198,18
DA:199,18
DA:200,18
DA:201,18
DA:202,18
DA:203,18
DA:204,18
DA:205,18
DA:206,18
DA:207,18
DA:208,18
DA:209,18
DA:210,18
DA:211,18
DA:212,18
DA:213,18
DA:214,18
DA:215,18
DA:216,18
DA:217,18
DA:218,18
DA:219,18
DA:220,18
DA:221,18
DA:222,18
DA:223,18
DA:224,18
DA:225,18
DA:226,18
DA:227,18
DA:228,18
DA:229,18
DA:230,18
DA:231,18
DA:232,18
DA:233,18
DA:234,18
DA:235,18
DA:236,18
DA:237,18
DA:238,18
DA:239,18
DA:240,18
DA:241,18
DA:242,18
DA:243,18
DA:244,18
DA:245,18
DA:246,18
DA:247,18
DA:248,18
DA:249,18
DA:250,18
DA:251,18
DA:252,49438
DA:253,49438
DA:254,49438
DA:255,49438
DA:256,49438
DA:257,49438
DA:258,49438
DA:259,49438
DA:260,49438
DA:261,49438
DA:262,49438
DA:263,49438
DA:264,49436
DA:265,49436
DA:266,49438
DA:267,49438
DA:268,18
DA:269,18
DA:270,18
DA:271,18
DA:272,49434
DA:273,49434
DA:274,49434
DA:275,49434
DA:276,18
DA:277,18
DA:278,18
DA:279,18
DA:280,18
DA:281,18
DA:282,18
DA:283,18
DA:284,18
DA:285,18
DA:286,18
DA:287,18
DA:288,18
DA:289,18
DA:290,18
DA:291,18
DA:292,18
DA:293,18
DA:294,18
DA:295,18
DA:296,18
DA:297,18
DA:298,18
DA:299,18
DA:300,18
DA:301,18
DA:302,18
DA:303,18
DA:304,18
DA:305,18
DA:306,18
DA:307,18
DA:308,18
DA:309,18
DA:310,18
DA:311,18
DA:312,18
DA:313,18
DA:314,18
DA:315,18
DA:316,18
DA:317,18
DA:318,18
DA:319,18
DA:320,18
DA:321,18
DA:322,18
DA:323,18
DA:324,18
DA:325,18
DA:326,18
DA:327,18
DA:328,18
DA:329,18
DA:330,18
DA:331,18
DA:332,18
DA:333,18
DA:334,18
DA:335,18
DA:336,18
DA:337,18
DA:338,18
DA:339,18
DA:340,18
DA:341,18
DA:342,18
DA:343,18
DA:344,18
DA:345,18
DA:346,18
DA:347,18
DA:348,18
DA:349,18
DA:350,18
DA:351,18
DA:352,18
DA:353,18
DA:354,18
DA:355,18
DA:356,18
DA:357,18
DA:358,18
DA:359,18
DA:360,18
DA:361,18
DA:362,18
DA:363,18
DA:364,18
DA:365,18
DA:366,18
DA:367,18
DA:368,18
DA:369,18
DA:370,18
DA:371,18
DA:372,18
DA:373,18
DA:374,18
DA:375,18
DA:376,1999
DA:377,1999
DA:378,1999
DA:379,1999
DA:380,1999
DA:381,1999
DA:382,1999
DA:383,1999
DA:384,1999
DA:385,1999
DA:386,1999
DA:387,1999
DA:388,1999
DA:389,1999
DA:390,1999
DA:391,1999
DA:392,1999
DA:393,1999
DA:394,1999
DA:395,1999
DA:396,1999
DA:397,1999
DA:398,1999
DA:399,1999
DA:400,1999
DA:401,1999
DA:402,1999
DA:403,1999
DA:404,1999
DA:405,1999
DA:406,1999
DA:407,1999
DA:408,1999
DA:409,1999
DA:410,1999
DA:411,1999
DA:412,1999
DA:413,1999
DA:414,6
DA:415,6
DA:416,6
DA:417,1999
DA:418,1999
DA:419,1999
DA:420,1999
DA:421,1999
DA:422,1999
DA:423,1999
DA:424,1999
DA:425,1949
DA:426,1949
DA:427,50
DA:428,50
DA:429,50
DA:430,50
DA:431,1999
DA:432,1999
DA:433,1999
DA:434,1999
DA:435,1999
DA:436,1999
DA:437,1999
DA:438,1999
DA:439,1999
DA:440,1999
DA:441,1999
DA:442,1999
DA:443,1999
DA:444,1999
DA:445,1999
DA:446,1999
DA:447,1999
DA:448,1999
DA:449,1999
DA:450,1999
DA:451,1999
DA:452,1999
DA:453,1999
DA:454,1999
DA:455,1999
DA:456,1999
DA:457,1999
DA:458,1999
DA:459,192
DA:460,192
DA:461,192
DA:462,152
DA:463,152
DA:464,76
DA:465,76
DA:466,76
DA:467,76
DA:468,76
DA:469,76
DA:470,152
DA:471,152
DA:472,152
DA:473,152
DA:474,152
DA:475,192
DA:476,192
DA:477,1999
DA:478,1999
DA:479,1999
DA:480,1999
DA:481,1999
DA:482,1999
DA:483,74
DA:484,74
DA:485,1999
DA:486,1999
DA:487,405527
DA:488,405527
DA:489,405809
DA:490,405809
DA:491,405809
DA:492,405809
DA:493,405809
DA:494,405691
DA:495,405691
DA:496,405539
DA:497,405539
DA:498,6
DA:499,6
DA:500,405539
DA:501,152
DA:502,152
DA:503,6
DA:504,6
DA:505,405691
DA:506,405809
DA:507,405809
DA:508,405809
DA:509,405527
DA:510,405527
DA:511,282
DA:512,282
DA:513,405809
DA:514,405809
DA:515,405527
DA:516,405527
DA:517,405527
DA:518,1999
DA:519,1999
DA:520,405567
DA:521,405567
DA:522,405567
DA:523,1999
DA:524,1999
DA:525,6247615
DA:526,6247615
DA:527,6247615
DA:528,103139
DA:529,103139
DA:530,103139
DA:531,103139
DA:532,79536
DA:533,79536
DA:534,79050
DA:535,79050
DA:536,79050
DA:537,79536
DA:538,103139
DA:539,103139
DA:540,103139
DA:541,4
DA:542,4
DA:543,103139
DA:544,6247615
DA:545,6247615
DA:546,1999
DA:547,1999
DA:548,1999
DA:549,1999
DA:550,1999
DA:551,1999
DA:552,1999
DA:553,145018725
DA:554,145018725
DA:555,145018725
DA:556,1993
DA:557,1993
DA:558,1993
DA:559,145018725
DA:560,145018725
DA:561,1999
DA:562,1999
DA:563,1999
DA:564,174496
DA:565,174496
DA:566,174496
DA:567,1999
DA:568,1999
DA:569,1999
DA:570,6
DA:571,6
DA:572,6
DA:573,6
DA:574,1999
DA:575,1999
DA:576,549786
DA:577,549786
DA:578,549786
DA:579,549768
DA:580,549768
DA:581,549786
DA:582,1999
DA:583,1999
DA:584,549793
DA:585,549793
DA:586,549793
DA:587,549793
DA:588,549793
DA:589,549793
DA:590,549793
DA:591,549793
DA:592,549793
DA:593,549793
DA:594,549793
DA:595,549793
DA:596,549793
DA:597,549793
DA:598,549793
DA:599,549793
DA:600,549793
DA:601,549793
DA:602,549793
DA:603,549731
DA:604,549731
DA:605,549731
DA:606,62
DA:607,62
DA:608,62
DA:609,62
DA:610,62
DA:611,62
DA:612,62
DA:613,62
DA:614,55
DA:615,55
DA:616,55
DA:617,62
DA:618,549793
DA:619,1999
DA:620,1999
DA:621,57757
DA:622,57757
DA:623,57757
DA:624,57757
DA:625,57757
DA:626,57757
DA:627,57757
DA:628,7966
DA:629,7966
DA:630,49791
DA:631,49791
DA:632,57757
DA:633,57757
DA:634,1999
DA:635,1999
DA:636,373
DA:637,373
DA:638,373
DA:639,373
DA:640,373
DA:641,373
DA:642,373
DA:643,142
DA:644,142
DA:645,142
DA:646,142
DA:647,142
DA:648,142
DA:649,231
DA:650,373
DA:651,373
DA:652,373
DA:653,1999
DA:654,1999
DA:655,81082
DA:656,81082
DA:657,81082
DA:658,81082
DA:659,81082
DA:660,81082
DA:661,81082
DA:662,81082
DA:663,81082
DA:664,81082
DA:665,81082
DA:666,81082
DA:667,78923
DA:668,0
DA:669,81082
DA:670,81082
DA:671,78923
DA:672,78923
DA:673,81082
DA:674,81082
DA:675,81082
DA:676,81056
DA:677,81056
DA:678,26
DA:679,26
DA:680,26
DA:681,26
DA:682,26
DA:683,26
DA:684,26
DA:685,26
DA:686,0
DA:687,0
DA:688,26
DA:689,26
DA:690,0
DA:691,0
DA:692,26
DA:693,26
DA:694,26
DA:695,81082
DA:696,81082
DA:697,1999
DA:698,1999
DA:699,130
DA:700,130
DA:701,130
DA:702,0
DA:703,0
DA:704,0
DA:705,0
DA:706,0
DA:707,0
DA:708,0
DA:709,0
DA:710,0
DA:711,130
DA:712,130
DA:713,130
DA:714,130
DA:715,130
DA:716,130
DA:717,1999
DA:718,1999
DA:719,49506
DA:720,49506
DA:721,49504
DA:722,49504
DA:723,49503
DA:724,49506
DA:725,49506
DA:726,1999
DA:727,1999
DA:728,405355
DA:729,405355
DA:730,405355
DA:731,405355
DA:732,405355
DA:733,405355
DA:734,405355
DA:735,405355
DA:736,405355
DA:737,405355
DA:738,405355
DA:739,405355
DA:740,256901
DA:741,256901
DA:742,45
DA:743,45
DA:744,256901
DA:745,256901
DA:746,256901
DA:747,148454
DA:748,148454
DA:749,405724
DA:750,405724
DA:751,405724
DA:752,405724
DA:753,405724
DA:754,405724
DA:755,128
DA:756,128
DA:757,128
DA:758,128
DA:759,134
DA:760,134
DA:761,128
DA:762,128
DA:763,405724
DA:764,405724
DA:765,405724
DA:766,405724
DA:767,405724
DA:768,405724
DA:769,405249
DA:770,405249
DA:771,405724
DA:772,148454
DA:773,148454
DA:774,405684
DA:775,405684
DA:776,405684
DA:777,405684
DA:778,148454
DA:779,148454
DA:780,346
DA:781,346
DA:782,346
DA:783,346
DA:784,346
DA:785,158
DA:786,158
DA:787,24
DA:788,24
DA:789,134
DA:790,134
DA:791,134
DA:792,134
DA:793,158
DA:794,346
DA:795,148454
DA:796,148454
DA:797,148171
DA:798,148171
DA:799,148171
DA:800,148171
DA:801,148171
DA:802,148171
DA:803,148171
DA:804,49725
DA:805,49725
DA:806,49725
DA:807,49725
DA:808,49725
DA:809,369
DA:810,369
DA:811,369
DA:812,168
DA:813,168
DA:814,201
DA:815,201
DA:816,201
DA:817,201
DA:818,201
DA:819,201
DA:820,201
DA:821,201
DA:822,341
DA:823,69
DA:824,69
DA:825,369
DA:826,49725
DA:827,49725
DA:828,549
DA:829,549
DA:830,549
DA:831,180
DA:832,180
DA:833,180
DA:834,369
DA:835,369
DA:836,369
DA:837,369
DA:838,369
DA:839,369
DA:840,369
DA:841,150
DA:842,150
DA:843,369
DA:844,369
DA:845,369
DA:846,369
DA:847,369
DA:848,369
DA:849,369
DA:850,369
DA:851,369
DA:852,369
DA:853,16
DA:854,16
DA:855,369
DA:856,369
DA:857,369
DA:858,369
DA:859,369
DA:860,549
DA:861,168
DA:862,168
DA:863,168
DA:864,201
DA:865,201
DA:866,549
DA:867,49725
DA:868,49725
DA:869,340
DA:870,340
DA:871,340
DA:872,4
DA:873,4
DA:874,340
DA:875,49725
DA:876,49725
DA:877,209
DA:878,209
DA:879,209
DA:880,197
DA:881,197
DA:882,196
DA:883,196
DA:884,196
DA:885,196
DA:886,196
DA:887,196
DA:888,196
DA:889,66
DA:890,66
DA:891,130
DA:892,130
DA:893,130
DA:894,130
DA:895,196
DA:896,196
DA:897,197
DA:898,197
DA:899,209
DA:900,67
DA:901,67
DA:902,130
DA:903,130
DA:904,209
DA:905,49725
DA:906,49725
DA:907,49725
DA:908,49725
DA:909,49717
DA:910,49717
DA:911,49717
DA:912,49717
DA:913,49717
DA:914,197
DA:915,197
DA:916,49520
DA:917,49717
DA:918,49516
DA:919,49717
DA:920,49339
DA:921,49339
DA:922,49516
DA:923,49516
DA:924,49717
DA:925,41
DA:926,41
DA:927,49516
DA:928,49516
DA:929,49717
DA:930,177
DA:931,177
DA:932,49339
DA:933,49339
DA:934,49725
DA:935,49725
DA:936,49725
DA:937,81
DA:938,81
DA:939,81
DA:940,81
DA:941,12
DA:942,81
DA:943,8
DA:944,8
DA:945,12
DA:946,12
DA:947,12
DA:948,12
DA:949,12
DA:950,12
DA:951,12
DA:952,12
DA:953,81
DA:954,4
DA:955,4
DA:956,8
DA:957,8
DA:958,81
DA:959,6
DA:960,6
DA:961,2
DA:962,2
DA:963,49725
DA:964,49725
DA:965,49725
DA:966,49725
DA:967,49725
DA:968,49725
DA:969,148171
DA:970,148171
DA:971,49743
DA:972,49743
DA:973,49743
DA:974,49737
DA:975,49737
DA:976,49737
DA:977,49725
DA:978,49725
DA:979,49725
DA:980,49737
DA:981,49743
DA:982,49743
DA:983,49743
DA:984,148171
DA:985,148171
DA:986,69
DA:987,69
DA:988,69
DA:989,148171
DA:990,148171
DA:991,148171
DA:992,148349
DA:993,148349
DA:994,305
DA:995,305
DA:996,12
DA:997,12
DA:998,293
DA:999,293
DA:1000,293
DA:1001,148044
DA:1002,148044
DA:1003,98538
DA:1004,98538
DA:1005,98538
DA:1006,49506
DA:1007,49506
DA:1008,49506
DA:1009,49506
DA:1010,49438
DA:1011,49438
DA:1012,0
DA:1013,0
DA:1014,49438
DA:1015,49438
DA:1016,49438
DA:1017,49438
DA:1018,49506
DA:1019,49506
DA:1020,49506
DA:1021,49506
DA:1022,49506
DA:1023,148349
DA:1024,148171
DA:1025,148171
DA:1026,148171
DA:1027,98446
DA:1028,98446
DA:1029,98446
DA:1030,98446
DA:1031,98446
DA:1032,98446
DA:1033,0
DA:1034,0
DA:1035,148171
DA:1036,148454
DA:1037,148454
DA:1038,405319
DA:1039,53
DA:1040,53
DA:1041,53
DA:1042,53
DA:1043,53
DA:1044,53
DA:1045,53
DA:1046,53
DA:1047,0
DA:1048,0
DA:1049,53
DA:1050,53
DA:1051,53
DA:1052,53
DA:1053,53
DA:1054,148401
DA:1055,148401
DA:1056,405290
DA:1057,98570
DA:1058,98570
DA:1059,98570
DA:1060,98570
DA:1061,98570
DA:1062,136
DA:1063,136
DA:1064,136
DA:1065,136
DA:1066,98570
DA:1067,98570
DA:1068,98570
DA:1069,49831
DA:1070,49831
DA:1071,405355
DA:1072,405355
DA:1073,49831
DA:1074,49831
DA:1075,49548
DA:1076,49548
DA:1077,49548
DA:1078,49548
DA:1079,49548
DA:1080,49548
DA:1081,49548
DA:1082,49548
DA:1083,49548
DA:1084,49548
DA:1085,49548
DA:1086,49831
DA:1087,49831
DA:1088,49549
DA:1089,49549
DA:1090,49549
DA:1091,37
DA:1092,37
DA:1093,49512
DA:1094,49512
DA:1095,49512
DA:1096,49512
DA:1097,49512
DA:1098,1
DA:1099,1
DA:1100,49511
DA:1101,49511
DA:1102,49511
DA:1103,49512
DA:1104,49549
DA:1105,49831
DA:1106,49831
DA:1107,49831
DA:1108,49831
DA:1109,49831
DA:1110,49831
DA:1111,40
DA:1112,40
DA:1113,49791
DA:1114,49831
DA:1115,49791
DA:1116,49791
DA:1117,49831
DA:1118,445
DA:1119,445
DA:1120,445
DA:1121,445
DA:1122,445
DA:1123,214
DA:1124,214
DA:1125,231
DA:1126,231
DA:1127,231
DA:1128,231
DA:1129,231
DA:1130,231
DA:1131,231
DA:1132,231
DA:1133,231
DA:1134,231
DA:1135,231
DA:1136,231
DA:1137,231
DA:1138,406
DA:1139,406
DA:1140,406
DA:1141,406
DA:1142,203
DA:1143,203
DA:1144,231
DA:1145,231
DA:1146,231
DA:1147,203
DA:1148,203
DA:1149,203
DA:1150,0
DA:1151,0
DA:1152,203
DA:1153,203
DA:1154,203
DA:1155,203
DA:1156,0
DA:1157,0
DA:1158,0
DA:1159,0
DA:1160,231
DA:1161,231
DA:1162,231
DA:1163,28
DA:1164,28
DA:1165,28
DA:1166,231
DA:1167,445
DA:1168,445
DA:1169,49346
DA:1170,49346
DA:1171,49346
DA:1172,49346
DA:1173,405355
DA:1174,405355
DA:1175,1999
DA:1176,1999
DA:1177,1999
DA:1178,23
DA:1179,77
DA:1180,77
DA:1181,77
DA:1182,23
DA:1183,23
DA:1184,1999
DA:1185,1999
DA:1186,405355
DA:1187,405355
DA:1188,405355
DA:1189,77
DA:1190,77
DA:1191,77
DA:1192,77
DA:1193,77
DA:1194,77
DA:1195,77
DA:1196,405278
DA:1197,405278
DA:1198,405278
DA:1199,405278
DA:1200,405355
DA:1201,1999
DA:1202,1999
DA:1203,549811
DA:1204,549811
DA:1205,549811
DA:1206,549811
DA:1207,549811
DA:1208,549811
DA:1209,549811
DA:1210,549811
DA:1211,549804
DA:1212,549804
DA:1213,549804
DA:1214,549804
DA:1215,549804
DA:1216,549804
DA:1217,549804
DA:1218,549804
DA:1219,549804
DA:1220,549804
DA:1221,549804
DA:1222,549804
DA:1223,549804
DA:1224,549700
DA:1225,549700
DA:1226,549700
DA:1227,404920
DA:1228,404920
DA:1229,549700
DA:1230,549700
DA:1231,549700
DA:1232,227926
DA:1233,227926
DA:1234,33966
DA:1235,33966
DA:1236,193960
DA:1237,193960
DA:1238,193960
DA:1239,193960
DA:1240,227926
DA:1241,549700
DA:1242,549700
DA:1243,549700
DA:1244,641
DA:1245,641
DA:1246,549700
DA:1247,549700
DA:1248,549700
DA:1249,549804
DA:1250,549804
DA:1251,549811
DA:1252,80952
DA:1253,80952
DA:1254,0
DA:1255,0
DA:1256,80952
DA:1257,80952
DA:1258,80952
DA:1259,80952
DA:1260,80952
DA:1261,80952
DA:1262,468852
DA:1263,468852
DA:1264,549811
DA:1265,18892
DA:1266,18892
DA:1267,449960
DA:1268,449960
DA:1269,549811
DA:1270,193965
DA:1271,193965
DA:1272,193965
DA:1273,193965
DA:1274,255995
DA:1275,255995
DA:1276,255995
DA:1277,255995
DA:1278,255995
DA:1279,255995
DA:1280,255995
DA:1281,255995
DA:1282,255995
DA:1283,255995
DA:1284,449960
DA:1285,449960
DA:1286,549811
DA:1287,405044
DA:1288,405044
DA:1289,405044
DA:1290,449960
DA:1291,449960
DA:1292,449960
DA:1293,449960
DA:1294,449960
DA:1295,449960
DA:1296,549811
DA:1297,591
DA:1298,591
DA:1299,66
DA:1300,66
DA:1301,525
DA:1302,525
DA:1303,525
DA:1304,591
DA:1305,377
DA:1306,377
DA:1307,591
DA:1308,591
DA:1309,591
DA:1310,525
DA:1311,525
DA:1312,525
DA:1313,525
DA:1314,525
DA:1315,18
DA:1316,18
DA:1317,507
DA:1318,507
DA:1319,495
DA:1320,495
DA:1321,473
DA:1322,473
DA:1323,473
DA:1324,473
DA:1325,495
DA:1326,12
DA:1327,12
DA:1328,12
DA:1329,12
DA:1330,40
DA:1331,40
DA:1332,591
DA:1333,591
DA:1334,449369
DA:1335,449369
DA:1336,549811
DA:1337,404890
DA:1338,404890
DA:1339,404890
DA:1340,404890
DA:1341,0
DA:1342,0
DA:1343,404890
DA:1344,44479
DA:1345,44479
DA:1346,144
DA:1347,144
DA:1348,144
DA:1349,144
DA:1350,144
DA:1351,144
DA:1352,144
DA:1353,144
DA:1354,88
DA:1355,88
DA:1356,88
DA:1357,88
DA:1358,88
DA:1359,48
DA:1360,48
DA:1361,48
DA:1362,40
DA:1363,40
DA:1364,40
DA:1365,40
DA:1366,40
DA:1367,40
DA:1368,40
DA:1369,40
DA:1370,40
DA:1371,20
DA:1372,20
DA:1373,8
DA:1374,8
DA:1375,20
DA:1376,20
DA:1377,20
DA:1378,8
DA:1379,8
DA:1380,40
DA:1381,40
DA:1382,88
DA:1383,88
DA:1384,88
DA:1385,144
DA:1386,144
DA:1387,144
DA:1388,144
DA:1389,144
DA:1390,144
DA:1391,144
DA:1392,144
DA:1393,136
DA:1394,136
DA:1395,136
DA:1396,0
DA:1397,0
DA:1398,136
DA:1399,136
DA:1400,136
DA:1401,68
DA:1402,68
DA:1403,68
DA:1404,68
DA:1405,68
DA:1406,68
DA:1407,136
DA:1408,136
DA:1409,136
DA:1410,144
DA:1411,144
DA:1412,144
DA:1413,32
DA:1414,32
DA:1415,112
DA:1416,112
DA:1417,112
DA:1418,112
DA:1419,112
DA:1420,112
DA:1421,112
DA:1422,112
DA:1423,112
DA:1424,112
DA:1425,112
DA:1426,112
DA:1427,112
DA:1428,112
DA:1429,112
DA:1430,44335
DA:1431,44335
DA:1432,44335
DA:1433,44335
DA:1434,405002
DA:1435,405002
DA:1436,405002
DA:1437,405002
DA:1438,405002
DA:1439,405002
DA:1440,405002
DA:1441,404870
DA:1442,404870
DA:1443,132
DA:1444,132
DA:1445,132
DA:1446,132
DA:1447,404937
DA:1448,88
DA:1449,88
DA:1450,88
DA:1451,88
DA:1452,88
DA:1453,132
DA:1454,132
DA:1455,405002
DA:1456,549811
DA:1457,1999
DA:1458,1999
DA:1459,249072
DA:1460,249072
DA:1461,249072
DA:1462,249072
DA:1463,249072
DA:1464,249072
DA:1465,249072
DA:1466,249072
DA:1467,249072
DA:1468,249055
DA:1469,249055
DA:1470,249055
DA:1471,249055
DA:1472,249055
DA:1473,249055
DA:1474,249055
DA:1475,249055
DA:1476,249055
DA:1477,249055
DA:1478,249055
DA:1479,249072
DA:1480,1999
DA:1481,1999
DA:1482,12
DA:1483,12
DA:1484,12
DA:1485,12
DA:1486,12
DA:1487,12
DA:1488,12
DA:1489,6000
DA:1490,6000
DA:1491,6000
DA:1492,6000
DA:1493,6000
DA:1494,6000
DA:1495,6000
DA:1496,6000
DA:1497,12
DA:1498,12
DA:1499,1999
DA:1500,1999
DA:1501,4792020
DA:1502,4792020
DA:1503,4792020
DA:1504,4792020
DA:1505,4792020
DA:1506,4792020
DA:1507,4792020
DA:1508,248540
DA:1509,248540
DA:1510,248540
DA:1511,248540
DA:1512,248540
DA:1513,248540
DA:1514,248540
DA:1515,248540
DA:1516,248540
DA:1517,4792020
DA:1518,4792020
DA:1519,1999
DA:1520,1999
DA:1521,61237185
DA:1522,61237185
DA:1523,61237185
DA:1524,61237185
DA:1525,61237185
DA:1526,61237185
DA:1527,61237185
DA:1528,295288
DA:1529,295288
DA:1530,295288
DA:1531,294756
DA:1532,294756
DA:1533,294756
DA:1534,294756
DA:1535,294756
DA:1536,294756
DA:1537,294756
DA:1538,294756
DA:1539,532
DA:1540,532
DA:1541,532
DA:1542,532
DA:1543,532
DA:1544,532
DA:1545,532
DA:1546,532
DA:1547,532
DA:1548,61237185
DA:1549,61237185
DA:1550,1999
DA:1551,1999
DA:1552,63709837
DA:1553,63709837
DA:1554,63709837
DA:1555,63709837
DA:1556,63709837
DA:1557,63709837
DA:1558,63709837
DA:1559,63709837
DA:1560,63709837
DA:1561,63709837
DA:1562,63709756
DA:1563,63709756
DA:1564,63709692
DA:1565,63709756
DA:1566,63709837
DA:1567,63709837
DA:1568,63709837
DA:1569,63709837
DA:1570,63709837
DA:1571,63709837
DA:1572,63709837
DA:1573,63709837
DA:1574,63709837
DA:1575,63709837
DA:1576,63709837
DA:1577,63709837
DA:1578,63709837
DA:1579,63709837
DA:1580,63709837
DA:1581,63709837
DA:1582,12
DA:1583,12
DA:1584,12
DA:1585,12
DA:1586,6000
DA:1587,6000
DA:1588,6000
DA:1589,4000
DA:1590,4000
DA:1591,2000
DA:1592,2000
DA:1593,2000
DA:1594,2000
DA:1595,2000
DA:1596,12
DA:1597,12
DA:1598,12
DA:1599,12
DA:1600,6000
DA:1601,6000
DA:1602,12
DA:1603,12
DA:1604,12
DA:1605,12
DA:1606,12
DA:1607,12
DA:1608,12
DA:1609,12
DA:1610,63709825
DA:1611,63709825
DA:1612,63709837
DA:1613,1999
DA:1614,1999
DA:1615,61237189
DA:1616,61237189
DA:1617,61237189
DA:1618,61237189
DA:1619,18470
DA:1620,18470
DA:1621,18470
DA:1622,18470
DA:1623,18470
DA:1624,61237189
DA:1625,61237189
DA:1626,61237189
DA:1627,61237189
DA:1628,61237189
DA:1629,61237189
DA:1630,61237189
DA:1631,61237189
DA:1632,61237189
DA:1633,61237189
DA:1634,61237189
DA:1635,61237189
DA:1636,61237189
DA:1637,61237189
DA:1638,61237189
DA:1639,61237189
DA:1640,1999
DA:1641,1999
DA:1642,2472653
DA:1643,2472653
DA:1644,2472653
DA:1645,2472653
DA:1646,2472653
DA:1647,2472653
DA:1648,2472653
DA:1649,2472653
DA:1650,2472653
DA:1651,2472653
DA:1652,2472653
DA:1653,2472653
DA:1654,2472648
DA:1655,2472653
DA:1656,2472653
DA:1657,2472653
DA:1658,2472653
DA:1659,2472653
DA:1660,2472653
DA:1661,1749839
DA:1662,1749839
DA:1663,2472648
DA:1664,2472648
DA:1665,2472648
DA:1666,2472648
DA:1667,2472648
DA:1668,2472648
DA:1669,2472648
DA:1670,2472648
DA:1671,2472648
DA:1672,2472648
DA:1673,2472648
DA:1674,2472648
DA:1675,2472653
DA:1676,2472653
DA:1677,1999
DA:1678,1999
DA:1679,254351
DA:1680,254351
DA:1681,254351
DA:1682,254351
DA:1683,254351
DA:1684,1977
DA:1685,1977
DA:1686,1977
DA:1687,254351
DA:1688,254351
DA:1689,254351
DA:1690,254136
DA:1691,254136
DA:1692,254351
DA:1693,1999
DA:1694,1999
DA:1695,254567
DA:1696,254567
DA:1697,254567
DA:1698,12
DA:1699,12
DA:1700,254555
DA:1701,254555
DA:1702,254555
DA:1703,254555
DA:1704,254555
DA:1705,254555
DA:1706,254555
DA:1707,254518
DA:1708,254555
DA:1709,254555
DA:1710,0
DA:1711,0
DA:1712,0
DA:1713,254518
DA:1714,254518
DA:1715,254555
DA:1716,254567
DA:1717,1999
DA:1718,1999
DA:1719,66029222
DA:1720,66029222
DA:1721,66029222
DA:1722,66029222
DA:1723,66029222
DA:1724,66029222
DA:1725,66029222
DA:1726,66029222
DA:1727,66029222
DA:1728,8607591
DA:1729,8607591
DA:1730,8607591
DA:1731,8606546
DA:1732,8606546
DA:1733,8607591
DA:1734,8607591
DA:1735,8607591
DA:1736,66029222
DA:1737,66029222
DA:1738,4792033
DA:1739,4792033
DA:1740,4792033
DA:1741,4792033
DA:1742,4792033
DA:1743,4792033
DA:1744,4792033
DA:1745,4792033
DA:1746,4792033
DA:1747,4791958
DA:1748,4791958
DA:1749,4791958
DA:1750,4791958
DA:1751,4791958
DA:1752,4791958
DA:1753,4791958
DA:1754,4791958
DA:1755,4791958
DA:1756,4791958
DA:1757,4791958
DA:1758,1473451
DA:1759,1473451
DA:1760,3318507
DA:1761,3318507
DA:1762,4792033
DA:1763,4792033
DA:1764,66029222
DA:1765,66029222
DA:1766,66029222
DA:1767,66017958
DA:1768,66017958
DA:1769,66017958
DA:1770,66017958
DA:1771,1876787
DA:1772,1876787
DA:1773,1876787
DA:1774,64141171
DA:1775,64141171
DA:1776,2123802
DA:1777,2123802
DA:1778,66017958
DA:1779,63905420
DA:1780,63905420
DA:1781,63905420
DA:1782,66024870
DA:1783,66029222
DA:1784,66029222
DA:1785,66029222
DA:1786,55948021
DA:1787,55948021
DA:1788,55948021
DA:1789,55948021
DA:1790,55948021
DA:1791,55948021
DA:1792,55948021
DA:1793,7957399
DA:1794,66029222
DA:1795,66029222
DA:1796,5289168
DA:1797,5289168
DA:1798,5289168
DA:1799,5289168
DA:1800,5289168
DA:1801,5289168
DA:1802,5289168
DA:1803,228745
DA:1804,228745
DA:1805,228745
DA:1806,228745
DA:1807,298738
DA:1808,298738
DA:1809,298738
DA:1810,298738
DA:1811,298738
DA:1812,298738
DA:1813,298738
DA:1814,0
DA:1815,0
DA:1816,298738
DA:1817,298738
DA:1818,298738
DA:1819,298738
DA:1820,298738
DA:1821,298738
DA:1822,298738
DA:1823,298738
DA:1824,298738
DA:1825,298738
DA:1826,298738
DA:1827,298738
DA:1828,298738
DA:1829,298624
DA:1830,298624
DA:1831,298624
DA:1832,298624
DA:1833,298624
DA:1834,298624
DA:1835,298738
DA:1836,298738
DA:1837,298738
DA:1838,298738
DA:1839,298738
DA:1840,298738
DA:1841,298738
DA:1842,298738
DA:1843,228745
DA:1844,5289168
DA:1845,5289168
DA:1846,5289168
DA:1847,5289168
DA:1848,5289168
DA:1849,5289168
DA:1850,5289168
DA:1851,5289168
DA:1852,5289168
DA:1853,5289168
DA:1854,5289168
DA:1855,5289168
DA:1856,2668231
DA:1857,2668231
DA:1858,66029222
DA:1859,1999
DA:1860,1999
DA:1861,254530
DA:1862,254530
DA:1863,254530
DA:1864,254530
DA:1865,254530
DA:1866,254530
DA:1867,66029222
DA:1868,66029222
DA:1869,254530
DA:1870,254530
DA:1871,1999
DA:1872,1999
DA:1873,254567
DA:1874,254567
DA:1875,254567
DA:1876,254567
DA:1877,254567
DA:1878,254567
DA:1879,254567
DA:1880,1999
DA:1881,1999
DA:1882,1999
DA:1883,509488
DA:1884,509488
DA:1885,509488
DA:1886,509488
DA:1887,509488
DA:1888,509488
DA:1889,1999
DA:1890,1999
DA:1891,66686783
DA:1892,66686783
DA:1893,1999
DA:1894,1999
DA:1895,1999
DA:1896,1999
DA:1897,1999
DA:1898,1999
DA:1899,1999
DA:1900,1999
DA:1901,1999
DA:1902,1977
DA:1903,1977
DA:1904,1977
DA:1905,1977
DA:1906,1977
DA:1907,1947
DA:1908,1947
DA:1909,1947
DA:1910,391533
DA:1911,391533
DA:1912,391533
DA:1913,391533
DA:1914,391533
DA:1915,1947
DA:1916,1947
DA:1917,1947
DA:1918,1947
DA:1919,1947
DA:1920,0
DA:1921,0
DA:1922,0
DA:1923,0
DA:1924,1947
DA:1925,1977
DA:1926,1999
DA:1927,1999
DA:1928,1981
DA:1929,1981
DA:1930,1981
DA:1931,1981
DA:1932,1981
DA:1933,1977
DA:1934,1977
DA:1935,1981
DA:1936,1999
DA:1937,1999
DA:1938,1999
DA:1939,509488
DA:1940,509488
DA:1941,509488
DA:1942,509488
DA:1943,1999
DA:1944,1999
DA:1945,1999
DA:1946,1999
DA:1947,1999
DA:1948,1000
DA:1949,1000
DA:1950,254496
DA:1951,254496
DA:1952,1000
DA:1953,1999
DA:1954,1999
DA:1955,1999
DA:1956,1993
DA:1957,1993
DA:1958,1993
DA:1959,1993
DA:1960,1993
DA:1961,12
DA:1962,12
DA:1963,12
DA:1964,12
DA:1965,12
DA:1966,6
DA:1967,6
DA:1968,6
DA:1969,6
DA:1970,6
DA:1971,6
DA:1972,12
DA:1973,1993
DA:1974,1993
DA:1975,1993
DA:1976,1993
DA:1977,1993
DA:1978,1993
DA:1979,1993
DA:1980,2472653
DA:1981,2472653
DA:1982,2472653
DA:1983,2472653
DA:1984,2472653
DA:1985,2472653
DA:1986,0
DA:1987,0
DA:1988,0
DA:1989,0
DA:1990,2472653
DA:1991,2472653
DA:1992,2472653
DA:1993,2472653
DA:1994,2472653
DA:1995,2472653
DA:1996,2472653
DA:1997,2472653
DA:1998,2472653
DA:1999,2472653
DA:2000,2472653
DA:2001,2472653
DA:2002,2472653
DA:2003,1993
DA:2004,1993
DA:2005,1993
DA:2006,1993
DA:2007,1993
DA:2008,1993
DA:2009,1999
DA:2010,759
DA:2011,759
DA:2012,759
DA:2013,3
DA:2014,3
DA:2015,756
DA:2016,756
DA:2017,756
DA:2018,756
DA:2019,756
DA:2020,756
DA:2021,756
DA:2022,756
DA:2023,756
DA:2024,756
DA:2025,756
DA:2026,756
DA:2027,756
DA:2028,6
DA:2029,6
DA:2030,6
DA:2031,756
DA:2032,759
DA:2033,759
DA:2034,9
DA:2035,9
DA:2036,6
DA:2037,6
DA:2038,3
DA:2039,3
DA:2040,3
DA:2041,3
DA:2042,9
DA:2043,759
DA:2044,1987
DA:2045,1987
DA:2046,1999
DA:2047,506416
DA:2048,506416
DA:2049,506416
DA:2050,506416
DA:2051,1987
DA:2052,1987
DA:2053,1019671
DA:2054,1019671
DA:2055,1019671
DA:2056,1019671
DA:2057,1019671
DA:2058,1987
DA:2059,1987
DA:2060,1987
DA:2061,1981
DA:2062,1981
DA:2063,1987
DA:2064,6
DA:2065,6
DA:2066,1975
DA:2067,1975
DA:2068,1975
DA:2069,1975
DA:2070,1975
DA:2071,1975
DA:2072,1975
DA:2073,1987
DA:2074,1999
DA:2075,1999
DA:2076,18
DA:2077,18
DA:2078,18
DA:2079,18
DA:2080,18
DA:2081,18
DA:2082,18
DA:2083,18
DA:2084,18
DA:2085,18
DA:2086,18
DA:2087,18
DA:2088,18
DA:2089,18
DA:2090,18
DA:2091,18
DA:2092,18
DA:2093,18
DA:2094,18
DA:2095,18
DA:2096,18
DA:2097,18
DA:2098,18
DA:2099,18
DA:2100,18
DA:2101,18
DA:2102,18
DA:2103,18
DA:2104,18
DA:2105,18
DA:2106,18
DA:2107,18
DA:2108,18
DA:2109,18
DA:2110,1422
DA:2111,1422
DA:2112,1422
DA:2113,184
DA:2114,184
DA:2115,184
DA:2116,1422
DA:2117,1422
DA:2118,1422
DA:2119,1422
DA:2120,1422
DA:2121,1422
DA:2122,1422
DA:2123,104
DA:2124,104
DA:2125,1422
DA:2126,1422
DA:2127,18
DA:2128,18
DA:2129,18
DA:2130,18
DA:2131,18
DA:2132,18
DA:2133,18
DA:2134,18
DA:2135,18
DA:2136,18
DA:2137,18
DA:2138,18
DA:2139,18
DA:2140,68
DA:2141,68
DA:2142,68
DA:2143,6
DA:2144,6
DA:2145,6
DA:2146,6
DA:2147,68
DA:2148,68
DA:2149,68
DA:2150,14
DA:2151,14
DA:2152,14
DA:2153,8
DA:2154,8
DA:2155,14
DA:2156,54
DA:2157,54
DA:2158,22
DA:2159,22
DA:2160,22
DA:2161,16
DA:2162,16
DA:2163,22
DA:2164,32
DA:2165,32
DA:2166,32
DA:2167,32
DA:2168,32
DA:2169,24
DA:2170,24
DA:2171,32
DA:2172,68
DA:2173,68
DA:2174,68
DA:2175,68
DA:2176,18
DA:2177,18
DA:2178,151145
DA:2179,151145
DA:2180,151145
DA:2181,151145
DA:2182,151145
DA:2183,151145
DA:2184,18
DA:2185,18
DA:2186,18
DA:2187,18
DA:2188,18
DA:2189,18
DA:2190,18
DA:2191,18
DA:2192,18
DA:2193,18
DA:2194,18
DA:2195,18
DA:2196,18
DA:2197,18
DA:2198,18
DA:2199,18
DA:2200,18
DA:2201,18
DA:2202,18
DA:2203,18
DA:2204,18
DA:2205,18
DA:2206,18
DA:2207,18
DA:2208,18
DA:2209,18
DA:2210,18
DA:2211,18
DA:2212,18
DA:2213,18
DA:2214,18
DA:2215,18
DA:2216,18
DA:2217,18
DA:2218,18
DA:2219,18
DA:2220,18
DA:2221,18
DA:2222,18
DA:2223,18
DA:2224,18
DA:2225,18
DA:2226,18
DA:2227,18
DA:2228,18
DA:2229,18
DA:2230,18
DA:2231,18
DA:2232,151145
DA:2233,151145
DA:2234,151145
DA:2235,151145
DA:2236,151145
DA:2237,65
DA:2238,65
DA:2239,65
DA:2240,65
DA:2241,151145
DA:2242,151145
DA:2243,151145
DA:2244,170
DA:2245,170
DA:2246,170
DA:2247,151145
DA:2248,151145
DA:2249,151145
DA:2250,151145
DA:2251,151145
DA:2252,151145
DA:2253,151145
DA:2254,151127
DA:2255,151127
DA:2256,151145
DA:2257,151145
DA:2258,151145
DA:2259,151145
DA:2260,151145
DA:2261,151145
DA:2262,151145
DA:2263,151145
DA:2264,151145
DA:2265,151145
DA:2266,151145
DA:2267,151145
DA:2268,151145
DA:2269,151145
DA:2270,151145
DA:2271,151145
DA:2272,151145
DA:2273,151145
DA:2274,151145
DA:2275,151145
DA:2276,151145
DA:2277,151145
DA:2278,151145
DA:2279,151145
DA:2280,151145
DA:2281,151145
DA:2282,151145
DA:2283,151145
DA:2284,151145
DA:2285,151145
DA:2286,151145
DA:2287,151145
DA:2288,151145
DA:2289,151145
DA:2290,151145
DA:2291,151145
DA:2292,151145
DA:2293,151145
DA:2294,151145
DA:2295,151145
DA:2296,151145
DA:2297,151145
DA:2298,151145
DA:2299,100869
DA:2300,100869
DA:2301,100869
DA:2302,22
DA:2303,22
DA:2304,22
DA:2305,22
DA:2306,22
DA:2307,22
DA:2308,22
DA:2309,22
DA:2310,22
DA:2311,22
DA:2312,22
DA:2313,22
DA:2314,22
DA:2315,22
DA:2316,22
DA:2317,22
DA:2318,22
DA:2319,2
DA:2320,2
DA:2321,2
DA:2322,22
DA:2323,22
DA:2324,22
DA:2325,22
DA:2326,22
DA:2327,22
DA:2328,22
DA:2329,2
DA:2330,2
DA:2331,2
DA:2332,22
DA:2333,22
DA:2334,22
DA:2335,100847
DA:2336,100847
DA:2337,100869
DA:2338,151145
DA:2339,151145
DA:2340,8
DA:2341,8
DA:2342,8
DA:2343,8
DA:2344,8
DA:2345,151145
DA:2346,151145
DA:2347,8
DA:2348,8
DA:2349,8
DA:2350,8
DA:2351,8
DA:2352,8
DA:2353,8
DA:2354,8
DA:2355,8
DA:2356,8
DA:2357,8
DA:2358,8
DA:2359,8
DA:2360,8
DA:2361,8
DA:2362,8
DA:2363,8
DA:2364,8
DA:2365,8
DA:2366,151145
DA:2367,151145
DA:2368,251948
DA:2369,251948
DA:2370,251948
DA:2371,251948
DA:2372,12
DA:2373,12
DA:2374,251948
DA:2375,251948
DA:2376,251948
DA:2377,251948
DA:2378,251948
DA:2379,251942
DA:2380,251942
DA:2381,251942
DA:2382,251942
DA:2383,4
DA:2384,4
DA:2385,4
DA:2386,4
DA:2387,4
DA:2388,4
DA:2389,4
DA:2390,251942
DA:2391,251948
DA:2392,251948
DA:2393,151145
DA:2394,151145
DA:2395,151121
DA:2396,151121
DA:2397,150991
DA:2398,150991
DA:2399,150991
DA:2400,150991
DA:2401,150991
DA:2402,150991
DA:2403,150991
DA:2404,150991
DA:2405,150991
DA:2406,150991
DA:2407,150991
DA:2408,150991
DA:2409,151121
DA:2410,28
DA:2411,28
DA:2412,150991
DA:2413,150991
DA:2414,151121
DA:2415,151145
DA:2416,151145
DA:2417,151123
DA:2418,151123
DA:2419,151123
DA:2420,6
DA:2421,6
DA:2422,151117
DA:2423,151117
DA:2424,151117
DA:2425,151117
DA:2426,151117
DA:2427,151117
DA:2428,151117
DA:2429,151117
DA:2430,151117
DA:2431,151117
DA:2432,151117
DA:2433,151117
DA:2434,151115
DA:2435,151115
DA:2436,151117
DA:2437,151123
DA:2438,151145
DA:2439,151145
DA:2440,100718
DA:2441,100718
DA:2442,100718
DA:2443,100718
DA:2444,100718
DA:2445,0
DA:2446,0
DA:2447,100718
DA:2448,100718
DA:2449,100718
DA:2450,151145
DA:2451,151145
DA:2452,100718
DA:2453,100718
DA:2454,100718
DA:2455,100718
DA:2456,100718
DA:2457,100718
DA:2458,100718
DA:2459,0
DA:2460,0
DA:2461,100718
DA:2462,100718
DA:2463,100718
DA:2464,100718
DA:2465,100718
DA:2466,100718
DA:2467,151145
DA:2468,151145
DA:2469,116401
DA:2470,116401
DA:2471,116401
DA:2472,116401
DA:2473,116401
DA:2474,15580
DA:2475,15580
DA:2476,15580
DA:2477,100821
DA:2478,116401
DA:2479,100821
DA:2480,100821
DA:2481,116401
DA:2482,50405
DA:2483,50405
DA:2484,50416
DA:2485,50416
DA:2486,116401
DA:2487,116401
DA:2488,151145
DA:2489,151145
DA:2490,100821
DA:2491,100821
DA:2492,100821
DA:2493,100821
DA:2494,100821
DA:2495,100795
DA:2496,100795
DA:2497,26
DA:2498,26
DA:2499,26
DA:2500,26
DA:2501,26
DA:2502,26
DA:2503,26
DA:2504,26
DA:2505,100821
DA:2506,151145
DA:2507,151145
DA:2508,151145
DA:2509,151145
DA:2510,151145
DA:2511,100732
DA:2512,100732
DA:2513,100732
DA:2514,100732
DA:2515,100732
DA:2516,100732
DA:2517,50304
DA:2518,50304
DA:2519,50304
DA:2520,100732
DA:2521,100732
DA:2522,100732
DA:2523,100732
DA:2524,100732
DA:2525,100732
DA:2526,100732
DA:2527,2
DA:2528,2
DA:2529,2
DA:2530,2
DA:2531,100730
DA:2532,100730
DA:2533,100730
DA:2534,100730
DA:2535,100730
DA:2536,100730
DA:2537,100730
DA:2538,100730
DA:2539,100730
DA:2540,100730
DA:2541,100946
DA:2542,100946
DA:2543,100946
DA:2544,100946
DA:2545,100946
DA:2546,100946
DA:2547,100690
DA:2548,100690
DA:2549,100690
DA:2550,100690
DA:2551,100690
DA:2552,50284
DA:2553,50284
DA:2554,100690
DA:2555,50662
DA:2556,50662
DA:2557,100946
DA:2558,50422
DA:2559,50422
DA:2560,50422
DA:2561,50422
DA:2562,50422
DA:2563,50422
DA:2564,50422
DA:2565,50422
DA:2566,2
DA:2567,2
DA:2568,2
DA:2569,50420
DA:2570,50420
DA:2571,50420
DA:2572,50420
DA:2573,50420
DA:2574,50420
DA:2575,50420
DA:2576,2
DA:2577,2
DA:2578,2
DA:2579,50420
DA:2580,50420
DA:2581,50420
DA:2582,50420
DA:2583,50422
DA:2584,6
DA:2585,6
DA:2586,6
DA:2587,6
DA:2588,6
DA:2589,6
DA:2590,50414
DA:2591,50414
DA:2592,50414
DA:2593,50414
DA:2594,50414
DA:2595,50414
DA:2596,50414
DA:2597,50422
DA:2598,50660
DA:2599,50660
DA:2600,100946
DA:2601,100730
DA:2602,100730
DA:2603,100730
DA:2604,100730
DA:2605,100730
DA:2606,100730
DA:2607,100730
DA:2608,151143
DA:2609,151143
DA:2610,151145
DA:2611,50413
DA:2612,50413
DA:2613,50413
DA:2614,50413
DA:2615,50413
DA:2616,2
DA:2617,2
DA:2618,2
DA:2619,2
DA:2620,2
DA:2621,50411
DA:2622,50411
DA:2623,50411
DA:2624,151141
DA:2625,151145
DA:2626,151145
DA:2627,169
DA:2628,169
DA:2629,33
DA:2630,33
DA:2631,0
DA:2632,0
DA:2633,33
DA:2634,33
DA:2635,21
DA:2636,21
DA:2637,33
DA:2638,33
DA:2639,33
DA:2640,33
DA:2641,12
DA:2642,12
DA:2643,12
DA:2644,33
DA:2645,33
DA:2646,33
DA:2647,33
DA:2648,169
DA:2649,169
DA:2650,169
DA:2651,150972
DA:2652,150972
DA:2653,18
DA:2654,18
DA:2655,18
DA:2656,394172
DA:2657,394172
DA:2658,394172
DA:2659,73452
DA:2660,73452
DA:2661,73452
DA:2662,73452
DA:2663,320720
DA:2664,320720
DA:2665,18
DA:2666,18
DA:2667,18
DA:2668,1999
DA:2669,1999
DA:2670,1999
DA:2671,1976
DA:2672,1976
DA:2673,23
DA:2674,23
DA:2675,1999
DA:2676,0
DA:2677,0
DA:2678,18
DA:2679,18
DA:2680,18
DA:2681,1999
DA:2682,1999
DA:2683,1999
DA:2684,1999
DA:2685,1999
DA:2686,1546
DA:2687,1546
DA:2688,1999
DA:2689,1999
DA:2690,1999
DA:2691,1743
DA:2692,1743
DA:2693,1743
DA:2694,1743
DA:2695,1743
DA:2696,256
DA:2697,256
DA:2698,18
DA:2699,18
DA:2700,18
DA:2701,1999
DA:2702,1999
DA:2703,1999
DA:2704,509488
DA:2705,509488
DA:2706,509488
DA:2707,254496
DA:2708,254496
DA:2709,254496
DA:2710,509488
DA:2711,1999
DA:2712,1999
DA:2713,1999
DA:2714,742
DA:2715,742
DA:2716,742
DA:2717,742
DA:2718,742
DA:2719,742
DA:2720,1257
DA:2721,1257
DA:2722,18
DA:2723,18
DA:2724,18
DA:2725,18
DA:2726,18
DA:2727,18
DA:2728,18
DA:2729,18
DA:2730,2305
DA:2731,2305
DA:2732,2305
DA:2733,306
DA:2734,306
DA:2735,306
DA:2736,306
DA:2737,306
DA:2738,306
DA:2739,1999
DA:2740,1999
DA:2741,1999
DA:2742,1999
DA:2743,2305
DA:2744,1947
DA:2745,1947
DA:2746,1947
DA:2747,1947
DA:2748,1947
DA:2749,1947
DA:2750,1947
DA:2751,1947
DA:2752,1947
DA:2753,1947
DA:2754,0
DA:2755,0
DA:2756,52
DA:2757,18
DA:2758,18
DA:2759,18
DA:2760,18
DA:2761,18
DA:2762,18
DA:2763,392173
DA:2764,392173
DA:2765,392173
DA:2766,392173
DA:2767,392173
DA:2768,71906
DA:2769,71906
DA:2770,320267
DA:2771,320267
DA:2772,320267
DA:2773,320267
DA:2774,18
DA:2775,18
DA:2776,18
DA:2777,18
DA:2778,18
DA:2779,18
DA:2780,626
DA:2781,626
DA:2782,626
DA:2783,626
DA:2784,626
DA:2785,160256
DA:2786,160256
DA:2787,626
DA:2788,626
DA:2789,18
DA:2790,18
DA:2791,18
DA:2792,18
DA:2793,18
DA:2794,18
DA:2795,18
DA:2796,18
DA:2797,18
DA:2798,18
DA:2799,18
DA:2800,18
DA:2801,18
DA:2802,1999
DA:2803,1999
DA:2804,18
DA:2805,18
DA:2806,18
LF:2806
LH:2751
BRDA:1,0,0,18
BRDA:252,1,0,49438
BRDA:263,2,0,49436
BRDA:271,3,0,49434
BRDA:376,4,0,1999
BRDA:380,5,0,0
BRDA:382,6,0,26
BRDA:389,7,0,1987
BRDA:389,8,0,12
BRDA:390,9,0,1993
BRDA:392,10,0,1963
BRDA:393,11,0,1963
BRDA:394,12,0,1987
BRDA:394,13,0,12
BRDA:398,14,0,1993
BRDA:400,15,0,1993
BRDA:401,16,0,1987
BRDA:403,17,0,1963
BRDA:404,18,0,20
BRDA:406,19,0,0
BRDA:408,20,0,1993
BRDA:409,21,0,1993
BRDA:413,22,0,6
BRDA:418,23,0,1917
BRDA:418,24,0,82
BRDA:419,25,0,1993
BRDA:419,26,0,6
BRDA:424,27,0,1949
BRDA:427,28,0,50
BRDA:450,29,0,1989
BRDA:451,30,0,10
BRDA:479,31,0,1925
BRDA:482,32,0,74
BRDA:1177,33,0,23
BRDA:1938,34,0,509488
BRDA:458,35,0,192
BRDA:461,36,0,152
BRDA:463,37,0,76
BRDA:486,38,0,405527
BRDA:488,39,0,405809
BRDA:490,40,0,405809
BRDA:493,41,0,405691
BRDA:495,42,0,405539
BRDA:497,43,0,6
BRDA:501,44,0,152
BRDA:502,45,0,6
BRDA:507,46,0,405797
BRDA:507,47,0,405659
BRDA:508,48,0,405527
BRDA:511,49,0,282
BRDA:519,50,0,405567
BRDA:521,51,0,405429
BRDA:521,52,0,138
BRDA:524,53,0,6247615
BRDA:527,54,0,103139
BRDA:531,55,0,79536
BRDA:533,56,0,79050
BRDA:539,57,0,24089
BRDA:540,58,0,4
BRDA:552,59,0,145018725
BRDA:554,60,0,2028
BRDA:555,61,0,1993
BRDA:563,62,0,174496
BRDA:566,63,0,23754
BRDA:569,64,0,6
BRDA:575,65,0,549786
BRDA:578,66,0,549768
BRDA:583,67,0,549793
BRDA:587,68,0,0
BRDA:590,69,0,0
BRDA:602,70,0,549731
BRDA:606,71,0,62
BRDA:611,72,0,62
BRDA:613,73,0,7
BRDA:614,74,0,55
BRDA:620,75,0,57757
BRDA:622,76,0,57757
BRDA:627,77,0,7966
BRDA:630,78,0,49791
BRDA:635,79,0,373
BRDA:638,80,0,373
BRDA:640,81,0,142
BRDA:641,82,0,0
BRDA:642,83,0,142
BRDA:649,84,0,231
BRDA:654,85,0,81082
BRDA:656,86,0,81082
BRDA:664,87,0,0
BRDA:666,88,0,78923
BRDA:667,89,0,0
BRDA:670,90,0,78923
BRDA:675,91,0,81056
BRDA:678,92,0,26
BRDA:679,93,0,26
BRDA:683,94,0,0
BRDA:685,95,0,0
BRDA:689,96,0,0
BRDA:698,97,0,130
BRDA:701,98,0,0
BRDA:712,99,0,130
BRDA:718,100,0,49506
BRDA:720,101,0,49504
BRDA:722,102,0,1
BRDA:723,103,0,49503
BRDA:727,104,0,405355
BRDA:734,105,0,405281
BRDA:734,106,0,74
BRDA:736,107,0,0
BRDA:739,108,0,256901
BRDA:740,109,0,45
BRDA:741,110,0,45
BRDA:747,111,0,405319
BRDA:747,112,0,148454
BRDA:1038,113,0,53
BRDA:1054,114,0,405290
BRDA:1054,115,0,148401
BRDA:1056,116,0,98570
BRDA:1069,117,0,49831
BRDA:1071,118,0,485
BRDA:1071,119,0,49346
BRDA:748,120,0,405724
BRDA:754,121,0,128
BRDA:768,122,0,405611
BRDA:768,123,0,405696
BRDA:768,124,0,475
BRDA:769,125,0,405249
BRDA:755,126,0,128
BRDA:758,127,0,134
BRDA:773,128,0,405684
BRDA:779,129,0,346
BRDA:784,130,0,158
BRDA:786,131,0,24
BRDA:789,132,0,134
BRDA:796,133,0,148171
BRDA:991,134,0,148349
BRDA:993,135,0,305
BRDA:995,136,0,12
BRDA:998,137,0,293
BRDA:1001,138,0,148044
BRDA:1002,139,0,98538
BRDA:1006,140,0,49506
BRDA:1009,141,0,49438
BRDA:1011,142,0,0
BRDA:1026,143,0,98446
BRDA:1033,144,0,0
BRDA:803,145,0,49725
BRDA:965,146,0,203
BRDA:965,147,0,49522
BRDA:808,148,0,369
BRDA:811,149,0,168
BRDA:814,150,0,341
BRDA:814,151,0,201
BRDA:822,152,0,69
BRDA:827,153,0,549
BRDA:830,154,0,180
BRDA:834,155,0,369
BRDA:860,156,0,168
BRDA:864,157,0,201
BRDA:837,158,0,369
BRDA:840,159,0,150
BRDA:849,160,0,369
BRDA:852,161,0,16
BRDA:868,162,0,340
BRDA:871,163,0,336
BRDA:872,164,0,4
BRDA:876,165,0,209
BRDA:879,166,0,12
BRDA:880,167,0,197
BRDA:899,168,0,67
BRDA:902,169,0,130
BRDA:881,170,0,196
BRDA:883,171,0,196
BRDA:888,172,0,66
BRDA:891,173,0,130
BRDA:908,174,0,49717
BRDA:913,175,0,197
BRDA:916,176,0,49520
BRDA:917,177,0,4
BRDA:918,178,0,49516
BRDA:919,179,0,49339
BRDA:922,180,0,49516
BRDA:924,181,0,41
BRDA:927,182,0,49516
BRDA:929,183,0,177
BRDA:932,184,0,49339
BRDA:936,185,0,81
BRDA:940,186,0,69
BRDA:941,187,0,12
BRDA:942,188,0,8
BRDA:945,189,0,12
BRDA:953,190,0,4
BRDA:956,191,0,8
BRDA:958,192,0,6
BRDA:961,193,0,2
BRDA:946,194,0,12
BRDA:970,195,0,49743
BRDA:973,196,0,49737
BRDA:976,197,0,49725
BRDA:985,198,0,69
BRDA:1039,199,0,53
BRDA:1041,200,0,0
BRDA:1043,201,0,53
BRDA:1046,202,0,0
BRDA:1057,203,0,98570
BRDA:1059,204,0,0
BRDA:1061,205,0,136
BRDA:1072,206,0,49831
BRDA:1106,207,0,485
BRDA:1107,208,0,40
BRDA:1107,209,0,0
BRDA:1110,210,0,40
BRDA:1113,211,0,49791
BRDA:1114,212,0,0
BRDA:1115,213,0,49791
BRDA:1117,214,0,445
BRDA:1169,215,0,49346
BRDA:1074,216,0,49548
BRDA:1076,217,0,49548
BRDA:1087,218,0,49549
BRDA:1090,219,0,37
BRDA:1093,220,0,49512
BRDA:1094,221,0,49512
BRDA:1097,222,0,1
BRDA:1100,223,0,49511
BRDA:1118,224,0,445
BRDA:1120,225,0,231
BRDA:1122,226,0,214
BRDA:1125,227,0,231
BRDA:1137,228,0,406
BRDA:1141,229,0,203
BRDA:1146,230,0,203
BRDA:1149,231,0,0
BRDA:1156,232,0,0
BRDA:1162,233,0,28
BRDA:1178,234,0,77
BRDA:1185,235,0,405355
BRDA:1188,236,0,77
BRDA:1196,237,0,405278
BRDA:1202,238,0,549811
BRDA:1210,239,0,7
BRDA:1211,240,0,549804
BRDA:1251,241,0,80952
BRDA:1252,242,0,9
BRDA:1253,243,0,0
BRDA:1262,244,0,468852
BRDA:1264,245,0,18892
BRDA:1267,246,0,449960
BRDA:1269,247,0,193965
BRDA:1274,248,0,255995
BRDA:1280,249,0,255933
BRDA:1281,250,0,365
BRDA:1281,251,0,255640
BRDA:1284,252,0,449960
BRDA:1286,253,0,405044
BRDA:1290,254,0,449960
BRDA:1296,255,0,591
BRDA:1298,256,0,66
BRDA:1301,257,0,525
BRDA:1304,258,0,148
BRDA:1304,259,0,377
BRDA:1334,260,0,449369
BRDA:1336,261,0,404890
BRDA:1340,262,0,0
BRDA:1344,263,0,44479
BRDA:1344,264,0,144
BRDA:1345,265,0,144
BRDA:1348,266,0,72
BRDA:1349,267,0,72
BRDA:1353,268,0,88
BRDA:1356,269,0,56
BRDA:1358,270,0,48
BRDA:1362,271,0,40
BRDA:1370,272,0,20
BRDA:1372,273,0,8
BRDA:1377,274,0,8
BRDA:1388,275,0,72
BRDA:1388,276,0,72
BRDA:1392,277,0,136
BRDA:1394,278,0,0
BRDA:1395,279,0,0
BRDA:1400,280,0,68
BRDA:1412,281,0,32
BRDA:1415,282,0,112
BRDA:1430,283,0,44335
BRDA:1434,284,0,405002
BRDA:1223,285,0,549700
BRDA:1226,286,0,404920
BRDA:1231,287,0,227926
BRDA:1232,288,0,193978
BRDA:1233,289,0,33966
BRDA:1236,290,0,193960
BRDA:1242,291,0,549097
BRDA:1242,292,0,647
BRDA:1243,293,0,641
BRDA:1244,294,0,26
BRDA:1244,295,0,615
BRDA:1257,296,0,80952
BRDA:1309,297,0,525
BRDA:1314,298,0,18
BRDA:1317,299,0,507
BRDA:1318,300,0,495
BRDA:1320,301,0,473
BRDA:1326,302,0,12
BRDA:1330,303,0,40
BRDA:1435,304,0,405002
BRDA:1440,305,0,404870
BRDA:1443,306,0,404937
BRDA:1443,307,0,132
BRDA:1447,308,0,88
BRDA:1453,309,0,132
BRDA:1458,310,0,249072
BRDA:1467,311,0,17
BRDA:1468,312,0,249055
BRDA:1469,313,0,249055
BRDA:1481,314,0,12
BRDA:1488,315,0,6000
BRDA:1500,316,0,4792020
BRDA:1507,317,0,248540
BRDA:1520,318,0,61237185
BRDA:1527,319,0,295288
BRDA:1530,320,0,294756
BRDA:1539,321,0,532
BRDA:1551,322,0,63709837
BRDA:1581,323,0,12
BRDA:1610,324,0,63709825
BRDA:1561,325,0,63709756
BRDA:1563,326,0,64
BRDA:1564,327,0,63709692
BRDA:1567,328,0,63709837
BRDA:1585,329,0,6000
BRDA:1588,330,0,4000
BRDA:1591,331,0,2000
BRDA:1592,332,0,2000
BRDA:1597,333,0,12
BRDA:1599,334,0,6000
BRDA:1601,335,0,0
BRDA:1602,336,0,12
BRDA:1614,337,0,61237189
BRDA:1617,338,0,20729998
BRDA:1617,339,0,40507191
BRDA:1618,340,0,18470
BRDA:1624,341,0,61218719
BRDA:1641,342,0,2472653
BRDA:1649,343,0,2472653
BRDA:1652,344,0,5
BRDA:1653,345,0,2472648
BRDA:1653,346,0,0
BRDA:1654,347,0,2472648
BRDA:1655,348,0,1749839
BRDA:1655,349,0,722809
BRDA:1656,350,0,1749839
BRDA:1656,351,0,722809
BRDA:1660,352,0,1749839
BRDA:1663,353,0,2472648
BRDA:1678,354,0,254351
BRDA:1680,355,0,0
BRDA:1683,356,0,1977
BRDA:1689,357,0,254136
BRDA:1694,358,0,254567
BRDA:1697,359,0,12
BRDA:1700,360,0,254555
BRDA:1703,361,0,254555
BRDA:1706,362,0,37
BRDA:1707,363,0,254518
BRDA:1709,364,0,0
BRDA:1713,365,0,254518
BRDA:1718,366,0,66029222
BRDA:1720,367,0,0
BRDA:1766,368,0,66017958
BRDA:1770,369,0,66017702
BRDA:1770,370,0,1876787
BRDA:1774,371,0,64141171
BRDA:1775,372,0,2123802
BRDA:1779,373,0,66024870
BRDA:1779,374,0,63905420
BRDA:1782,375,0,63904881
BRDA:1783,376,0,55964744
BRDA:1784,377,0,35193
BRDA:1785,378,0,55948021
BRDA:1793,379,0,7957399
BRDA:1794,380,0,5306915
BRDA:1795,381,0,5289168
BRDA:1856,382,0,2668231
BRDA:1727,383,0,8607591
BRDA:1729,384,0,8606546
BRDA:1730,385,0,8606546
BRDA:1737,386,0,4792033
BRDA:1745,387,0,1473467
BRDA:1746,388,0,4791958
BRDA:1753,389,0,2123794
BRDA:1753,390,0,2668164
BRDA:1757,391,0,1473451
BRDA:1760,392,0,3318507
BRDA:1802,393,0,228745
BRDA:1806,394,0,298738
BRDA:1813,395,0,0
BRDA:1820,396,0,298738
BRDA:1826,397,0,298722
BRDA:1828,398,0,298624
BRDA:1844,399,0,5289168
BRDA:1846,400,0,0
BRDA:1860,401,0,254530
BRDA:1866,402,0,66029222
BRDA:1872,403,0,254567
BRDA:1875,404,0,0
BRDA:1882,405,0,509488
BRDA:1884,406,0,509476
BRDA:1884,407,0,12
BRDA:1890,408,0,66686783
BRDA:1901,409,0,1977
BRDA:1905,410,0,1971
BRDA:1906,411,0,1947
BRDA:1919,412,0,0
BRDA:1909,413,0,391533
BRDA:1927,414,0,1981
BRDA:1931,415,0,0
BRDA:1932,416,0,4
BRDA:1933,417,0,1977
BRDA:1944,418,0,1999
BRDA:1947,419,0,1000
BRDA:1949,420,0,254496
BRDA:1955,421,0,1993
BRDA:1960,422,0,12
BRDA:1965,423,0,6
BRDA:2009,424,0,759
BRDA:2012,425,0,3
BRDA:2015,426,0,756
BRDA:2027,427,0,6
BRDA:2033,428,0,9
BRDA:2035,429,0,6
BRDA:2038,430,0,3
BRDA:2044,431,0,1987
BRDA:2046,432,0,506416
BRDA:2051,433,0,1987
BRDA:1979,434,0,2472653
BRDA:1986,435,0,0
BRDA:1990,436,0,2472653
BRDA:2052,437,0,1019671
BRDA:2054,438,0,1019671
BRDA:2056,439,0,714726
BRDA:2056,440,0,6
BRDA:2056,441,0,1019665
BRDA:2058,442,0,1987
BRDA:2060,443,0,6
BRDA:2061,444,0,1981
BRDA:2063,445,0,6
BRDA:2066,446,0,1975
BRDA:2109,447,0,1422
BRDA:2112,448,0,184
BRDA:2117,449,0,1318
BRDA:2122,450,0,104
BRDA:2126,451,0,184
BRDA:2139,452,0,68
BRDA:2142,453,0,6
BRDA:2149,454,0,14
BRDA:2152,455,0,8
BRDA:2156,456,0,54
BRDA:2157,457,0,22
BRDA:2160,458,0,16
BRDA:2164,459,0,32
BRDA:2168,460,0,24
BRDA:2175,461,0,20
BRDA:2178,462,0,151145
BRDA:2231,463,0,151145
BRDA:2233,464,0,169
BRDA:2234,465,0,169
BRDA:2236,466,0,65
BRDA:2243,467,0,170
BRDA:2248,468,0,262
BRDA:2253,469,0,151127
BRDA:2266,470,0,539
BRDA:2266,471,0,142
BRDA:2266,472,0,397
BRDA:2271,473,0,30
BRDA:2271,474,0,151115
BRDA:2273,475,0,33
BRDA:2273,476,0,151112
BRDA:2273,477,0,148
BRDA:2273,478,0,150964
BRDA:2292,479,0,0
BRDA:2510,480,0,100732
BRDA:2515,481,0,50348
BRDA:2515,482,0,50340
BRDA:2516,483,0,50304
BRDA:2519,484,0,8
BRDA:2519,485,0,50296
BRDA:2520,486,0,50428
BRDA:2526,487,0,2
BRDA:2531,488,0,100730
BRDA:2608,489,0,151143
BRDA:2610,490,0,50413
BRDA:2615,491,0,2
BRDA:2621,492,0,50411
BRDA:2624,493,0,151141
BRDA:2625,494,0,169
BRDA:2626,495,0,169
BRDA:2628,496,0,33
BRDA:2630,497,0,0
BRDA:2651,498,0,150972
BRDA:2298,499,0,100869
BRDA:2301,500,0,22
BRDA:2328,501,0,2
BRDA:2335,502,0,100847
BRDA:2304,503,0,22
BRDA:2318,504,0,2
BRDA:2308,505,0,22
BRDA:2339,506,0,8
BRDA:2346,507,0,8
BRDA:2350,508,0,8
BRDA:2367,509,0,251948
BRDA:2371,510,0,12
BRDA:2378,511,0,251942
BRDA:2382,512,0,4
BRDA:2384,513,0,4
BRDA:2394,514,0,151121
BRDA:2396,515,0,130
BRDA:2397,516,0,150991
BRDA:2409,517,0,28
BRDA:2412,518,0,150991
BRDA:2416,519,0,151123
BRDA:2419,520,0,6
BRDA:2422,521,0,151117
BRDA:2433,522,0,151115
BRDA:2439,523,0,100718
BRDA:2441,524,0,0
BRDA:2444,525,0,0
BRDA:2451,526,0,100718
BRDA:2453,527,0,0
BRDA:2458,528,0,0
BRDA:2468,529,0,116401
BRDA:2470,530,0,116401
BRDA:2473,531,0,15580
BRDA:2477,532,0,100821
BRDA:2478,533,0,0
BRDA:2479,534,0,100821
BRDA:2481,535,0,50405
BRDA:2484,536,0,50416
BRDA:2489,537,0,100821
BRDA:2494,538,0,100795
BRDA:2497,539,0,26
BRDA:2500,540,0,26
BRDA:2502,541,0,0
BRDA:2540,542,0,100946
BRDA:2546,543,0,100690
BRDA:2551,544,0,50284
BRDA:2555,545,0,50662
BRDA:2557,546,0,50422
BRDA:2565,547,0,2
BRDA:2569,548,0,50420
BRDA:2583,549,0,6
BRDA:2590,550,0,50414
BRDA:2598,551,0,50660
BRDA:2575,552,0,2
BRDA:2634,553,0,21
BRDA:2640,554,0,12
BRDA:2655,555,0,394172
BRDA:2658,556,0,394171
BRDA:2658,557,0,73452
BRDA:2663,558,0,320720
BRDA:2667,559,0,1999
BRDA:2670,560,0,1976
BRDA:2673,561,0,23
BRDA:2675,562,0,0
BRDA:2680,563,0,1999
BRDA:2685,564,0,1546
BRDA:2690,565,0,1743
BRDA:2696,566,0,256
BRDA:2691,567,0,1743
BRDA:2700,568,0,1999
BRDA:2703,569,0,509488
BRDA:2706,570,0,254496
BRDA:2712,571,0,1993
BRDA:2713,572,0,742
BRDA:2720,573,0,1257
BRDA:2715,574,0,742
BRDA:2729,575,0,2305
BRDA:2732,576,0,306
BRDA:2739,577,0,1999
BRDA:2743,578,0,1947
BRDA:2754,579,0,0
BRDA:2756,580,0,52
BRDA:2748,581,0,1947
BRDA:2762,582,0,392173
BRDA:2764,583,0,0
BRDA:2767,584,0,392171
BRDA:2767,585,0,71906
BRDA:2770,586,0,320267
BRDA:2779,587,0,626
BRDA:2784,588,0,160256
BRDA:2801,589,0,1999
BRDA:2803,590,0,0
BRDA:2803,591,0,0
BRF:592
BRH:543
end_of_record
