TN:
SF:/home/david/qlobber-fsq/Gruntfile.js
FN:6,(anonymous_1)
FNF:1
FNH:1
FNDA:1,(anonymous_1)
DA:4,1
DA:6,1
DA:8,1
DA:70,1
DA:71,1
DA:72,1
DA:73,1
DA:75,1
DA:76,1
DA:77,1
DA:78,1
DA:79,1
DA:80,1
DA:81,1
DA:82,1
DA:83,1
LF:16
LH:16
BRDA:48,1,0,1
BRDA:48,1,1,0
BRF:2
BRH:1
end_of_record
TN:
SF:/home/david/qlobber-fsq/index.js
FNF:0
FNH:0
DA:3,1
LF:1
LH:1
BRF:0
BRH:0
end_of_record
TN:
SF:/home/david/qlobber-fsq/lib/qlobber-fsq.js
FN:239,CollectStream
FN:250,(anonymous_2)
FN:258,(anonymous_3)
FN:328,QlobberFSQ
FN:395,(anonymous_5)
FN:400,(anonymous_6)
FN:428,(anonymous_7)
FN:439,(anonymous_8)
FN:445,emit_error
FN:451,decode_topic
FN:459,parse_fname
FN:486,(anonymous_12)
FN:495,close
FN:497,(anonymous_14)
FN:503,(anonymous_15)
FN:513,unlock_and_close
FN:516,(anonymous_17)
FN:522,(anonymous_18)
FN:532,unlink_unlock_and_close
FN:534,(anonymous_20)
FN:551,(anonymous_21)
FN:565,collected
FN:567,(anonymous_23)
FN:574,call_handlers2
FN:584,done
FN:600,(anonymous_26)
FN:602,read
FN:615,destroy
FN:630,multi_callback
FN:653,(anonymous_30)
FN:664,single_callback
FN:673,cb2
FN:683,truncate
FN:685,(anonymous_34)
FN:714,(anonymous_35)
FN:728,(anonymous_36)
FN:774,(anonymous_37)
FN:792,(anonymous_38)
FN:801,(anonymous_39)
FN:813,(anonymous_40)
FN:829,(anonymous_41)
FN:836,call_handlers
FN:853,make_info_handler
FN:855,(anonymous_44)
FN:865,cb
FN:886,(anonymous_46)
FN:898,(anonymous_47)
FN:926,(anonymous_48)
FN:953,(anonymous_49)
FN:975,fname_to_info
FN:987,make_fname_handler
FN:991,(anonymous_52)
FN:995,(anonymous_53)
FN:1003,handle
FN:1007,cb2
FN:1018,cb3
FN:1022,(anonymous_57)
FN:1039,(anonymous_58)
FN:1041,(anonymous_59)
FN:1046,(anonymous_60)
FN:1057,(anonymous_61)
FN:1066,(anonymous_62)
FN:1078,(anonymous_63)
FN:1095,(anonymous_64)
FN:1108,(anonymous_65)
FN:1118,(anonymous_66)
FN:1127,(anonymous_67)
FN:1145,(anonymous_68)
FN:1165,(anonymous_69)
FN:1193,(anonymous_70)
FN:1199,(anonymous_71)
FN:1220,(anonymous_72)
FN:1222,(anonymous_73)
FN:1226,(anonymous_74)
FN:1235,(anonymous_75)
FN:1248,(anonymous_76)
FN:1299,(anonymous_77)
FN:1316,(anonymous_78)
FN:1341,default_hasher
FN:1379,(anonymous_80)
FN:1433,errored
FN:1438,(anonymous_82)
FN:1441,(anonymous_83)
FN:1453,rename_and_update
FN:1455,(anonymous_85)
FN:1473,(anonymous_86)
FN:1479,(anonymous_87)
FN:1484,(anonymous_88)
FN:1491,maybe_split
FN:1500,(anonymous_90)
FN:1509,(anonymous_91)
FN:1515,(anonymous_92)
FN:1530,(anonymous_93)
FN:1536,(anonymous_94)
FN:1553,(anonymous_95)
FN:1574,(anonymous_96)
FN:1593,(anonymous_97)
FN:1610,(anonymous_98)
FNF:98
FNH:97
FNDA:24624,CollectStream
FNDA:24623,(anonymous_2)
FNDA:24623,(anonymous_3)
FNDA:198,QlobberFSQ
FNDA:74717,(anonymous_5)
FNDA:426952,(anonymous_6)
FNDA:2411690,(anonymous_7)
FNDA:97216,(anonymous_8)
FNDA:1,emit_error
FNDA:74669,decode_topic
FNDA:74669,parse_fname
FNDA:5,(anonymous_12)
FNDA:48346,close
FNDA:48346,(anonymous_14)
FNDA:23647,(anonymous_15)
FNDA:52,unlock_and_close
FNDA:52,(anonymous_17)
FNDA:17,(anonymous_18)
FNDA:19,unlink_unlock_and_close
FNDA:19,(anonymous_20)
FNDA:1,(anonymous_21)
FNDA:24650,collected
FNDA:24649,(anonymous_23)
FNDA:74722,call_handlers2
FNDA:74752,done
FNDA:24715,(anonymous_26)
FNDA:24665,read
FNDA:33,destroy
FNDA:73,multi_callback
FNDA:2,(anonymous_30)
FNDA:33,single_callback
FNDA:30,cb2
FNDA:35,truncate
FNDA:35,(anonymous_34)
FNDA:24663,(anonymous_35)
FNDA:14,(anonymous_36)
FNDA:71,(anonymous_37)
FNDA:68,(anonymous_38)
FNDA:34,(anonymous_39)
FNDA:4,(anonymous_40)
FNDA:2,(anonymous_41)
FNDA:74722,call_handlers
FNDA:71021,make_info_handler
FNDA:145640,(anonymous_44)
FNDA:145621,cb
FNDA:46088,(anonymous_46)
FNDA:2,(anonymous_47)
FNDA:93,(anonymous_48)
FNDA:74640,(anonymous_49)
FNDA:145561,fname_to_info
FNDA:70941,make_fname_handler
FNDA:144561,(anonymous_52)
FNDA:144561,(anonymous_53)
FNDA:1673759,handle
FNDA:1673740,cb2
FNDA:71021,cb3
FNDA:11847,(anonymous_57)
FNDA:1000,(anonymous_58)
FNDA:1000,(anonymous_59)
FNDA:1,(anonymous_60)
FNDA:6643,(anonymous_61)
FNDA:6643,(anonymous_62)
FNDA:1673759,(anonymous_63)
FNDA:1545870,(anonymous_64)
FNDA:127774,(anonymous_65)
FNDA:127751,(anonymous_66)
FNDA:6504,(anonymous_67)
FNDA:202738,(anonymous_68)
FNDA:198,(anonymous_69)
FNDA:197,(anonymous_70)
FNDA:196,(anonymous_71)
FNDA:35868,(anonymous_72)
FNDA:35868,(anonymous_73)
FNDA:196,(anonymous_74)
FNDA:196,(anonymous_75)
FNDA:72307,(anonymous_76)
FNDA:193,(anonymous_77)
FNDA:3,(anonymous_78)
FNDA:25164,default_hasher
FNDA:25164,(anonymous_80)
FNDA:25169,errored
FNDA:2,(anonymous_82)
FNDA:2,(anonymous_83)
FNDA:48783,rename_and_update
FNDA:48783,(anonymous_85)
FNDA:0,(anonymous_86)
FNDA:25162,(anonymous_87)
FNDA:25162,(anonymous_88)
FNDA:25162,maybe_split
FNDA:5,(anonymous_90)
FNDA:2,(anonymous_91)
FNDA:25162,(anonymous_92)
FNDA:25153,(anonymous_93)
FNDA:72609,(anonymous_94)
FNDA:226,(anonymous_95)
FNDA:54,(anonymous_96)
FNDA:72413,(anonymous_97)
FNDA:105,(anonymous_98)
DA:226,1
DA:228,1
DA:239,1
DA:241,24624
DA:243,24624
DA:245,24624
DA:246,24624
DA:248,24624
DA:250,24624
DA:252,24623
DA:256,1
DA:258,1
DA:260,24623
DA:261,24623
DA:262,24623
DA:328,1
DA:330,198
DA:332,198
DA:334,198
DA:335,198
DA:336,198
DA:337,198
DA:338,198
DA:339,198
DA:341,198
DA:342,198
DA:344,198
DA:345,198
DA:346,198
DA:348,198
DA:350,198
DA:352,198
DA:353,198
DA:355,198
DA:356,198
DA:358,198
DA:359,198
DA:361,198
DA:362,198
DA:364,1
DA:365,1
DA:368,198
DA:369,198
DA:371,198
DA:373,196
DA:377,2
DA:380,198
DA:382,198
DA:395,198
DA:397,74717
DA:400,198
DA:402,426952
DA:404,92955
DA:406,92955
DA:408,45633
DA:410,45603
DA:411,45603
DA:415,92955
DA:417,0
DA:421,426952
DA:424,198
DA:425,198
DA:426,198
DA:428,198
DA:430,2411690
DA:432,196
DA:433,196
DA:436,2411690
DA:439,198
DA:442,97216
DA:445,1
DA:447,1
DA:448,1
DA:451,1
DA:453,74669
DA:455,74667
DA:459,1
DA:461,74669
DA:463,74669
DA:465,74669
DA:466,74669
DA:468,74669
DA:476,74669
DA:478,74664
DA:479,74664
DA:482,5
DA:484,5
DA:488,5
DA:489,5
DA:490,5
DA:491,5
DA:495,1
DA:497,48346
DA:499,48346
DA:501,48346
DA:503,23647
DA:505,23647
DA:509,24699
DA:513,1
DA:516,52
DA:518,52
DA:520,52
DA:522,17
DA:524,17
DA:528,35
DA:532,1
DA:534,19
DA:539,19
DA:541,19
DA:543,1
DA:546,19
DA:548,18
DA:551,1
DA:553,1
DA:555,1
DA:557,0
DA:560,1
DA:565,1
DA:567,24650
DA:569,24649
DA:570,24649
DA:574,1
DA:578,74722
DA:579,74722
DA:581,24715
DA:584,1
DA:586,74752
DA:588,12
DA:589,12
DA:592,74752
DA:593,74752
DA:594,74701
DA:595,74701
DA:598,24715
DA:602,1
DA:604,24665
DA:615,1
DA:617,33
DA:619,33
DA:621,12
DA:624,33
DA:626,4
DA:630,1
DA:632,73
DA:634,71
DA:636,71
DA:638,16
DA:640,4
DA:644,12
DA:648,71
DA:651,2
DA:653,2
DA:655,2
DA:657,1
DA:660,2
DA:664,1
DA:666,33
DA:668,2
DA:671,31
DA:673,1
DA:675,30
DA:677,14
DA:680,30
DA:683,1
DA:685,35
DA:687,35
DA:689,35
DA:691,16
DA:696,19
DA:700,31
DA:702,11
DA:706,20
DA:710,24665
DA:712,24665
DA:714,24665
DA:716,24663
DA:718,33
DA:722,24630
DA:723,24628
DA:724,24628
DA:728,24665
DA:730,14
DA:732,14
DA:733,2
DA:735,2
DA:737,1
DA:741,1
DA:745,24665
DA:747,24692
DA:749,42
DA:753,24650
DA:755,24624
DA:756,24624
DA:759,24650
DA:764,24715
DA:766,13
DA:767,13
DA:770,24702
DA:772,24702
DA:774,71
DA:776,71
DA:778,33
DA:783,38
DA:792,38
DA:794,68
DA:795,68
DA:797,34
DA:801,38
DA:803,34
DA:805,34
DA:809,0
DA:813,38
DA:815,4
DA:816,4
DA:822,24631
DA:827,198
DA:829,1
DA:831,2
DA:832,2
DA:836,1
DA:838,74722
DA:840,2
DA:849,74720
DA:853,1
DA:855,71021
DA:857,145640
DA:858,145640
DA:860,145640
DA:865,1
DA:867,145621
DA:869,46090
DA:873,99531
DA:876,145621
DA:878,103
DA:881,145621
DA:884,145640
DA:886,46088
DA:888,46088
DA:893,46088
DA:895,46086
DA:898,2
DA:900,2
DA:901,2
DA:906,99552
DA:907,99552
DA:909,99552
DA:912,74666
DA:919,99552
DA:921,104
DA:923,11
DA:926,93
DA:928,93
DA:930,93
DA:932,6
DA:934,87
DA:936,3
DA:938,3
DA:941,84
DA:943,81
DA:948,9
DA:951,99448
DA:953,74640
DA:955,74640
DA:957,74640
DA:959,2
DA:960,2
DA:964,74638
DA:970,24808
DA:975,1
DA:977,145561
DA:979,145561
DA:981,70892
DA:984,74669
DA:987,1
DA:989,70941
DA:991,70941
DA:993,144561
DA:995,144561
DA:997,144561
DA:998,144561
DA:1003,1
DA:1005,1673759
DA:1007,1
DA:1009,1673740
DA:1010,1673621
DA:1013,1673759
DA:1015,1602738
DA:1018,1
DA:1020,71021
DA:1022,1
DA:1024,11847
DA:1028,71021
DA:1034,71021
DA:1036,1
DA:1041,1000
DA:1043,1000
DA:1048,1
DA:1049,1
DA:1050,1
DA:1054,71020
DA:1057,198
DA:1059,6643
DA:1060,6643
DA:1062,6643
DA:1064,6643
DA:1068,6643
DA:1069,6643
DA:1071,6642
DA:1073,0
DA:1074,0
DA:1077,6642
DA:1080,1673759
DA:1087,1673759
DA:1092,1545985
DA:1094,1545985
DA:1097,1545870
DA:1098,1545870
DA:1105,127774
DA:1107,127774
DA:1110,127774
DA:1111,127774
DA:1112,127774
DA:1114,127774
DA:1115,127774
DA:1117,127774
DA:1120,127751
DA:1121,127751
DA:1122,127751
DA:1123,127751
DA:1129,6504
DA:1131,6504
DA:1133,196
DA:1134,196
DA:1137,6504
DA:1139,6502
DA:1145,198
DA:1147,202738
DA:1149,202738
DA:1150,202738
DA:1153,198
DA:1155,198
DA:1157,50312
DA:1160,198
DA:1161,198
DA:1163,198
DA:1165,198
DA:1167,198
DA:1169,197
DA:1171,197
DA:1175,2
DA:1176,2
DA:1178,2
DA:1180,1
DA:1184,1
DA:1190,1
DA:1193,197
DA:1195,197
DA:1197,196
DA:1199,196
DA:1201,196
DA:1203,196
DA:1205,196
DA:1207,49800
DA:1209,49800
DA:1211,17444
DA:1214,49800
DA:1216,17444
DA:1220,196
DA:1222,35868
DA:1224,35868
DA:1228,196
DA:1230,196
DA:1239,196
DA:1240,196
DA:1242,196
DA:1244,196
DA:1246,192
DA:1248,192
DA:1250,72307
DA:1252,72307
DA:1258,0
DA:1259,0
DA:1269,1
DA:1299,1
DA:1301,193
DA:1302,193
DA:1316,1
DA:1318,3
DA:1320,1
DA:1321,1
DA:1322,1
DA:1325,3
DA:1327,1
DA:1329,2
DA:1331,1
DA:1335,1
DA:1338,3
DA:1341,1
DA:1343,25164
DA:1344,25164
DA:1345,25164
DA:1379,1
DA:1381,25164
DA:1383,9
DA:1384,9
DA:1385,9
DA:1388,25164
DA:1390,32
DA:1391,32
DA:1394,25164
DA:1396,25164
DA:1398,25161
DA:1401,25164
DA:1423,25164
DA:1424,25164
DA:1425,25164
DA:1427,25164
DA:1429,25164
DA:1430,25164
DA:1431,25164
DA:1433,1
DA:1435,25169
DA:1437,2
DA:1438,2
DA:1440,2
DA:1441,2
DA:1443,2
DA:1444,2
DA:1447,2
DA:1450,25167
DA:1453,1
DA:1455,48783
DA:1457,48783
DA:1459,23621
DA:1460,23621
DA:1463,25162
DA:1465,25162
DA:1473,25162
DA:1475,0
DA:1476,0
DA:1479,25162
DA:1481,25162
DA:1484,25162
DA:1486,25162
DA:1491,1
DA:1493,25162
DA:1495,25157
DA:1498,5
DA:1500,5
DA:1502,5
DA:1503,5
DA:1507,25164
DA:1509,25164
DA:1511,2
DA:1512,2
DA:1515,25164
DA:1517,25162
DA:1519,25162
DA:1523,25164
DA:1525,25164
DA:1527,9
DA:1530,25155
DA:1532,25153
DA:1536,1
DA:1538,72609
DA:1540,287
DA:1541,287
DA:1542,287
DA:1545,72322
DA:1553,1
DA:1555,226
DA:1557,30
DA:1559,30
DA:1561,30
DA:1563,196
DA:1565,196
DA:1567,192
DA:1568,192
DA:1571,196
DA:1573,54
DA:1574,54
DA:1577,196
DA:1579,195
DA:1581,195
DA:1585,0
DA:1593,1
DA:1595,72413
DA:1597,72413
DA:1599,233
DA:1603,72180
DA:1610,1
DA:1612,105
DA:1613,105
DA:1616,1
LF:494
LH:484
BRDA:332,1,0,198
BRDA:332,1,1,0
BRDA:334,2,0,198
BRDA:334,2,1,1
BRDA:341,3,0,196
BRDA:341,3,1,2
BRDA:342,4,0,198
BRDA:342,4,1,197
BRDA:344,5,0,198
BRDA:344,5,1,192
BRDA:345,6,0,198
BRDA:345,6,1,192
BRDA:346,7,0,198
BRDA:346,7,1,197
BRDA:348,8,0,198
BRDA:348,8,1,198
BRDA:350,9,0,198
BRDA:350,9,1,197
BRDA:352,10,0,198
BRDA:352,10,1,197
BRDA:353,11,0,198
BRDA:353,11,1,196
BRDA:355,12,0,198
BRDA:355,12,1,192
BRDA:356,13,0,198
BRDA:356,13,1,129
BRDA:358,14,0,198
BRDA:358,14,1,197
BRDA:359,15,0,198
BRDA:359,15,1,197
BRDA:362,16,0,1
BRDA:362,16,1,197
BRDA:368,17,0,196
BRDA:368,17,1,2
BRDA:369,18,0,197
BRDA:369,18,1,1
BRDA:371,19,0,196
BRDA:371,19,1,2
BRDA:395,20,0,198
BRDA:395,20,1,194
BRDA:402,21,0,92955
BRDA:402,21,1,333997
BRDA:408,22,0,45603
BRDA:408,22,1,30
BRDA:415,23,0,0
BRDA:415,23,1,92955
BRDA:415,24,0,92955
BRDA:415,24,1,47352
BRDA:430,25,0,196
BRDA:430,25,1,2411494
BRDA:430,26,0,2411690
BRDA:430,26,1,199
BRDA:442,27,0,97216
BRDA:442,27,1,47301
BRDA:453,28,0,74667
BRDA:453,28,1,2
BRDA:463,29,0,0
BRDA:463,29,1,74669
BRDA:466,30,0,0
BRDA:466,30,1,74669
BRDA:476,31,0,74664
BRDA:476,31,1,5
BRDA:488,32,0,0
BRDA:488,32,1,5
BRDA:501,33,0,23647
BRDA:501,33,1,24699
BRDA:509,34,0,24699
BRDA:509,34,1,0
BRDA:509,35,0,24699
BRDA:509,35,1,24699
BRDA:520,36,0,17
BRDA:520,36,1,35
BRDA:528,37,0,35
BRDA:528,37,1,35
BRDA:541,38,0,1
BRDA:541,38,1,18
BRDA:541,39,0,19
BRDA:541,39,1,1
BRDA:546,40,0,18
BRDA:546,40,1,1
BRDA:548,41,0,18
BRDA:548,41,1,18
BRDA:555,42,0,0
BRDA:555,42,1,1
BRDA:555,43,0,1
BRDA:555,43,1,0
BRDA:560,44,0,1
BRDA:560,44,1,1
BRDA:560,44,2,1
BRDA:569,45,0,0
BRDA:569,45,1,24649
BRDA:578,46,0,74717
BRDA:578,46,1,5
BRDA:579,47,0,50007
BRDA:579,47,1,24715
BRDA:579,48,0,74722
BRDA:579,48,1,24715
BRDA:586,49,0,12
BRDA:586,49,1,74740
BRDA:593,50,0,51
BRDA:593,50,1,74701
BRDA:593,51,0,74752
BRDA:593,51,1,74730
BRDA:599,52,0,84
BRDA:599,52,1,24631
BRDA:619,53,0,12
BRDA:619,53,1,21
BRDA:624,54,0,4
BRDA:624,54,1,29
BRDA:632,55,0,71
BRDA:632,55,1,2
BRDA:636,56,0,16
BRDA:636,56,1,55
BRDA:638,57,0,4
BRDA:638,57,1,12
BRDA:655,58,0,1
BRDA:655,58,1,1
BRDA:666,59,0,2
BRDA:666,59,1,31
BRDA:675,60,0,14
BRDA:675,60,1,16
BRDA:689,61,0,16
BRDA:689,61,1,19
BRDA:700,62,0,11
BRDA:700,62,1,20
BRDA:710,63,0,34
BRDA:710,63,1,24631
BRDA:716,64,0,33
BRDA:716,64,1,24630
BRDA:722,65,0,2
BRDA:722,65,1,24628
BRDA:732,66,0,12
BRDA:732,66,1,2
BRDA:735,67,0,1
BRDA:735,67,1,1
BRDA:747,68,0,42
BRDA:747,68,1,24650
BRDA:753,69,0,24624
BRDA:753,69,1,26
BRDA:764,70,0,13
BRDA:764,70,1,24702
BRDA:766,71,0,0
BRDA:766,71,1,13
BRDA:770,72,0,0
BRDA:770,72,1,24702
BRDA:772,73,0,71
BRDA:772,73,1,24631
BRDA:776,74,0,33
BRDA:776,74,1,38
BRDA:776,75,0,71
BRDA:776,75,1,38
BRDA:795,76,0,34
BRDA:795,76,1,34
BRDA:803,77,0,34
BRDA:803,77,1,0
BRDA:827,78,0,1
BRDA:827,78,1,197
BRDA:838,79,0,2
BRDA:838,79,1,74720
BRDA:857,80,0,0
BRDA:857,80,1,145640
BRDA:858,81,0,0
BRDA:858,81,1,145640
BRDA:867,82,0,46090
BRDA:867,82,1,99531
BRDA:867,83,0,145621
BRDA:867,83,1,99533
BRDA:876,84,0,103
BRDA:876,84,1,145518
BRDA:876,85,0,145621
BRDA:876,85,1,145519
BRDA:876,85,2,104
BRDA:884,86,0,46088
BRDA:884,86,1,99552
BRDA:893,87,0,46086
BRDA:893,87,1,2
BRDA:907,88,0,99552
BRDA:907,88,1,99548
BRDA:909,89,0,74666
BRDA:909,89,1,24886
BRDA:919,90,0,104
BRDA:919,90,1,99448
BRDA:921,91,0,11
BRDA:921,91,1,93
BRDA:930,92,0,6
BRDA:930,92,1,87
BRDA:934,93,0,3
BRDA:934,93,1,84
BRDA:936,94,0,3
BRDA:936,94,1,0
BRDA:941,95,0,81
BRDA:941,95,1,3
BRDA:951,96,0,74640
BRDA:951,96,1,24808
BRDA:957,97,0,2
BRDA:957,97,1,74638
BRDA:977,98,0,145561
BRDA:977,98,1,145556
BRDA:979,99,0,70892
BRDA:979,99,1,74669
BRDA:993,100,0,0
BRDA:993,100,1,144561
BRDA:997,101,0,0
BRDA:997,101,1,144561
BRDA:1009,102,0,119
BRDA:1009,102,1,1673621
BRDA:1013,103,0,1602738
BRDA:1013,103,1,71021
BRDA:1020,104,0,1
BRDA:1020,104,1,71020
BRDA:1034,105,0,1
BRDA:1034,105,1,71020
BRDA:1034,106,0,71021
BRDA:1034,106,1,1
BRDA:1060,107,0,0
BRDA:1060,107,1,6643
BRDA:1069,108,0,1
BRDA:1069,108,1,6642
BRDA:1071,109,0,0
BRDA:1071,109,1,6642
BRDA:1071,110,0,6642
BRDA:1071,110,1,6642
BRDA:1087,111,0,1545985
BRDA:1087,111,1,127774
BRDA:1111,112,0,0
BRDA:1111,112,1,127774
BRDA:1112,113,0,0
BRDA:1112,113,1,127774
BRDA:1129,114,0,0
BRDA:1129,114,1,6504
BRDA:1131,115,0,196
BRDA:1131,115,1,6308
BRDA:1137,116,0,6502
BRDA:1137,116,1,2
BRDA:1147,117,0,201715
BRDA:1147,117,1,1023
BRDA:1167,118,0,197
BRDA:1167,118,1,1
BRDA:1178,119,0,1
BRDA:1178,119,1,1
BRDA:1180,120,0,1
BRDA:1180,120,1,0
BRDA:1195,121,0,1
BRDA:1195,121,1,196
BRDA:1195,122,0,197
BRDA:1195,122,1,69
BRDA:1201,123,0,0
BRDA:1201,123,1,196
BRDA:1201,124,0,196
BRDA:1201,124,1,68
BRDA:1209,125,0,17444
BRDA:1209,125,1,32356
BRDA:1214,126,0,17444
BRDA:1214,126,1,32356
BRDA:1224,127,0,0
BRDA:1224,127,1,35868
BRDA:1224,128,0,35868
BRDA:1224,128,1,640
BRDA:1228,129,0,0
BRDA:1228,129,1,196
BRDA:1239,130,0,0
BRDA:1239,130,1,196
BRDA:1240,131,0,0
BRDA:1240,131,1,196
BRDA:1244,132,0,192
BRDA:1244,132,1,4
BRDA:1250,133,0,72307
BRDA:1250,133,1,0
BRDA:1302,134,0,23
BRDA:1302,134,1,170
BRDA:1318,135,0,1
BRDA:1318,135,1,2
BRDA:1325,136,0,1
BRDA:1325,136,1,2
BRDA:1329,137,0,1
BRDA:1329,137,1,1
BRDA:1338,138,0,3
BRDA:1338,138,1,0
BRDA:1381,139,0,9
BRDA:1381,139,1,25155
BRDA:1381,140,0,25164
BRDA:1381,140,1,9
BRDA:1388,141,0,32
BRDA:1388,141,1,25132
BRDA:1394,142,0,25164
BRDA:1394,142,1,38
BRDA:1396,143,0,25161
BRDA:1396,143,1,3
BRDA:1407,144,0,25164
BRDA:1407,144,1,63
BRDA:1407,145,0,23
BRDA:1407,145,1,40
BRDA:1411,146,0,5
BRDA:1411,146,1,25159
BRDA:1413,147,0,25
BRDA:1413,147,1,25139
BRDA:1421,148,0,25164
BRDA:1421,148,1,25164
BRDA:1424,149,0,25164
BRDA:1424,149,1,25164
BRDA:1425,150,0,25164
BRDA:1425,150,1,25164
BRDA:1431,151,0,24149
BRDA:1431,151,1,1015
BRDA:1435,152,0,2
BRDA:1435,152,1,25167
BRDA:1444,153,0,2
BRDA:1444,153,1,0
BRDA:1444,154,0,2
BRDA:1444,154,1,0
BRDA:1444,154,2,0
BRDA:1457,155,0,23621
BRDA:1457,155,1,25162
BRDA:1463,156,0,0
BRDA:1463,156,1,25162
BRDA:1481,157,0,25152
BRDA:1481,157,1,10
BRDA:1481,158,0,25162
BRDA:1481,158,1,25152
BRDA:1493,159,0,25157
BRDA:1493,159,1,5
BRDA:1502,160,0,0
BRDA:1502,160,1,5
BRDA:1517,161,0,25162
BRDA:1517,161,1,0
BRDA:1525,162,0,9
BRDA:1525,162,1,25155
BRDA:1525,163,0,25164
BRDA:1525,163,1,9
BRDA:1538,164,0,287
BRDA:1538,164,1,72322
BRDA:1555,165,0,30
BRDA:1555,165,1,196
BRDA:1557,166,0,30
BRDA:1557,166,1,0
BRDA:1565,167,0,192
BRDA:1565,167,1,4
BRDA:1571,168,0,54
BRDA:1571,168,1,142
BRDA:1577,169,0,195
BRDA:1577,169,1,1
BRDA:1579,170,0,195
BRDA:1579,170,1,0
BRDA:1595,171,0,0
BRDA:1595,171,1,72413
BRDA:1597,172,0,233
BRDA:1597,172,1,72180
BRF:347
BRH:308
end_of_record
